[log] Session started — 2026-03-28T22:02:25Z
[log] Log file: /c/GIT PROJECTS/MasterRepoRefactor/Logs/setup/setup_20260328_180225.log
================================================================
  MasterRepo Setup
  Repo     : /c/GIT PROJECTS/MasterRepoRefactor
  Build dir: /c/GIT PROJECTS/MasterRepoRefactor/Build
================================================================

[setup] Build directory already exists: /c/GIT PROJECTS/MasterRepoRefactor/Build

──────────────────────────────────────────────────────────────
  [2026-03-28T22:02:25Z] CMake Configure
──────────────────────────────────────────────────────────────
[setup] Running CMake configure (Debug, tests enabled) ...
-- Selecting Windows SDK version 10.0.26100.0 to target Windows 10.0.19045.
CMake Deprecation Warning at Build/_deps/glm-src/CMakeLists.txt:1 (cmake_minimum_required):
  Compatibility with CMake < 3.10 will be removed from a future version of
  CMake.

  Update the VERSION argument <min> value.  Or, use the <min>...<max> syntax
  to tell CMake that the project requires at least <min> but has been updated
  to work with policies introduced by <max> or earlier.


CMake Deprecation Warning at Build/_deps/glm-src/CMakeLists.txt:2 (cmake_policy):
  Compatibility with CMake < 3.10 will be removed from a future version of
  CMake.

  Update the VERSION argument <min> value.  Or, use the <min>...<max> syntax
  to tell CMake that the project requires at least <min> but has been updated
  to work with policies introduced by <max> or earlier.


-- GLM: Version 1.0.1
-- GLM: Build with C++ features auto detection
-- Including Win32 support
CMake Deprecation Warning at Build/_deps/glew-src/CMakeLists.txt:1 (cmake_minimum_required):
  Compatibility with CMake < 3.10 will be removed from a future version of
  CMake.

  Update the VERSION argument <min> value.  Or, use the <min>...<max> syntax
  to tell CMake that the project requires at least <min> but has been updated
  to work with policies introduced by <max> or earlier.


-- Shared: AtlasBridgeContract configured
-- Shared: MasterLogger (header-only) configured
-- AtlasCore: configured
-- AtlasEngine: configured
-- AtlasRuntime: configured
-- AtlasEditor: configured
-- AtlasUI: configured
-- Atlas: modules configured
-- NovaForgeGameplay: configured
-- NovaForgeWorld: configured
-- NovaForgeSave: configured
-- NovaForgeUI: configured
-- NovaForgeApp: configured
-- NovaForge Client: configured
-- NovaForge Server: configured
-- NovaForge: modules configured
-- AtlasBuildService: configured
-- AtlasAssetService: configured
-- AtlasWorldService: configured
-- AtlasSessionService: configured
-- AtlasTelemetryService: configured
-- Services: configured
-- Tests/Integration: configured
-- Tests/BuildVerification: configured
-- Tests/Tooling: configured
-- Tests: configured
-- Configuring done (2.8s)
-- Generating done (5.3s)
-- Build files have been written to: C:/GIT PROJECTS/MasterRepoRefactor/Build

================================================================
  Setup complete.

  To build:      ./Scripts/Build/build.sh
  To test:       ./Scripts/Build/test.sh
  To clean:      ./Scripts/Build/clean.sh
  To build+test: ./Scripts/CI/ci_build.sh
================================================================
