[log] Session started — 2026-03-29T05:14:03Z
[log] Log file: /c/GIT PROJECTS/MasterRepoRefactor/Logs/setup/setup_20260329_011403.log
================================================================
  MasterRepo Bootstrap
  Repo: /c/GIT PROJECTS/MasterRepoRefactor
================================================================


──────────────────────────────────────────────────────────────
  [2026-03-29T05:14:03Z] Dependency Check
──────────────────────────────────────────────────────────────
  [OK]    cmake 4.2.3
  [ERROR] C++ compiler (g++ or clang++ required)
  [OK]    python3 Python 3.13.12
  [OK]    dotnet 9.0.312

  Missing tools: g++

  [WARN]  apt-get not available. Please install missing tools manually.

================================================================
  Next steps:

    1. Configure and build:
         ./Scripts/Setup/setup.sh

    2. Or build manually:
         ./Scripts/Build/build.sh --config Debug --tests

    3. Run tests:
         ./Scripts/Build/test.sh

    4. Run CI validation:
         ./Scripts/CI/ci_validate.sh
================================================================
