[log] Session started — 2026-03-28T22:25:24Z
[log] Log file: /c/GIT PROJECTS/MasterRepoRefactor/Logs/build/build_20260328_182524.log
================================================================
  MasterRepo Build
  Config  : Release
  Jobs    : 8
  Tests   : ON
  Bridge  : OFF
  BuildDir: /c/GIT PROJECTS/MasterRepoRefactor/Build
================================================================

──────────────────────────────────────────────────────────────
  [2026-03-28T22:25:24Z] CMake Configure
──────────────────────────────────────────────────────────────
[cmake] Configuring ...
-- Building for: Visual Studio 17 2022
-- Selecting Windows SDK version 10.0.26100.0 to target Windows 10.0.19045.
-- The CXX compiler identification is MSVC 19.38.33145.0
-- The C compiler identification is MSVC 19.38.33145.0
-- Detecting CXX compiler ABI info
-- Detecting CXX compiler ABI info - done
-- Check for working CXX compiler: C:/Program Files/Microsoft Visual Studio/2022/Community/VC/Tools/MSVC/14.38.33130/bin/Hostx64/x64/cl.exe - skipped
-- Detecting CXX compile features
-- Detecting CXX compile features - done
-- Detecting C compiler ABI info
-- Detecting C compiler ABI info - done
-- Check for working C compiler: C:/Program Files/Microsoft Visual Studio/2022/Community/VC/Tools/MSVC/14.38.33130/bin/Hostx64/x64/cl.exe - skipped
-- Detecting C compile features
-- Detecting C compile features - done
CMake Deprecation Warning at Build/_deps/glm-src/CMakeLists.txt:1 (cmake_minimum_required):
  Compatibility with CMake < 3.10 will be removed from a future version of
  CMake.

  Update the VERSION argument <min> value.  Or, use the <min>...<max> syntax
  to tell CMake that the project requires at least <min> but has been updated
  to work with policies introduced by <max> or earlier.


CMake Deprecation Warning at Build/_deps/glm-src/CMakeLists.txt:2 (cmake_policy):
  Compatibility with CMake < 3.10 will be removed from a future version of
  CMake.

  Update the VERSION argument <min> value.  Or, use the <min>...<max> syntax
  to tell CMake that the project requires at least <min> but has been updated
  to work with policies introduced by <max> or earlier.


-- GLM: Version 1.0.1
-- GLM: Build with C++ features auto detection
-- Performing Test CMAKE_HAVE_LIBC_PTHREAD
-- Performing Test CMAKE_HAVE_LIBC_PTHREAD - Failed
-- Looking for pthread_create in pthreads
-- Looking for pthread_create in pthreads - not found
-- Looking for pthread_create in pthread
-- Looking for pthread_create in pthread - not found
-- Found Threads: TRUE
-- Including Win32 support
CMake Deprecation Warning at Build/_deps/glew-src/CMakeLists.txt:1 (cmake_minimum_required):
  Compatibility with CMake < 3.10 will be removed from a future version of
  CMake.

  Update the VERSION argument <min> value.  Or, use the <min>...<max> syntax
  to tell CMake that the project requires at least <min> but has been updated
  to work with policies introduced by <max> or earlier.


-- Found OpenGL: opengl32
-- Shared: AtlasBridgeContract configured
-- Shared: MasterLogger (header-only) configured
-- AtlasCore: configured
-- AtlasEngine: configured
-- AtlasRuntime: configured
-- AtlasEditor: configured
-- AtlasUI: configured
-- Atlas: modules configured
-- NovaForgeGameplay: configured
-- NovaForgeWorld: configured
-- NovaForgeSave: configured
-- NovaForgeUI: configured
-- NovaForgeApp: configured
-- NovaForge Client: configured
-- NovaForge Server: configured
-- NovaForge: modules configured
-- AtlasBuildService: configured
-- AtlasAssetService: configured
-- AtlasWorldService: configured
-- AtlasSessionService: configured
-- AtlasTelemetryService: configured
-- Services: configured
-- Tests/Integration: configured
-- Tests/BuildVerification: configured
-- Tests/Tooling: configured
-- Tests: configured
-- Configuring done (10.3s)
-- Generating done (1.8s)
-- Build files have been written to: C:/GIT PROJECTS/MasterRepoRefactor/Build

──────────────────────────────────────────────────────────────
  [2026-03-28T22:25:36Z] CMake Build
──────────────────────────────────────────────────────────────
[cmake] Building with 8 jobs ...
MSBuild version 17.14.40+3e7442088 for .NET Framework

  1>Checking Build System
  Building Custom Rule C:/GIT PROJECTS/MasterRepoRefactor/Tests/BuildVerification/CMakeLists.txt
  bridge_types_compile_test.cpp
  glm.cpp
  AtlasCore_stub.cpp
  glew.c
  context.c
  App.cpp
  EngineKernel.cpp
  GameOrchestrator.cpp
  DataRegistry.cpp
  AtlasCore.vcxproj -> C:\GIT PROJECTS\MasterRepoRefactor\Build\Atlas\Core\Debug\AtlasCore.lib
  DevOverlayState.cpp
  ComponentRegistry.cpp
C:\GIT PROJECTS\MasterRepoRefactor\NovaForge\Server\Source\Core\App.cpp : error C1041: cannot open program database 'C:\GIT PROJECTS\MasterRepoRefactor\Build\NovaForge\Server\Debug\NovaForgeServer.pdb'; if multiple CL.EXE write to the same .PDB file, please use /FS [C:\GIT PROJECTS\MasterRepoRefactor\Build\NovaForge\Server\NovaForgeServer.vcxproj]
C:\GIT PROJECTS\MasterRepoRefactor\NovaForge\Server\Source\Core\EngineKernel.cpp : error C1041: cannot open program database 'C:\GIT PROJECTS\MasterRepoRefactor\Build\NovaForge\Server\Debug\NovaForgeServer.pdb'; if multiple CL.EXE write to the same .PDB file, please use /FS [C:\GIT PROJECTS\MasterRepoRefactor\Build\NovaForge\Server\NovaForgeServer.vcxproj]
C:\GIT PROJECTS\MasterRepoRefactor\NovaForge\Server\Source\Core\GameOrchestrator.cpp : error C1041: cannot open program database 'C:\GIT PROJECTS\MasterRepoRefactor\Build\NovaForge\Server\Debug\NovaForgeServer.pdb'; if multiple CL.EXE write to the same .PDB file, please use /FS [C:\GIT PROJECTS\MasterRepoRefactor\Build\NovaForge\Server\NovaForgeServer.vcxproj]
  init.c
C:\GIT PROJECTS\MasterRepoRefactor\NovaForge\Server\Source\Data\DataRegistry.cpp : error C1041: cannot open program database 'C:\GIT PROJECTS\MasterRepoRefactor\Build\NovaForge\Server\Debug\NovaForgeServer.pdb'; if multiple CL.EXE write to the same .PDB file, please use /FS [C:\GIT PROJECTS\MasterRepoRefactor\Build\NovaForge\Server\NovaForgeServer.vcxproj]
C:\GIT PROJECTS\MasterRepoRefactor\NovaForge\Server\Source\Debug\DevOverlayState.cpp : error C1041: cannot open program database 'C:\GIT PROJECTS\MasterRepoRefactor\Build\NovaForge\Server\Debug\NovaForgeServer.pdb'; if multiple CL.EXE write to the same .PDB file, please use /FS [C:\GIT PROJECTS\MasterRepoRefactor\Build\NovaForge\Server\NovaForgeServer.vcxproj]
C:\GIT PROJECTS\MasterRepoRefactor\NovaForge\Server\Source\Entity\ComponentRegistry.cpp : error C1041: cannot open program database 'C:\GIT PROJECTS\MasterRepoRefactor\Build\NovaForge\Server\Debug\NovaForgeServer.pdb'; if multiple CL.EXE write to the same .PDB file, please use /FS [C:\GIT PROJECTS\MasterRepoRefactor\Build\NovaForge\Server\NovaForgeServer.vcxproj]
  EntityRegistry.cpp
C:\GIT PROJECTS\MasterRepoRefactor\NovaForge\Server\Source\Entity\EntityRegistry.cpp : error C1041: cannot open program database 'C:\GIT PROJECTS\MasterRepoRefactor\Build\NovaForge\Server\Debug\NovaForgeServer.pdb'; if multiple CL.EXE write to the same .PDB file, please use /FS [C:\GIT PROJECTS\MasterRepoRefactor\Build\NovaForge\Server\NovaForgeServer.vcxproj]
  VerticalSliceBootstrap.cpp
C:\GIT PROJECTS\MasterRepoRefactor\NovaForge\Server\Source\Game\VerticalSliceBootstrap.cpp : error C1041: cannot open program database 'C:\GIT PROJECTS\MasterRepoRefactor\Build\NovaForge\Server\Debug\NovaForgeServer.pdb'; if multiple CL.EXE write to the same .PDB file, please use /FS [C:\GIT PROJECTS\MasterRepoRefactor\Build\NovaForge\Server\NovaForgeServer.vcxproj]
  AirlockController.cpp
C:\GIT PROJECTS\MasterRepoRefactor\NovaForge\Server\Source\Gameplay\Airlock\AirlockController.cpp : error C1041: cannot open program database 'C:\GIT PROJECTS\MasterRepoRefactor\Build\NovaForge\Server\Debug\NovaForgeServer.pdb'; if multiple CL.EXE write to the same .PDB file, please use /FS [C:\GIT PROJECTS\MasterRepoRefactor\Build\NovaForge\Server\NovaForgeServer.vcxproj]
  AnomalySystem.cpp
C:\GIT PROJECTS\MasterRepoRefactor\NovaForge\Server\Source\Gameplay\Anomalies\AnomalySystem.cpp : error C1041: cannot open program database 'C:\GIT PROJECTS\MasterRepoRefactor\Build\NovaForge\Server\Debug\NovaForgeServer.pdb'; if multiple CL.EXE write to the same .PDB file, please use /FS [C:\GIT PROJECTS\MasterRepoRefactor\Build\NovaForge\Server\NovaForgeServer.vcxproj]
  ContractBoardSystem.cpp
C:\GIT PROJECTS\MasterRepoRefactor\NovaForge\Server\Source\Gameplay\Contracts\ContractBoardSystem.cpp : error C1041: cannot open program database 'C:\GIT PROJECTS\MasterRepoRefactor\Build\NovaForge\Server\Debug\NovaForgeServer.pdb'; if multiple CL.EXE write to the same .PDB file, please use /FS [C:\GIT PROJECTS\MasterRepoRefactor\Build\NovaForge\Server\NovaForgeServer.vcxproj]
  CraftingSystem.cpp
C:\GIT PROJECTS\MasterRepoRefactor\NovaForge\Server\Source\Gameplay\CraftingSystem.cpp : error C1041: cannot open program database 'C:\GIT PROJECTS\MasterRepoRefactor\Build\NovaForge\Server\Debug\NovaForgeServer.pdb'; if multiple CL.EXE write to the same .PDB file, please use /FS [C:\GIT PROJECTS\MasterRepoRefactor\Build\NovaForge\Server\NovaForgeServer.vcxproj]
  EVAMovementController.cpp
C:\GIT PROJECTS\MasterRepoRefactor\NovaForge\Server\Source\Gameplay\EVA\EVAMovementController.cpp : error C1041: cannot open program database 'C:\GIT PROJECTS\MasterRepoRefactor\Build\NovaForge\Server\Debug\NovaForgeServer.pdb'; if multiple CL.EXE write to the same .PDB file, please use /FS [C:\GIT PROJECTS\MasterRepoRefactor\Build\NovaForge\Server\NovaForgeServer.vcxproj]
  EVATransitionController.cpp
C:\GIT PROJECTS\MasterRepoRefactor\NovaForge\Server\Source\Gameplay\EVA\EVATransitionController.cpp : error C1041: cannot open program database 'C:\GIT PROJECTS\MasterRepoRefactor\Build\NovaForge\Server\Debug\NovaForgeServer.pdb'; if multiple CL.EXE write to the same .PDB file, please use /FS [C:\GIT PROJECTS\MasterRepoRefactor\Build\NovaForge\Server\NovaForgeServer.vcxproj]
  EconomySystem.cpp
C:\GIT PROJECTS\MasterRepoRefactor\NovaForge\Server\Source\Gameplay\Economy\EconomySystem.cpp : error C1041: cannot open program database 'C:\GIT PROJECTS\MasterRepoRefactor\Build\NovaForge\Server\Debug\NovaForgeServer.pdb'; if multiple CL.EXE write to the same .PDB file, please use /FS [C:\GIT PROJECTS\MasterRepoRefactor\Build\NovaForge\Server\NovaForgeServer.vcxproj]
  EndgameGateSystem.cpp
C:\GIT PROJECTS\MasterRepoRefactor\NovaForge\Server\Source\Gameplay\Endgame\EndgameGateSystem.cpp : error C1041: cannot open program database 'C:\GIT PROJECTS\MasterRepoRefactor\Build\NovaForge\Server\Debug\NovaForgeServer.pdb'; if multiple CL.EXE write to the same .PDB file, please use /FS [C:\GIT PROJECTS\MasterRepoRefactor\Build\NovaForge\Server\NovaForgeServer.vcxproj]
  SurvivalController.cpp
C:\GIT PROJECTS\MasterRepoRefactor\NovaForge\Server\Source\Gameplay\Environment\SurvivalController.cpp : error C1041: cannot open program database 'C:\GIT PROJECTS\MasterRepoRefactor\Build\NovaForge\Server\Debug\NovaForgeServer.pdb'; if multiple CL.EXE write to the same .PDB file, please use /FS [C:\GIT PROJECTS\MasterRepoRefactor\Build\NovaForge\Server\NovaForgeServer.vcxproj]
  FactionSystem.cpp
C:\GIT PROJECTS\MasterRepoRefactor\NovaForge\Server\Source\Gameplay\Factions\FactionSystem.cpp : error C1041: cannot open program database 'C:\GIT PROJECTS\MasterRepoRefactor\Build\NovaForge\Server\Debug\NovaForgeServer.pdb'; if multiple CL.EXE write to the same .PDB file, please use /FS [C:\GIT PROJECTS\MasterRepoRefactor\Build\NovaForge\Server\NovaForgeServer.vcxproj]
  FleetSystem.cpp
C:\GIT PROJECTS\MasterRepoRefactor\NovaForge\Server\Source\Gameplay\Fleet\FleetSystem.cpp : error C1041: cannot open program database 'C:\GIT PROJECTS\MasterRepoRefactor\Build\NovaForge\Server\Debug\NovaForgeServer.pdb'; if multiple CL.EXE write to the same .PDB file, please use /FS [C:\GIT PROJECTS\MasterRepoRefactor\Build\NovaForge\Server\NovaForgeServer.vcxproj]
  GameplayManager.cpp
C:\GIT PROJECTS\MasterRepoRefactor\NovaForge\Server\Source\Gameplay\GameplayManager.cpp : error C1041: cannot open program database 'C:\GIT PROJECTS\MasterRepoRefactor\Build\NovaForge\Server\Debug\NovaForgeServer.pdb'; if multiple CL.EXE write to the same .PDB file, please use /FS [C:\GIT PROJECTS\MasterRepoRefactor\Build\NovaForge\Server\NovaForgeServer.vcxproj]
  Generating Code...
  Compiling...
  GameplaySessionController.cpp
C:\GIT PROJECTS\MasterRepoRefactor\NovaForge\Server\Source\Gameplay\GameplaySessionController.cpp : error C1041: cannot open program database 'C:\GIT PROJECTS\MasterRepoRefactor\Build\NovaForge\Server\Debug\NovaForgeServer.pdb'; if multiple CL.EXE write to the same .PDB file, please use /FS [C:\GIT PROJECTS\MasterRepoRefactor\Build\NovaForge\Server\NovaForgeServer.vcxproj]
  ExteriorInteractionSystem.cpp
C:\GIT PROJECTS\MasterRepoRefactor\NovaForge\Server\Source\Gameplay\Interaction\ExteriorInteractionSystem.cpp : error C1041: cannot open program database 'C:\GIT PROJECTS\MasterRepoRefactor\Build\NovaForge\Server\Debug\NovaForgeServer.pdb'; if multiple CL.EXE write to the same .PDB file, please use /FS [C:\GIT PROJECTS\MasterRepoRefactor\Build\NovaForge\Server\NovaForgeServer.vcxproj]
  InteractionSystem.cpp
C:\GIT PROJECTS\MasterRepoRefactor\NovaForge\Server\Source\Gameplay\InteractionSystem.cpp : error C1041: cannot open program database 'C:\GIT PROJECTS\MasterRepoRefactor\Build\NovaForge\Server\Debug\NovaForgeServer.pdb'; if multiple CL.EXE write to the same .PDB file, please use /FS [C:\GIT PROJECTS\MasterRepoRefactor\Build\NovaForge\Server\NovaForgeServer.vcxproj]
  InteriorInteractionSystem.cpp
C:\GIT PROJECTS\MasterRepoRefactor\NovaForge\Server\Source\Gameplay\InteriorInteractionSystem.cpp : error C1041: cannot open program database 'C:\GIT PROJECTS\MasterRepoRefactor\Build\NovaForge\Server\Debug\NovaForgeServer.pdb'; if multiple CL.EXE write to the same .PDB file, please use /FS [C:\GIT PROJECTS\MasterRepoRefactor\Build\NovaForge\Server\NovaForgeServer.vcxproj]
  InventorySystem.cpp
C:\GIT PROJECTS\MasterRepoRefactor\NovaForge\Server\Source\Gameplay\InventorySystem.cpp : error C1041: cannot open program database 'C:\GIT PROJECTS\MasterRepoRefactor\Build\NovaForge\Server\Debug\NovaForgeServer.pdb'; if multiple CL.EXE write to the same .PDB file, please use /FS [C:\GIT PROJECTS\MasterRepoRefactor\Build\NovaForge\Server\NovaForgeServer.vcxproj]
  ManufacturingSystem.cpp
C:\GIT PROJECTS\MasterRepoRefactor\NovaForge\Server\Source\Gameplay\Manufacturing\ManufacturingSystem.cpp : error C1041: cannot open program database 'C:\GIT PROJECTS\MasterRepoRefactor\Build\NovaForge\Server\Debug\NovaForgeServer.pdb'; if multiple CL.EXE write to the same .PDB file, please use /FS [C:\GIT PROJECTS\MasterRepoRefactor\Build\NovaForge\Server\NovaForgeServer.vcxproj]
  MetaProgressionSystem.cpp
C:\GIT PROJECTS\MasterRepoRefactor\NovaForge\Server\Source\Gameplay\Meta\MetaProgressionSystem.cpp : error C1041: cannot open program database 'C:\GIT PROJECTS\MasterRepoRefactor\Build\NovaForge\Server\Debug\NovaForgeServer.pdb'; if multiple CL.EXE write to the same .PDB file, please use /FS [C:\GIT PROJECTS\MasterRepoRefactor\Build\NovaForge\Server\NovaForgeServer.vcxproj]
  MiningSystem.cpp
C:\GIT PROJECTS\MasterRepoRefactor\NovaForge\Server\Source\Gameplay\Mining\MiningSystem.cpp : error C1041: cannot open program database 'C:\GIT PROJECTS\MasterRepoRefactor\Build\NovaForge\Server\Debug\NovaForgeServer.pdb'; if multiple CL.EXE write to the same .PDB file, please use /FS [C:\GIT PROJECTS\MasterRepoRefactor\Build\NovaForge\Server\NovaForgeServer.vcxproj]
  MissionSystem.cpp
C:\GIT PROJECTS\MasterRepoRefactor\NovaForge\Server\Source\Gameplay\MissionSystem.cpp : error C1041: cannot open program database 'C:\GIT PROJECTS\MasterRepoRefactor\Build\NovaForge\Server\Debug\NovaForgeServer.pdb'; if multiple CL.EXE write to the same .PDB file, please use /FS [C:\GIT PROJECTS\MasterRepoRefactor\Build\NovaForge\Server\NovaForgeServer.vcxproj]
  PlayerController.cpp
C:\GIT PROJECTS\MasterRepoRefactor\NovaForge\Server\Source\Gameplay\PlayerController.cpp : error C1041: cannot open program database 'C:\GIT PROJECTS\MasterRepoRefactor\Build\NovaForge\Server\Debug\NovaForgeServer.pdb'; if multiple CL.EXE write to the same .PDB file, please use /FS [C:\GIT PROJECTS\MasterRepoRefactor\Build\NovaForge\Server\NovaForgeServer.vcxproj]
  ProgressionSystem.cpp
C:\GIT PROJECTS\MasterRepoRefactor\NovaForge\Server\Source\Gameplay\Progression\ProgressionSystem.cpp : error C1041: cannot open program database 'C:\GIT PROJECTS\MasterRepoRefactor\Build\NovaForge\Server\Debug\NovaForgeServer.pdb'; if multiple CL.EXE write to the same .PDB file, please use /FS [C:\GIT PROJECTS\MasterRepoRefactor\Build\NovaForge\Server\NovaForgeServer.vcxproj]
  SalvageSystem.cpp
C:\GIT PROJECTS\MasterRepoRefactor\NovaForge\Server\Source\Gameplay\Salvage\SalvageSystem.cpp : error C1041: cannot open program database 'C:\GIT PROJECTS\MasterRepoRefactor\Build\NovaForge\Server\Debug\NovaForgeServer.pdb'; if multiple CL.EXE write to the same .PDB file, please use /FS [C:\GIT PROJECTS\MasterRepoRefactor\Build\NovaForge\Server\NovaForgeServer.vcxproj]
  SeasonResetSystem.cpp
C:\GIT PROJECTS\MasterRepoRefactor\NovaForge\Server\Source\Gameplay\Season\SeasonResetSystem.cpp : error C1041: cannot open program database 'C:\GIT PROJECTS\MasterRepoRefactor\Build\NovaForge\Server\Debug\NovaForgeServer.pdb'; if multiple CL.EXE write to the same .PDB file, please use /FS [C:\GIT PROJECTS\MasterRepoRefactor\Build\NovaForge\Server\NovaForgeServer.vcxproj]
  SectorSystem.cpp
C:\GIT PROJECTS\MasterRepoRefactor\NovaForge\Server\Source\Gameplay\Sectors\SectorSystem.cpp : error C1041: cannot open program database 'C:\GIT PROJECTS\MasterRepoRefactor\Build\NovaForge\Server\Debug\NovaForgeServer.pdb'; if multiple CL.EXE write to the same .PDB file, please use /FS [C:\GIT PROJECTS\MasterRepoRefactor\Build\NovaForge\Server\NovaForgeServer.vcxproj]
  ServiceTerminalSystem.cpp
C:\GIT PROJECTS\MasterRepoRefactor\NovaForge\Server\Source\Gameplay\Services\ServiceTerminalSystem.cpp : error C1041: cannot open program database 'C:\GIT PROJECTS\MasterRepoRefactor\Build\NovaForge\Server\Debug\NovaForgeServer.pdb'; if multiple CL.EXE write to the same .PDB file, please use /FS [C:\GIT PROJECTS\MasterRepoRefactor\Build\NovaForge\Server\NovaForgeServer.vcxproj]
  ShipInteriorShell.cpp
C:\GIT PROJECTS\MasterRepoRefactor\NovaForge\Server\Source\Gameplay\ShipInteriorShell.cpp : error C1041: cannot open program database 'C:\GIT PROJECTS\MasterRepoRefactor\Build\NovaForge\Server\Debug\NovaForgeServer.pdb'; if multiple CL.EXE write to the same .PDB file, please use /FS [C:\GIT PROJECTS\MasterRepoRefactor\Build\NovaForge\Server\NovaForgeServer.vcxproj]
  ShipProgressionSystem.cpp
C:\GIT PROJECTS\MasterRepoRefactor\NovaForge\Server\Source\Gameplay\Ships\ShipProgressionSystem.cpp : error C1041: cannot open program database 'C:\GIT PROJECTS\MasterRepoRefactor\Build\NovaForge\Server\Debug\NovaForgeServer.pdb'; if multiple CL.EXE write to the same .PDB file, please use /FS [C:\GIT PROJECTS\MasterRepoRefactor\Build\NovaForge\Server\NovaForgeServer.vcxproj]
  StationServiceSystem.cpp
C:\GIT PROJECTS\MasterRepoRefactor\NovaForge\Server\Source\Gameplay\Stations\StationServiceSystem.cpp : error C1041: cannot open program database 'C:\GIT PROJECTS\MasterRepoRefactor\Build\NovaForge\Server\Debug\NovaForgeServer.pdb'; if multiple CL.EXE write to the same .PDB file, please use /FS [C:\GIT PROJECTS\MasterRepoRefactor\Build\NovaForge\Server\NovaForgeServer.vcxproj]
  StorageSystem.cpp
C:\GIT PROJECTS\MasterRepoRefactor\NovaForge\Server\Source\Gameplay\Storage\StorageSystem.cpp : error C1041: cannot open program database 'C:\GIT PROJECTS\MasterRepoRefactor\Build\NovaForge\Server\Debug\NovaForgeServer.pdb'; if multiple CL.EXE write to the same .PDB file, please use /FS [C:\GIT PROJECTS\MasterRepoRefactor\Build\NovaForge\Server\NovaForgeServer.vcxproj]
  TetherController.cpp
C:\GIT PROJECTS\MasterRepoRefactor\NovaForge\Server\Source\Gameplay\Tether\TetherController.cpp : error C1041: cannot open program database 'C:\GIT PROJECTS\MasterRepoRefactor\Build\NovaForge\Server\Debug\NovaForgeServer.pdb'; if multiple CL.EXE write to the same .PDB file, please use /FS [C:\GIT PROJECTS\MasterRepoRefactor\Build\NovaForge\Server\NovaForgeServer.vcxproj]
  Generating Code...
  Compiling...
  TitanConstructionSystem.cpp
C:\GIT PROJECTS\MasterRepoRefactor\NovaForge\Server\Source\Gameplay\Titan\TitanConstructionSystem.cpp : error C1041: cannot open program database 'C:\GIT PROJECTS\MasterRepoRefactor\Build\NovaForge\Server\Debug\NovaForgeServer.pdb'; if multiple CL.EXE write to the same .PDB file, please use /FS [C:\GIT PROJECTS\MasterRepoRefactor\Build\NovaForge\Server\NovaForgeServer.vcxproj]
  TradeSystem.cpp
C:\GIT PROJECTS\MasterRepoRefactor\NovaForge\Server\Source\Gameplay\Trade\TradeSystem.cpp : error C1041: cannot open program database 'C:\GIT PROJECTS\MasterRepoRefactor\Build\NovaForge\Server\Debug\NovaForgeServer.pdb'; if multiple CL.EXE write to the same .PDB file, please use /FS [C:\GIT PROJECTS\MasterRepoRefactor\Build\NovaForge\Server\NovaForgeServer.vcxproj]
  UpgradeSystem.cpp
C:\GIT PROJECTS\MasterRepoRefactor\NovaForge\Server\Source\Gameplay\Upgrades\UpgradeSystem.cpp : error C1041: cannot open program database 'C:\GIT PROJECTS\MasterRepoRefactor\Build\NovaForge\Server\Debug\NovaForgeServer.pdb'; if multiple CL.EXE write to the same .PDB file, please use /FS [C:\GIT PROJECTS\MasterRepoRefactor\Build\NovaForge\Server\NovaForgeServer.vcxproj]
  WarSystem.cpp
C:\GIT PROJECTS\MasterRepoRefactor\NovaForge\Server\Source\Gameplay\War\WarSystem.cpp : error C1041: cannot open program database 'C:\GIT PROJECTS\MasterRepoRefactor\Build\NovaForge\Server\Debug\NovaForgeServer.pdb'; if multiple CL.EXE write to the same .PDB file, please use /FS [C:\GIT PROJECTS\MasterRepoRefactor\Build\NovaForge\Server\NovaForgeServer.vcxproj]
  WorldSimController.cpp
C:\GIT PROJECTS\MasterRepoRefactor\NovaForge\Server\Source\Gameplay\WorldSim\WorldSimController.cpp : error C1041: cannot open program database 'C:\GIT PROJECTS\MasterRepoRefactor\Build\NovaForge\Server\Debug\NovaForgeServer.pdb'; if multiple CL.EXE write to the same .PDB file, please use /FS [C:\GIT PROJECTS\MasterRepoRefactor\Build\NovaForge\Server\NovaForgeServer.vcxproj]
  InputConfig.cpp
C:\GIT PROJECTS\MasterRepoRefactor\NovaForge\Server\Source\Input\InputConfig.cpp : error C1041: cannot open program database 'C:\GIT PROJECTS\MasterRepoRefactor\Build\NovaForge\Server\Debug\NovaForgeServer.pdb'; if multiple CL.EXE write to the same .PDB file, please use /FS [C:\GIT PROJECTS\MasterRepoRefactor\Build\NovaForge\Server\NovaForgeServer.vcxproj]
  InputRouter.cpp
C:\GIT PROJECTS\MasterRepoRefactor\NovaForge\Server\Source\Input\InputRouter.cpp : error C1041: cannot open program database 'C:\GIT PROJECTS\MasterRepoRefactor\Build\NovaForge\Server\Debug\NovaForgeServer.pdb'; if multiple CL.EXE write to the same .PDB file, please use /FS [C:\GIT PROJECTS\MasterRepoRefactor\Build\NovaForge\Server\NovaForgeServer.vcxproj]
  IntegrationCoordinator.cpp
C:\GIT PROJECTS\MasterRepoRefactor\NovaForge\Server\Source\Integration\IntegrationCoordinator.cpp : error C1041: cannot open program database 'C:\GIT PROJECTS\MasterRepoRefactor\Build\NovaForge\Server\Debug\NovaForgeServer.pdb'; if multiple CL.EXE write to the same .PDB file, please use /FS [C:\GIT PROJECTS\MasterRepoRefactor\Build\NovaForge\Server\NovaForgeServer.vcxproj]
  AIBridgeAdapter.cpp
C:\GIT PROJECTS\MasterRepoRefactor\NovaForge\Server\Source\LegacyAdapters\AI\AIBridgeAdapter.cpp : error C1041: cannot open program database 'C:\GIT PROJECTS\MasterRepoRefactor\Build\NovaForge\Server\Debug\NovaForgeServer.pdb'; if multiple CL.EXE write to the same .PDB file, please use /FS [C:\GIT PROJECTS\MasterRepoRefactor\Build\NovaForge\Server\NovaForgeServer.vcxproj]
  TaskParserBridge.cpp
C:\GIT PROJECTS\MasterRepoRefactor\NovaForge\Server\Source\LegacyAdapters\AI\TaskParserBridge.cpp : error C1041: cannot open program database 'C:\GIT PROJECTS\MasterRepoRefactor\Build\NovaForge\Server\Debug\NovaForgeServer.pdb'; if multiple CL.EXE write to the same .PDB file, please use /FS [C:\GIT PROJECTS\MasterRepoRefactor\Build\NovaForge\Server\NovaForgeServer.vcxproj]
  LegacySourceClassifier.cpp
C:\GIT PROJECTS\MasterRepoRefactor\NovaForge\Server\Source\LegacyAdapters\Core\LegacySourceClassifier.cpp : error C1041: cannot open program database 'C:\GIT PROJECTS\MasterRepoRefactor\Build\NovaForge\Server\Debug\NovaForgeServer.pdb'; if multiple CL.EXE write to the same .PDB file, please use /FS [C:\GIT PROJECTS\MasterRepoRefactor\Build\NovaForge\Server\NovaForgeServer.vcxproj]
  DataConversionUtils.cpp
C:\GIT PROJECTS\MasterRepoRefactor\NovaForge\Server\Source\LegacyAdapters\Data\DataConversionUtils.cpp : error C1041: cannot open program database 'C:\GIT PROJECTS\MasterRepoRefactor\Build\NovaForge\Server\Debug\NovaForgeServer.pdb'; if multiple CL.EXE write to the same .PDB file, please use /FS [C:\GIT PROJECTS\MasterRepoRefactor\Build\NovaForge\Server\NovaForgeServer.vcxproj]
  FactionAdapter.cpp
C:\GIT PROJECTS\MasterRepoRefactor\NovaForge\Server\Source\LegacyAdapters\Data\FactionAdapter.cpp : error C1041: cannot open program database 'C:\GIT PROJECTS\MasterRepoRefactor\Build\NovaForge\Server\Debug\NovaForgeServer.pdb'; if multiple CL.EXE write to the same .PDB file, please use /FS [C:\GIT PROJECTS\MasterRepoRefactor\Build\NovaForge\Server\NovaForgeServer.vcxproj]
  ItemAdapter.cpp
C:\GIT PROJECTS\MasterRepoRefactor\NovaForge\Server\Source\LegacyAdapters\Data\ItemAdapter.cpp : error C1041: cannot open program database 'C:\GIT PROJECTS\MasterRepoRefactor\Build\NovaForge\Server\Debug\NovaForgeServer.pdb'; if multiple CL.EXE write to the same .PDB file, please use /FS [C:\GIT PROJECTS\MasterRepoRefactor\Build\NovaForge\Server\NovaForgeServer.vcxproj]
  LegacyDataAdapter.cpp
C:\GIT PROJECTS\MasterRepoRefactor\NovaForge\Server\Source\LegacyAdapters\Data\LegacyDataAdapter.cpp : error C1041: cannot open program database 'C:\GIT PROJECTS\MasterRepoRefactor\Build\NovaForge\Server\Debug\NovaForgeServer.pdb'; if multiple CL.EXE write to the same .PDB file, please use /FS [C:\GIT PROJECTS\MasterRepoRefactor\Build\NovaForge\Server\NovaForgeServer.vcxproj]
  MissionAdapter.cpp
C:\GIT PROJECTS\MasterRepoRefactor\NovaForge\Server\Source\LegacyAdapters\Data\MissionAdapter.cpp : error C1041: cannot open program database 'C:\GIT PROJECTS\MasterRepoRefactor\Build\NovaForge\Server\Debug\NovaForgeServer.pdb'; if multiple CL.EXE write to the same .PDB file, please use /FS [C:\GIT PROJECTS\MasterRepoRefactor\Build\NovaForge\Server\NovaForgeServer.vcxproj]
  ModuleAdapter.cpp
C:\GIT PROJECTS\MasterRepoRefactor\NovaForge\Server\Source\LegacyAdapters\Data\ModuleAdapter.cpp : error C1041: cannot open program database 'C:\GIT PROJECTS\MasterRepoRefactor\Build\NovaForge\Server\Debug\NovaForgeServer.pdb'; if multiple CL.EXE write to the same .PDB file, please use /FS [C:\GIT PROJECTS\MasterRepoRefactor\Build\NovaForge\Server\NovaForgeServer.vcxproj]
  NovaForgeIngestionManifest.cpp
C:\GIT PROJECTS\MasterRepoRefactor\NovaForge\Server\Source\LegacyAdapters\Data\NovaForgeIngestionManifest.cpp : error C1041: cannot open program database 'C:\GIT PROJECTS\MasterRepoRefactor\Build\NovaForge\Server\Debug\NovaForgeServer.pdb'; if multiple CL.EXE write to the same .PDB file, please use /FS [C:\GIT PROJECTS\MasterRepoRefactor\Build\NovaForge\Server\NovaForgeServer.vcxproj]
  RecipeAdapter.cpp
C:\GIT PROJECTS\MasterRepoRefactor\NovaForge\Server\Source\LegacyAdapters\Data\RecipeAdapter.cpp : error C1041: cannot open program database 'C:\GIT PROJECTS\MasterRepoRefactor\Build\NovaForge\Server\Debug\NovaForgeServer.pdb'; if multiple CL.EXE write to the same .PDB file, please use /FS [C:\GIT PROJECTS\MasterRepoRefactor\Build\NovaForge\Server\NovaForgeServer.vcxproj]
  CraftingBridgeAdapter.cpp
C:\GIT PROJECTS\MasterRepoRefactor\NovaForge\Server\Source\LegacyAdapters\Gameplay\CraftingBridgeAdapter.cpp : error C1041: cannot open program database 'C:\GIT PROJECTS\MasterRepoRefactor\Build\NovaForge\Server\Debug\NovaForgeServer.pdb'; if multiple CL.EXE write to the same .PDB file, please use /FS [C:\GIT PROJECTS\MasterRepoRefactor\Build\NovaForge\Server\NovaForgeServer.vcxproj]
  Generating Code...
  Compiling...
  InteractionBridgeAdapter.cpp
C:\GIT PROJECTS\MasterRepoRefactor\NovaForge\Server\Source\LegacyAdapters\Gameplay\InteractionBridgeAdapter.cpp : error C1041: cannot open program database 'C:\GIT PROJECTS\MasterRepoRefactor\Build\NovaForge\Server\Debug\NovaForgeServer.pdb'; if multiple CL.EXE write to the same .PDB file, please use /FS [C:\GIT PROJECTS\MasterRepoRefactor\Build\NovaForge\Server\NovaForgeServer.vcxproj]
  InventoryBridgeAdapter.cpp
C:\GIT PROJECTS\MasterRepoRefactor\NovaForge\Server\Source\LegacyAdapters\Gameplay\InventoryBridgeAdapter.cpp : error C1041: cannot open program database 'C:\GIT PROJECTS\MasterRepoRefactor\Build\NovaForge\Server\Debug\NovaForgeServer.pdb'; if multiple CL.EXE write to the same .PDB file, please use /FS [C:\GIT PROJECTS\MasterRepoRefactor\Build\NovaForge\Server\NovaForgeServer.vcxproj]
  ToolingBridgeAdapter.cpp
C:\GIT PROJECTS\MasterRepoRefactor\NovaForge\Server\Source\LegacyAdapters\Tooling\ToolingBridgeAdapter.cpp : error C1041: cannot open program database 'C:\GIT PROJECTS\MasterRepoRefactor\Build\NovaForge\Server\Debug\NovaForgeServer.pdb'; if multiple CL.EXE write to the same .PDB file, please use /FS [C:\GIT PROJECTS\MasterRepoRefactor\Build\NovaForge\Server\NovaForgeServer.vcxproj]
  WorkspaceBridgeAdapter.cpp
C:\GIT PROJECTS\MasterRepoRefactor\NovaForge\Server\Source\LegacyAdapters\Tooling\WorkspaceBridgeAdapter.cpp : error C1041: cannot open program database 'C:\GIT PROJECTS\MasterRepoRefactor\Build\NovaForge\Server\Debug\NovaForgeServer.pdb'; if multiple CL.EXE write to the same .PDB file, please use /FS [C:\GIT PROJECTS\MasterRepoRefactor\Build\NovaForge\Server\NovaForgeServer.vcxproj]
  ModuleRegistry.cpp
C:\GIT PROJECTS\MasterRepoRefactor\NovaForge\Server\Source\Modules\ModuleRegistry.cpp : error C1041: cannot open program database 'C:\GIT PROJECTS\MasterRepoRefactor\Build\NovaForge\Server\Debug\NovaForgeServer.pdb'; if multiple CL.EXE write to the same .PDB file, please use /FS [C:\GIT PROJECTS\MasterRepoRefactor\Build\NovaForge\Server\NovaForgeServer.vcxproj]
  ModuleSubsystem.cpp
C:\GIT PROJECTS\MasterRepoRefactor\NovaForge\Server\Source\Modules\ModuleSubsystem.cpp : error C1041: cannot open program database 'C:\GIT PROJECTS\MasterRepoRefactor\Build\NovaForge\Server\Debug\NovaForgeServer.pdb'; if multiple CL.EXE write to the same .PDB file, please use /FS [C:\GIT PROJECTS\MasterRepoRefactor\Build\NovaForge\Server\NovaForgeServer.vcxproj]
  AsteroidFieldGenerator.cpp
C:\GIT PROJECTS\MasterRepoRefactor\NovaForge\Server\Source\PCG\Asteroid\AsteroidFieldGenerator.cpp : error C1041: cannot open program database 'C:\GIT PROJECTS\MasterRepoRefactor\Build\NovaForge\Server\Debug\NovaForgeServer.pdb'; if multiple CL.EXE write to the same .PDB file, please use /FS [C:\GIT PROJECTS\MasterRepoRefactor\Build\NovaForge\Server\NovaForgeServer.vcxproj]
  DerelictGenerator.cpp
C:\GIT PROJECTS\MasterRepoRefactor\NovaForge\Server\Source\PCG\Derelict\DerelictGenerator.cpp : error C1041: cannot open program database 'C:\GIT PROJECTS\MasterRepoRefactor\Build\NovaForge\Server\Debug\NovaForgeServer.pdb'; if multiple CL.EXE write to the same .PDB file, please use /FS [C:\GIT PROJECTS\MasterRepoRefactor\Build\NovaForge\Server\NovaForgeServer.vcxproj]
  Renderer.cpp
C:\GIT PROJECTS\MasterRepoRefactor\NovaForge\Server\Source\Rendering\Renderer.cpp : error C1041: cannot open program database 'C:\GIT PROJECTS\MasterRepoRefactor\Build\NovaForge\Server\Debug\NovaForgeServer.pdb'; if multiple CL.EXE write to the same .PDB file, please use /FS [C:\GIT PROJECTS\MasterRepoRefactor\Build\NovaForge\Server\NovaForgeServer.vcxproj]
  SaveManager.cpp
C:\GIT PROJECTS\MasterRepoRefactor\NovaForge\Server\Source\Save\SaveManager.cpp : error C1041: cannot open program database 'C:\GIT PROJECTS\MasterRepoRefactor\Build\NovaForge\Server\Debug\NovaForgeServer.pdb'; if multiple CL.EXE write to the same .PDB file, please use /FS [C:\GIT PROJECTS\MasterRepoRefactor\Build\NovaForge\Server\NovaForgeServer.vcxproj]
  ToolingSubsystem.cpp
C:\GIT PROJECTS\MasterRepoRefactor\NovaForge\Server\Source\Tooling\ToolingSubsystem.cpp : error C1041: cannot open program database 'C:\GIT PROJECTS\MasterRepoRefactor\Build\NovaForge\Server\Debug\NovaForgeServer.pdb'; if multiple CL.EXE write to the same .PDB file, please use /FS [C:\GIT PROJECTS\MasterRepoRefactor\Build\NovaForge\Server\NovaForgeServer.vcxproj]
  RuntimeHUDController.cpp
C:\GIT PROJECTS\MasterRepoRefactor\NovaForge\Server\Source\UI\RuntimeHUDController.cpp : error C1041: cannot open program database 'C:\GIT PROJECTS\MasterRepoRefactor\Build\NovaForge\Server\Debug\NovaForgeServer.pdb'; if multiple CL.EXE write to the same .PDB file, please use /FS [C:\GIT PROJECTS\MasterRepoRefactor\Build\NovaForge\Server\NovaForgeServer.vcxproj]
  RuntimeHUDRenderer.cpp
C:\GIT PROJECTS\MasterRepoRefactor\NovaForge\Server\Source\UI\RuntimeHUDRenderer.cpp : error C1041: cannot open program database 'C:\GIT PROJECTS\MasterRepoRefactor\Build\NovaForge\Server\Debug\NovaForgeServer.pdb'; if multiple CL.EXE write to the same .PDB file, please use /FS [C:\GIT PROJECTS\MasterRepoRefactor\Build\NovaForge\Server\NovaForgeServer.vcxproj]
  RuntimeUIHooks.cpp
C:\GIT PROJECTS\MasterRepoRefactor\NovaForge\Server\Source\UI\RuntimeUIHooks.cpp : error C1041: cannot open program database 'C:\GIT PROJECTS\MasterRepoRefactor\Build\NovaForge\Server\Debug\NovaForgeServer.pdb'; if multiple CL.EXE write to the same .PDB file, please use /FS [C:\GIT PROJECTS\MasterRepoRefactor\Build\NovaForge\Server\NovaForgeServer.vcxproj]
  VerticalSliceUI.cpp
C:\GIT PROJECTS\MasterRepoRefactor\NovaForge\Server\Source\UI\VerticalSliceUI.cpp : error C1041: cannot open program database 'C:\GIT PROJECTS\MasterRepoRefactor\Build\NovaForge\Server\Debug\NovaForgeServer.pdb'; if multiple CL.EXE write to the same .PDB file, please use /FS [C:\GIT PROJECTS\MasterRepoRefactor\Build\NovaForge\Server\NovaForgeServer.vcxproj]
  StructureRegistry.cpp
  input.c
C:\GIT PROJECTS\MasterRepoRefactor\NovaForge\Server\Source\Voxel\StructureRegistry.cpp : error C1041: cannot open program database 'C:\GIT PROJECTS\MasterRepoRefactor\Build\NovaForge\Server\Debug\NovaForgeServer.pdb'; if multiple CL.EXE write to the same .PDB file, please use /FS [C:\GIT PROJECTS\MasterRepoRefactor\Build\NovaForge\Server\NovaForgeServer.vcxproj]
  VoxelSubsystem.cpp
C:\GIT PROJECTS\MasterRepoRefactor\NovaForge\Server\Source\Voxel\VoxelSubsystem.cpp : error C1041: cannot open program database 'C:\GIT PROJECTS\MasterRepoRefactor\Build\NovaForge\Server\Debug\NovaForgeServer.pdb'; if multiple CL.EXE write to the same .PDB file, please use /FS [C:\GIT PROJECTS\MasterRepoRefactor\Build\NovaForge\Server\NovaForgeServer.vcxproj]
  SystemScheduler.cpp
C:\GIT PROJECTS\MasterRepoRefactor\NovaForge\Server\Source\World\SystemScheduler.cpp : error C1041: cannot open program database 'C:\GIT PROJECTS\MasterRepoRefactor\Build\NovaForge\Server\Debug\NovaForgeServer.pdb'; if multiple CL.EXE write to the same .PDB file, please use /FS [C:\GIT PROJECTS\MasterRepoRefactor\Build\NovaForge\Server\NovaForgeServer.vcxproj]
  AtlasTelemetryService.cpp
  AtlasSessionService.cpp
  World.cpp
C:\GIT PROJECTS\MasterRepoRefactor\NovaForge\Server\Source\World\World.cpp : error C1041: cannot open program database 'C:\GIT PROJECTS\MasterRepoRefactor\Build\NovaForge\Server\Debug\NovaForgeServer.pdb'; if multiple CL.EXE write to the same .PDB file, please use /FS [C:\GIT PROJECTS\MasterRepoRefactor\Build\NovaForge\Server\NovaForgeServer.vcxproj]
  AtlasBuildService.cpp
  Generating Code...
  monitor.c
  platform.c
  SaveManager.cpp
  vulkan.c
  RuntimeUIShell.cpp
  window.c
  AtlasEngine_stub.cpp
C:\GIT PROJECTS\MasterRepoRefactor\Atlas\Engine\src\AtlasEngine_stub.cpp : error C1041: cannot open program database 'C:\GIT PROJECTS\MasterRepoRefactor\Build\Atlas\Engine\Debug\AtlasEngine.pdb'; if multiple CL.EXE write to the same .PDB file, please use /FS [C:\GIT PROJECTS\MasterRepoRefactor\Build\Atlas\Engine\AtlasEngine.vcxproj]
  Renderer.cpp
C:\GIT PROJECTS\MasterRepoRefactor\Atlas\Engine\Rendering\Renderer.cpp : error C1041: cannot open program database 'C:\GIT PROJECTS\MasterRepoRefactor\Build\Atlas\Engine\Debug\AtlasEngine.pdb'; if multiple CL.EXE write to the same .PDB file, please use /FS [C:\GIT PROJECTS\MasterRepoRefactor\Build\Atlas\Engine\AtlasEngine.vcxproj]
  RenderViewport.cpp
C:\GIT PROJECTS\MasterRepoRefactor\Atlas\Engine\Rendering\RenderViewport.cpp : error C1041: cannot open program database 'C:\GIT PROJECTS\MasterRepoRefactor\Build\Atlas\Engine\Debug\AtlasEngine.pdb'; if multiple CL.EXE write to the same .PDB file, please use /FS [C:\GIT PROJECTS\MasterRepoRefactor\Build\Atlas\Engine\AtlasEngine.vcxproj]
  InputManager.cpp
C:\GIT PROJECTS\MasterRepoRefactor\Atlas\Engine\Input\InputManager.cpp : error C1041: cannot open program database 'C:\GIT PROJECTS\MasterRepoRefactor\Build\Atlas\Engine\Debug\AtlasEngine.pdb'; if multiple CL.EXE write to the same .PDB file, please use /FS [C:\GIT PROJECTS\MasterRepoRefactor\Build\Atlas\Engine\AtlasEngine.vcxproj]
  InputContextManager.cpp
C:\GIT PROJECTS\MasterRepoRefactor\Atlas\Engine\Input\InputContextManager.cpp : error C1041: cannot open program database 'C:\GIT PROJECTS\MasterRepoRefactor\Build\Atlas\Engine\Debug\AtlasEngine.pdb'; if multiple CL.EXE write to the same .PDB file, please use /FS [C:\GIT PROJECTS\MasterRepoRefactor\Build\Atlas\Engine\AtlasEngine.vcxproj]
  AssetNamingRules.cpp
C:\GIT PROJECTS\MasterRepoRefactor\Atlas\Engine\AssetPipeline\AssetNamingRules.cpp : error C1041: cannot open program database 'C:\GIT PROJECTS\MasterRepoRefactor\Build\Atlas\Engine\Debug\AtlasEngine.pdb'; if multiple CL.EXE write to the same .PDB file, please use /FS [C:\GIT PROJECTS\MasterRepoRefactor\Build\Atlas\Engine\AtlasEngine.vcxproj]
  AssetImportValidator.cpp
C:\GIT PROJECTS\MasterRepoRefactor\Atlas\Engine\AssetPipeline\AssetImportValidator.cpp : error C1041: cannot open program database 'C:\GIT PROJECTS\MasterRepoRefactor\Build\Atlas\Engine\Debug\AtlasEngine.pdb'; if multiple CL.EXE write to the same .PDB file, please use /FS [C:\GIT PROJECTS\MasterRepoRefactor\Build\Atlas\Engine\AtlasEngine.vcxproj]
  PhysicsWorld.cpp
C:\GIT PROJECTS\MasterRepoRefactor\Atlas\Engine\Physics\PhysicsWorld.cpp : error C1041: cannot open program database 'C:\GIT PROJECTS\MasterRepoRefactor\Build\Atlas\Engine\Debug\AtlasEngine.pdb'; if multiple CL.EXE write to the same .PDB file, please use /FS [C:\GIT PROJECTS\MasterRepoRefactor\Build\Atlas\Engine\AtlasEngine.vcxproj]
  PhysicsExtensions.cpp
C:\GIT PROJECTS\MasterRepoRefactor\Atlas\Engine\Physics\PhysicsExtensions.cpp : error C1041: cannot open program database 'C:\GIT PROJECTS\MasterRepoRefactor\Build\Atlas\Engine\Debug\AtlasEngine.pdb'; if multiple CL.EXE write to the same .PDB file, please use /FS [C:\GIT PROJECTS\MasterRepoRefactor\Build\Atlas\Engine\AtlasEngine.vcxproj]
  AudioEngine.cpp
C:\GIT PROJECTS\MasterRepoRefactor\Atlas\Engine\Audio\AudioEngine.cpp : error C1041: cannot open program database 'C:\GIT PROJECTS\MasterRepoRefactor\Build\Atlas\Engine\Debug\AtlasEngine.pdb'; if multiple CL.EXE write to the same .PDB file, please use /FS [C:\GIT PROJECTS\MasterRepoRefactor\Build\Atlas\Engine\AtlasEngine.vcxproj]
  AudioSystem.cpp
  libglew_static.vcxproj -> C:\GIT PROJECTS\MasterRepoRefactor\Build\_deps\glew-build\lib\Debug\glewd.lib
C:\GIT PROJECTS\MasterRepoRefactor\Atlas\Engine\Audio\AudioSystem.cpp : error C1041: cannot open program database 'C:\GIT PROJECTS\MasterRepoRefactor\Build\Atlas\Engine\Debug\AtlasEngine.pdb'; if multiple CL.EXE write to the same .PDB file, please use /FS [C:\GIT PROJECTS\MasterRepoRefactor\Build\Atlas\Engine\AtlasEngine.vcxproj]
  NetSession.cpp
C:\GIT PROJECTS\MasterRepoRefactor\Atlas\Engine\Networking\NetSession.cpp : error C1041: cannot open program database 'C:\GIT PROJECTS\MasterRepoRefactor\Build\Atlas\Engine\Debug\AtlasEngine.pdb'; if multiple CL.EXE write to the same .PDB file, please use /FS [C:\GIT PROJECTS\MasterRepoRefactor\Build\Atlas\Engine\AtlasEngine.vcxproj]
  ScriptingVM.cpp
C:\GIT PROJECTS\MasterRepoRefactor\Atlas\Engine\Scripting\ScriptingVM.cpp : error C1041: cannot open program database 'C:\GIT PROJECTS\MasterRepoRefactor\Build\Atlas\Engine\Debug\AtlasEngine.pdb'; if multiple CL.EXE write to the same .PDB file, please use /FS [C:\GIT PROJECTS\MasterRepoRefactor\Build\Atlas\Engine\AtlasEngine.vcxproj]
  KeybindConfig.cpp
C:\GIT PROJECTS\MasterRepoRefactor\Atlas\Engine\Config\KeybindConfig.cpp : error C1041: cannot open program database 'C:\GIT PROJECTS\MasterRepoRefactor\Build\Atlas\Engine\Debug\AtlasEngine.pdb'; if multiple CL.EXE write to the same .PDB file, please use /FS [C:\GIT PROJECTS\MasterRepoRefactor\Build\Atlas\Engine\AtlasEngine.vcxproj]
  SaveLoadExtensions.cpp
C:\GIT PROJECTS\MasterRepoRefactor\Atlas\Engine\SaveLoad\SaveLoadExtensions.cpp : error C1041: cannot open program database 'C:\GIT PROJECTS\MasterRepoRefactor\Build\Atlas\Engine\Debug\AtlasEngine.pdb'; if multiple CL.EXE write to the same .PDB file, please use /FS [C:\GIT PROJECTS\MasterRepoRefactor\Build\Atlas\Engine\AtlasEngine.vcxproj]
  AssetImportRules.cpp
C:\GIT PROJECTS\MasterRepoRefactor\Atlas\Engine\AssetPipeline\AssetImportRules.cpp : error C1041: cannot open program database 'C:\GIT PROJECTS\MasterRepoRefactor\Build\Atlas\Engine\Debug\AtlasEngine.pdb'; if multiple CL.EXE write to the same .PDB file, please use /FS [C:\GIT PROJECTS\MasterRepoRefactor\Build\Atlas\Engine\AtlasEngine.vcxproj]
  PCGDeterminismEngine.cpp
C:\GIT PROJECTS\MasterRepoRefactor\Atlas\Engine\PCG\PCGDeterminismEngine.cpp : error C1041: cannot open program database 'C:\GIT PROJECTS\MasterRepoRefactor\Build\Atlas\Engine\Debug\AtlasEngine.pdb'; if multiple CL.EXE write to the same .PDB file, please use /FS [C:\GIT PROJECTS\MasterRepoRefactor\Build\Atlas\Engine\AtlasEngine.vcxproj]
  SchemaVersionRegistry.cpp
C:\GIT PROJECTS\MasterRepoRefactor\Atlas\Engine\Config\SchemaVersionRegistry.cpp : error C1041: cannot open program database 'C:\GIT PROJECTS\MasterRepoRefactor\Build\Atlas\Engine\Debug\AtlasEngine.pdb'; if multiple CL.EXE write to the same .PDB file, please use /FS [C:\GIT PROJECTS\MasterRepoRefactor\Build\Atlas\Engine\AtlasEngine.vcxproj]
  SceneNode.cpp
C:\GIT PROJECTS\MasterRepoRefactor\Atlas\Engine\Scene\SceneNode.cpp : error C1041: cannot open program database 'C:\GIT PROJECTS\MasterRepoRefactor\Build\Atlas\Engine\Debug\AtlasEngine.pdb'; if multiple CL.EXE write to the same .PDB file, please use /FS [C:\GIT PROJECTS\MasterRepoRefactor\Build\Atlas\Engine\AtlasEngine.vcxproj]
  SceneGraph.cpp
C:\GIT PROJECTS\MasterRepoRefactor\Atlas\Engine\Scene\SceneGraph.cpp : error C1041: cannot open program database 'C:\GIT PROJECTS\MasterRepoRefactor\Build\Atlas\Engine\Debug\AtlasEngine.pdb'; if multiple CL.EXE write to the same .PDB file, please use /FS [C:\GIT PROJECTS\MasterRepoRefactor\Build\Atlas\Engine\AtlasEngine.vcxproj]
  Generating Code...
  Compiling...
  SceneManager.cpp
C:\GIT PROJECTS\MasterRepoRefactor\Atlas\Engine\Scene\SceneManager.cpp : error C1041: cannot open program database 'C:\GIT PROJECTS\MasterRepoRefactor\Build\Atlas\Engine\Debug\AtlasEngine.pdb'; if multiple CL.EXE write to the same .PDB file, please use /FS [C:\GIT PROJECTS\MasterRepoRefactor\Build\Atlas\Engine\AtlasEngine.vcxproj]
  Generating Code...
  egl_context.c
  AtlasSessionService.vcxproj -> C:\GIT PROJECTS\MasterRepoRefactor\Build\Services\AtlasSessionService\Debug\AtlasSessionService.lib
  AtlasTelemetryService.vcxproj -> C:\GIT PROJECTS\MasterRepoRefactor\Build\Services\AtlasTelemetryService\Debug\AtlasTelemetryService.lib
  glm.vcxproj -> C:\GIT PROJECTS\MasterRepoRefactor\Build\_deps\glm-build\glm\Debug\glm.lib
  AtlasBuildService.vcxproj -> C:\GIT PROJECTS\MasterRepoRefactor\Build\Services\AtlasBuildService\Debug\AtlasBuildService.lib
  osmesa_context.c
  AtlasWorldService.cpp
  SaveSystem.cpp
  null_init.c
  HUDLayer.cpp
  BridgeTypesCompileTest.vcxproj -> C:\GIT PROJECTS\MasterRepoRefactor\Build\Tests\BuildVerification\Debug\BridgeTypesCompileTest.exe
  null_monitor.c
  AtlasWorldService.vcxproj -> C:\GIT PROJECTS\MasterRepoRefactor\Build\Services\AtlasWorldService\Debug\AtlasWorldService.lib
  AtlasUI_stub.cpp
  null_window.c
  AtlasAssetService.cpp
  Generating Code...
  null_joystick.c
  AtlasUI.vcxproj -> C:\GIT PROJECTS\MasterRepoRefactor\Build\Atlas\UI\Debug\AtlasUI.lib
  NovaForgeSave.vcxproj -> C:\GIT PROJECTS\MasterRepoRefactor\Build\NovaForge\Save\Debug\NovaForgeSave.lib
  win32_module.c
  InventoryScreen.cpp
  win32_time.c
  win32_thread.c
  AtlasAssetService.vcxproj -> C:\GIT PROJECTS\MasterRepoRefactor\Build\Services\AtlasAssetService\Debug\AtlasAssetService.lib
  Building Custom Rule C:/GIT PROJECTS/MasterRepoRefactor/Tests/Tooling/CMakeLists.txt
  win32_init.c
  ContractBoardUI.cpp
  services_compile_test.cpp
  win32_joystick.c
  win32_monitor.c
  win32_window.c
  StationTerminalUI.cpp
  Generating Code...
  Compiling...
  wgl_context.c
  ServicesCompileTest.vcxproj -> C:\GIT PROJECTS\MasterRepoRefactor\Build\Tests\Tooling\Debug\ServicesCompileTest.exe
  Generating Code...
  glfw.vcxproj -> C:\GIT PROJECTS\MasterRepoRefactor\Build\_deps\glfw-build\src\Debug\glfw3.lib
  audio_generator.cpp
  FleetProgressionPanel.cpp
  audio_manager.cpp
  character_animation_system.cpp
  character_mesh_system.cpp
  equipment_attachment_system.cpp
C:\GIT PROJECTS\MasterRepoRefactor\NovaForge\Client\App\src\audio\audio_generator.cpp : error C1041: cannot open program database 'C:\GIT PROJECTS\MasterRepoRefactor\Build\NovaForge\Client\Debug\NovaForgeClient.pdb'; if multiple CL.EXE write to the same .PDB file, please use /FS [C:\GIT PROJECTS\MasterRepoRefactor\Build\NovaForge\Client\NovaForgeClient.vcxproj]
C:\GIT PROJECTS\MasterRepoRefactor\NovaForge\Client\App\src\audio\audio_manager.cpp : error C1041: cannot open program database 'C:\GIT PROJECTS\MasterRepoRefactor\Build\NovaForge\Client\Debug\NovaForgeClient.pdb'; if multiple CL.EXE write to the same .PDB file, please use /FS [C:\GIT PROJECTS\MasterRepoRefactor\Build\NovaForge\Client\NovaForgeClient.vcxproj]
C:\GIT PROJECTS\MasterRepoRefactor\NovaForge\Client\App\src\characters\character_animation_system.cpp : error C1041: cannot open program database 'C:\GIT PROJECTS\MasterRepoRefactor\Build\NovaForge\Client\Debug\NovaForgeClient.pdb'; if multiple CL.EXE write to the same .PDB file, please use /FS [C:\GIT PROJECTS\MasterRepoRefactor\Build\NovaForge\Client\NovaForgeClient.vcxproj]
C:\GIT PROJECTS\MasterRepoRefactor\NovaForge\Client\App\src\characters\character_mesh_system.cpp : error C1041: cannot open program database 'C:\GIT PROJECTS\MasterRepoRefactor\Build\NovaForge\Client\Debug\NovaForgeClient.pdb'; if multiple CL.EXE write to the same .PDB file, please use /FS [C:\GIT PROJECTS\MasterRepoRefactor\Build\NovaForge\Client\NovaForgeClient.vcxproj]
C:\GIT PROJECTS\MasterRepoRefactor\NovaForge\Client\App\src\characters\equipment_attachment_system.cpp : error C1041: cannot open program database 'C:\GIT PROJECTS\MasterRepoRefactor\Build\NovaForge\Client\Debug\NovaForgeClient.pdb'; if multiple CL.EXE write to the same .PDB file, please use /FS [C:\GIT PROJECTS\MasterRepoRefactor\Build\NovaForge\Client\NovaForgeClient.vcxproj]
  fps_hand_system.cpp
C:\GIT PROJECTS\MasterRepoRefactor\NovaForge\Client\App\src\characters\fps_hand_system.cpp : error C1041: cannot open program database 'C:\GIT PROJECTS\MasterRepoRefactor\Build\NovaForge\Client\Debug\NovaForgeClient.pdb'; if multiple CL.EXE write to the same .PDB file, please use /FS [C:\GIT PROJECTS\MasterRepoRefactor\Build\NovaForge\Client\NovaForgeClient.vcxproj]
  application.cpp
C:\GIT PROJECTS\MasterRepoRefactor\NovaForge\Client\App\src\core\application.cpp : error C1041: cannot open program database 'C:\GIT PROJECTS\MasterRepoRefactor\Build\NovaForge\Client\Debug\NovaForgeClient.pdb'; if multiple CL.EXE write to the same .PDB file, please use /FS [C:\GIT PROJECTS\MasterRepoRefactor\Build\NovaForge\Client\NovaForgeClient.vcxproj]
  application_entities.cpp
C:\GIT PROJECTS\MasterRepoRefactor\NovaForge\Client\App\src\core\application_entities.cpp : error C1041: cannot open program database 'C:\GIT PROJECTS\MasterRepoRefactor\Build\NovaForge\Client\Debug\NovaForgeClient.pdb'; if multiple CL.EXE write to the same .PDB file, please use /FS [C:\GIT PROJECTS\MasterRepoRefactor\Build\NovaForge\Client\NovaForgeClient.vcxproj]
  application_input.cpp
C:\GIT PROJECTS\MasterRepoRefactor\NovaForge\Client\App\src\core\application_input.cpp : error C1041: cannot open program database 'C:\GIT PROJECTS\MasterRepoRefactor\Build\NovaForge\Client\Debug\NovaForgeClient.pdb'; if multiple CL.EXE write to the same .PDB file, please use /FS [C:\GIT PROJECTS\MasterRepoRefactor\Build\NovaForge\Client\NovaForgeClient.vcxproj]
  application_movement.cpp
C:\GIT PROJECTS\MasterRepoRefactor\NovaForge\Client\App\src\core\application_movement.cpp : error C1041: cannot open program database 'C:\GIT PROJECTS\MasterRepoRefactor\Build\NovaForge\Client\Debug\NovaForgeClient.pdb'; if multiple CL.EXE write to the same .PDB file, please use /FS [C:\GIT PROJECTS\MasterRepoRefactor\Build\NovaForge\Client\NovaForgeClient.vcxproj]
  application_rendering.cpp
C:\GIT PROJECTS\MasterRepoRefactor\NovaForge\Client\App\src\core\application_rendering.cpp : error C1041: cannot open program database 'C:\GIT PROJECTS\MasterRepoRefactor\Build\NovaForge\Client\Debug\NovaForgeClient.pdb'; if multiple CL.EXE write to the same .PDB file, please use /FS [C:\GIT PROJECTS\MasterRepoRefactor\Build\NovaForge\Client\NovaForgeClient.vcxproj]
  application_state.cpp
C:\GIT PROJECTS\MasterRepoRefactor\NovaForge\Client\App\src\core\application_state.cpp : error C1041: cannot open program database 'C:\GIT PROJECTS\MasterRepoRefactor\Build\NovaForge\Client\Debug\NovaForgeClient.pdb'; if multiple CL.EXE write to the same .PDB file, please use /FS [C:\GIT PROJECTS\MasterRepoRefactor\Build\NovaForge\Client\NovaForgeClient.vcxproj]
  embedded_server.cpp
C:\GIT PROJECTS\MasterRepoRefactor\NovaForge\Client\App\src\core\embedded_server.cpp : error C1041: cannot open program database 'C:\GIT PROJECTS\MasterRepoRefactor\Build\NovaForge\Client\Debug\NovaForgeClient.pdb'; if multiple CL.EXE write to the same .PDB file, please use /FS [C:\GIT PROJECTS\MasterRepoRefactor\Build\NovaForge\Client\NovaForgeClient.vcxproj]
  entity.cpp
C:\GIT PROJECTS\MasterRepoRefactor\NovaForge\Client\App\src\core\entity.cpp : error C1041: cannot open program database 'C:\GIT PROJECTS\MasterRepoRefactor\Build\NovaForge\Client\Debug\NovaForgeClient.pdb'; if multiple CL.EXE write to the same .PDB file, please use /FS [C:\GIT PROJECTS\MasterRepoRefactor\Build\NovaForge\Client\NovaForgeClient.vcxproj]
  entity_manager.cpp
C:\GIT PROJECTS\MasterRepoRefactor\NovaForge\Client\App\src\core\entity_manager.cpp : error C1041: cannot open program database 'C:\GIT PROJECTS\MasterRepoRefactor\Build\NovaForge\Client\Debug\NovaForgeClient.pdb'; if multiple CL.EXE write to the same .PDB file, please use /FS [C:\GIT PROJECTS\MasterRepoRefactor\Build\NovaForge\Client\NovaForgeClient.vcxproj]
  entity_message_parser.cpp
C:\GIT PROJECTS\MasterRepoRefactor\NovaForge\Client\App\src\core\entity_message_parser.cpp : error C1041: cannot open program database 'C:\GIT PROJECTS\MasterRepoRefactor\Build\NovaForge\Client\Debug\NovaForgeClient.pdb'; if multiple CL.EXE write to the same .PDB file, please use /FS [C:\GIT PROJECTS\MasterRepoRefactor\Build\NovaForge\Client\NovaForgeClient.vcxproj]
  file_logger.cpp
C:\GIT PROJECTS\MasterRepoRefactor\NovaForge\Client\App\src\core\file_logger.cpp : error C1041: cannot open program database 'C:\GIT PROJECTS\MasterRepoRefactor\Build\NovaForge\Client\Debug\NovaForgeClient.pdb'; if multiple CL.EXE write to the same .PDB file, please use /FS [C:\GIT PROJECTS\MasterRepoRefactor\Build\NovaForge\Client\NovaForgeClient.vcxproj]
  game_client.cpp
C:\GIT PROJECTS\MasterRepoRefactor\NovaForge\Client\App\src\core\game_client.cpp : error C1041: cannot open program database 'C:\GIT PROJECTS\MasterRepoRefactor\Build\NovaForge\Client\Debug\NovaForgeClient.pdb'; if multiple CL.EXE write to the same .PDB file, please use /FS [C:\GIT PROJECTS\MasterRepoRefactor\Build\NovaForge\Client\NovaForgeClient.vcxproj]
  session_manager.cpp
C:\GIT PROJECTS\MasterRepoRefactor\NovaForge\Client\App\src\core\session_manager.cpp : error C1041: cannot open program database 'C:\GIT PROJECTS\MasterRepoRefactor\Build\NovaForge\Client\Debug\NovaForgeClient.pdb'; if multiple CL.EXE write to the same .PDB file, please use /FS [C:\GIT PROJECTS\MasterRepoRefactor\Build\NovaForge\Client\NovaForgeClient.vcxproj]
  ship_physics.cpp
C:\GIT PROJECTS\MasterRepoRefactor\NovaForge\Client\App\src\core\ship_physics.cpp : error C1041: cannot open program database 'C:\GIT PROJECTS\MasterRepoRefactor\Build\NovaForge\Client\Debug\NovaForgeClient.pdb'; if multiple CL.EXE write to the same .PDB file, please use /FS [C:\GIT PROJECTS\MasterRepoRefactor\Build\NovaForge\Client\NovaForgeClient.vcxproj]
  Generating Code...
  Compiling...
  solar_system_scene.cpp
C:\GIT PROJECTS\MasterRepoRefactor\NovaForge\Client\App\src\core\solar_system_scene.cpp : error C1041: cannot open program database 'C:\GIT PROJECTS\MasterRepoRefactor\Build\NovaForge\Client\Debug\NovaForgeClient.pdb'; if multiple CL.EXE write to the same .PDB file, please use /FS [C:\GIT PROJECTS\MasterRepoRefactor\Build\NovaForge\Client\NovaForgeClient.vcxproj]
  editor_command_bus.cpp
C:\GIT PROJECTS\MasterRepoRefactor\NovaForge\Client\App\src\editor\editor_command_bus.cpp : error C1041: cannot open program database 'C:\GIT PROJECTS\MasterRepoRefactor\Build\NovaForge\Client\Debug\NovaForgeClient.pdb'; if multiple CL.EXE write to the same .PDB file, please use /FS [C:\GIT PROJECTS\MasterRepoRefactor\Build\NovaForge\Client\NovaForgeClient.vcxproj]
  editor_event_bus.cpp
C:\GIT PROJECTS\MasterRepoRefactor\NovaForge\Client\App\src\editor\editor_event_bus.cpp : error C1041: cannot open program database 'C:\GIT PROJECTS\MasterRepoRefactor\Build\NovaForge\Client\Debug\NovaForgeClient.pdb'; if multiple CL.EXE write to the same .PDB file, please use /FS [C:\GIT PROJECTS\MasterRepoRefactor\Build\NovaForge\Client\NovaForgeClient.vcxproj]
  editor_tool_layer.cpp
C:\GIT PROJECTS\MasterRepoRefactor\NovaForge\Client\App\src\editor\editor_tool_layer.cpp : error C1041: cannot open program database 'C:\GIT PROJECTS\MasterRepoRefactor\Build\NovaForge\Client\Debug\NovaForgeClient.pdb'; if multiple CL.EXE write to the same .PDB file, please use /FS [C:\GIT PROJECTS\MasterRepoRefactor\Build\NovaForge\Client\NovaForgeClient.vcxproj]
  scene_bookmark_manager.cpp
C:\GIT PROJECTS\MasterRepoRefactor\NovaForge\Client\App\src\editor\scene_bookmark_manager.cpp : error C1041: cannot open program database 'C:\GIT PROJECTS\MasterRepoRefactor\Build\NovaForge\Client\Debug\NovaForgeClient.pdb'; if multiple CL.EXE write to the same .PDB file, please use /FS [C:\GIT PROJECTS\MasterRepoRefactor\Build\NovaForge\Client\NovaForgeClient.vcxproj]
  undoable_command_bus.cpp
C:\GIT PROJECTS\MasterRepoRefactor\NovaForge\Client\App\src\editor\undoable_command_bus.cpp : error C1041: cannot open program database 'C:\GIT PROJECTS\MasterRepoRefactor\Build\NovaForge\Client\Debug\NovaForgeClient.pdb'; if multiple CL.EXE write to the same .PDB file, please use /FS [C:\GIT PROJECTS\MasterRepoRefactor\Build\NovaForge\Client\NovaForgeClient.vcxproj]
  network_manager.cpp
C:\GIT PROJECTS\MasterRepoRefactor\NovaForge\Client\App\src\network\network_manager.cpp : error C1041: cannot open program database 'C:\GIT PROJECTS\MasterRepoRefactor\Build\NovaForge\Client\Debug\NovaForgeClient.pdb'; if multiple CL.EXE write to the same .PDB file, please use /FS [C:\GIT PROJECTS\MasterRepoRefactor\Build\NovaForge\Client\NovaForgeClient.vcxproj]
  protocol_handler.cpp
C:\GIT PROJECTS\MasterRepoRefactor\NovaForge\Client\App\src\network\protocol_handler.cpp : error C1041: cannot open program database 'C:\GIT PROJECTS\MasterRepoRefactor\Build\NovaForge\Client\Debug\NovaForgeClient.pdb'; if multiple CL.EXE write to the same .PDB file, please use /FS [C:\GIT PROJECTS\MasterRepoRefactor\Build\NovaForge\Client\NovaForgeClient.vcxproj]
  tcp_client.cpp
C:\GIT PROJECTS\MasterRepoRefactor\NovaForge\Client\App\src\network\tcp_client.cpp : error C1041: cannot open program database 'C:\GIT PROJECTS\MasterRepoRefactor\Build\NovaForge\Client\Debug\NovaForgeClient.pdb'; if multiple CL.EXE write to the same .PDB file, please use /FS [C:\GIT PROJECTS\MasterRepoRefactor\Build\NovaForge\Client\NovaForgeClient.vcxproj]
  asteroid_field_renderer.cpp
C:\GIT PROJECTS\MasterRepoRefactor\NovaForge\Client\App\src\rendering\asteroid_field_renderer.cpp : error C1041: cannot open program database 'C:\GIT PROJECTS\MasterRepoRefactor\Build\NovaForge\Client\Debug\NovaForgeClient.pdb'; if multiple CL.EXE write to the same .PDB file, please use /FS [C:\GIT PROJECTS\MasterRepoRefactor\Build\NovaForge\Client\NovaForgeClient.vcxproj]
  camera.cpp
C:\GIT PROJECTS\MasterRepoRefactor\NovaForge\Client\App\src\rendering\camera.cpp : error C1041: cannot open program database 'C:\GIT PROJECTS\MasterRepoRefactor\Build\NovaForge\Client\Debug\NovaForgeClient.pdb'; if multiple CL.EXE write to the same .PDB file, please use /FS [C:\GIT PROJECTS\MasterRepoRefactor\Build\NovaForge\Client\NovaForgeClient.vcxproj]
  damage_effect_helper.cpp
C:\GIT PROJECTS\MasterRepoRefactor\NovaForge\Client\App\src\rendering\damage_effect_helper.cpp : error C1041: cannot open program database 'C:\GIT PROJECTS\MasterRepoRefactor\Build\NovaForge\Client\Debug\NovaForgeClient.pdb'; if multiple CL.EXE write to the same .PDB file, please use /FS [C:\GIT PROJECTS\MasterRepoRefactor\Build\NovaForge\Client\NovaForgeClient.vcxproj]
  frustum_culler.cpp
C:\GIT PROJECTS\MasterRepoRefactor\NovaForge\Client\App\src\rendering\frustum_culler.cpp : error C1041: cannot open program database 'C:\GIT PROJECTS\MasterRepoRefactor\Build\NovaForge\Client\Debug\NovaForgeClient.pdb'; if multiple CL.EXE write to the same .PDB file, please use /FS [C:\GIT PROJECTS\MasterRepoRefactor\Build\NovaForge\Client\NovaForgeClient.vcxproj]
  gbuffer.cpp
C:\GIT PROJECTS\MasterRepoRefactor\NovaForge\Client\App\src\rendering\gbuffer.cpp : error C1041: cannot open program database 'C:\GIT PROJECTS\MasterRepoRefactor\Build\NovaForge\Client\Debug\NovaForgeClient.pdb'; if multiple CL.EXE write to the same .PDB file, please use /FS [C:\GIT PROJECTS\MasterRepoRefactor\Build\NovaForge\Client\NovaForgeClient.vcxproj]
  healthbar_renderer.cpp
C:\GIT PROJECTS\MasterRepoRefactor\NovaForge\Client\App\src\rendering\healthbar_renderer.cpp : error C1041: cannot open program database 'C:\GIT PROJECTS\MasterRepoRefactor\Build\NovaForge\Client\Debug\NovaForgeClient.pdb'; if multiple CL.EXE write to the same .PDB file, please use /FS [C:\GIT PROJECTS\MasterRepoRefactor\Build\NovaForge\Client\NovaForgeClient.vcxproj]
  instanced_renderer.cpp
C:\GIT PROJECTS\MasterRepoRefactor\NovaForge\Client\App\src\rendering\instanced_renderer.cpp : error C1041: cannot open program database 'C:\GIT PROJECTS\MasterRepoRefactor\Build\NovaForge\Client\Debug\NovaForgeClient.pdb'; if multiple CL.EXE write to the same .PDB file, please use /FS [C:\GIT PROJECTS\MasterRepoRefactor\Build\NovaForge\Client\NovaForgeClient.vcxproj]
  lighting.cpp
C:\GIT PROJECTS\MasterRepoRefactor\NovaForge\Client\App\src\rendering\lighting.cpp : error C1041: cannot open program database 'C:\GIT PROJECTS\MasterRepoRefactor\Build\NovaForge\Client\Debug\NovaForgeClient.pdb'; if multiple CL.EXE write to the same .PDB file, please use /FS [C:\GIT PROJECTS\MasterRepoRefactor\Build\NovaForge\Client\NovaForgeClient.vcxproj]
  lod_manager.cpp
C:\GIT PROJECTS\MasterRepoRefactor\NovaForge\Client\App\src\rendering\lod_manager.cpp : error C1041: cannot open program database 'C:\GIT PROJECTS\MasterRepoRefactor\Build\NovaForge\Client\Debug\NovaForgeClient.pdb'; if multiple CL.EXE write to the same .PDB file, please use /FS [C:\GIT PROJECTS\MasterRepoRefactor\Build\NovaForge\Client\NovaForgeClient.vcxproj]
  mesh.cpp
C:\GIT PROJECTS\MasterRepoRefactor\NovaForge\Client\App\src\rendering\mesh.cpp : error C1041: cannot open program database 'C:\GIT PROJECTS\MasterRepoRefactor\Build\NovaForge\Client\Debug\NovaForgeClient.pdb'; if multiple CL.EXE write to the same .PDB file, please use /FS [C:\GIT PROJECTS\MasterRepoRefactor\Build\NovaForge\Client\NovaForgeClient.vcxproj]
  model.cpp
C:\GIT PROJECTS\MasterRepoRefactor\NovaForge\Client\App\src\rendering\model.cpp : error C1041: cannot open program database 'C:\GIT PROJECTS\MasterRepoRefactor\Build\NovaForge\Client\Debug\NovaForgeClient.pdb'; if multiple CL.EXE write to the same .PDB file, please use /FS [C:\GIT PROJECTS\MasterRepoRefactor\Build\NovaForge\Client\NovaForgeClient.vcxproj]
  Generating Code...
  Compiling...
  particle_system.cpp
C:\GIT PROJECTS\MasterRepoRefactor\NovaForge\Client\App\src\rendering\particle_system.cpp : error C1041: cannot open program database 'C:\GIT PROJECTS\MasterRepoRefactor\Build\NovaForge\Client\Debug\NovaForgeClient.pdb'; if multiple CL.EXE write to the same .PDB file, please use /FS [C:\GIT PROJECTS\MasterRepoRefactor\Build\NovaForge\Client\NovaForgeClient.vcxproj]
  pbr_materials.cpp
C:\GIT PROJECTS\MasterRepoRefactor\NovaForge\Client\App\src\rendering\pbr_materials.cpp : error C1041: cannot open program database 'C:\GIT PROJECTS\MasterRepoRefactor\Build\NovaForge\Client\Debug\NovaForgeClient.pdb'; if multiple CL.EXE write to the same .PDB file, please use /FS [C:\GIT PROJECTS\MasterRepoRefactor\Build\NovaForge\Client\NovaForgeClient.vcxproj]
  post_processing.cpp
C:\GIT PROJECTS\MasterRepoRefactor\NovaForge\Client\App\src\rendering\post_processing.cpp : error C1041: cannot open program database 'C:\GIT PROJECTS\MasterRepoRefactor\Build\NovaForge\Client\Debug\NovaForgeClient.pdb'; if multiple CL.EXE write to the same .PDB file, please use /FS [C:\GIT PROJECTS\MasterRepoRefactor\Build\NovaForge\Client\NovaForgeClient.vcxproj]
  procedural_mesh_ops.cpp
C:\GIT PROJECTS\MasterRepoRefactor\NovaForge\Client\App\src\rendering\procedural_mesh_ops.cpp : error C1041: cannot open program database 'C:\GIT PROJECTS\MasterRepoRefactor\Build\NovaForge\Client\Debug\NovaForgeClient.pdb'; if multiple CL.EXE write to the same .PDB file, please use /FS [C:\GIT PROJECTS\MasterRepoRefactor\Build\NovaForge\Client\NovaForgeClient.vcxproj]
  procedural_ship_generator.cpp
C:\GIT PROJECTS\MasterRepoRefactor\NovaForge\Client\App\src\rendering\procedural_ship_generator.cpp : error C1041: cannot open program database 'C:\GIT PROJECTS\MasterRepoRefactor\Build\NovaForge\Client\Debug\NovaForgeClient.pdb'; if multiple CL.EXE write to the same .PDB file, please use /FS [C:\GIT PROJECTS\MasterRepoRefactor\Build\NovaForge\Client\NovaForgeClient.vcxproj]
  reference_model_analyzer.cpp
C:\GIT PROJECTS\MasterRepoRefactor\NovaForge\Client\App\src\rendering\reference_model_analyzer.cpp : error C1041: cannot open program database 'C:\GIT PROJECTS\MasterRepoRefactor\Build\NovaForge\Client\Debug\NovaForgeClient.pdb'; if multiple CL.EXE write to the same .PDB file, please use /FS [C:\GIT PROJECTS\MasterRepoRefactor\Build\NovaForge\Client\NovaForgeClient.vcxproj]
  renderer.cpp
C:\GIT PROJECTS\MasterRepoRefactor\NovaForge\Client\App\src\rendering\renderer.cpp : error C1041: cannot open program database 'C:\GIT PROJECTS\MasterRepoRefactor\Build\NovaForge\Client\Debug\NovaForgeClient.pdb'; if multiple CL.EXE write to the same .PDB file, please use /FS [C:\GIT PROJECTS\MasterRepoRefactor\Build\NovaForge\Client\NovaForgeClient.vcxproj]
  resolution_manager.cpp
C:\GIT PROJECTS\MasterRepoRefactor\NovaForge\Client\App\src\rendering\resolution_manager.cpp : error C1041: cannot open program database 'C:\GIT PROJECTS\MasterRepoRefactor\Build\NovaForge\Client\Debug\NovaForgeClient.pdb'; if multiple CL.EXE write to the same .PDB file, please use /FS [C:\GIT PROJECTS\MasterRepoRefactor\Build\NovaForge\Client\NovaForgeClient.vcxproj]
  shader.cpp
C:\GIT PROJECTS\MasterRepoRefactor\NovaForge\Client\App\src\rendering\shader.cpp : error C1041: cannot open program database 'C:\GIT PROJECTS\MasterRepoRefactor\Build\NovaForge\Client\Debug\NovaForgeClient.pdb'; if multiple CL.EXE write to the same .PDB file, please use /FS [C:\GIT PROJECTS\MasterRepoRefactor\Build\NovaForge\Client\NovaForgeClient.vcxproj]
  shadow_map.cpp
C:\GIT PROJECTS\MasterRepoRefactor\NovaForge\Client\App\src\rendering\shadow_map.cpp : error C1041: cannot open program database 'C:\GIT PROJECTS\MasterRepoRefactor\Build\NovaForge\Client\Debug\NovaForgeClient.pdb'; if multiple CL.EXE write to the same .PDB file, please use /FS [C:\GIT PROJECTS\MasterRepoRefactor\Build\NovaForge\Client\NovaForgeClient.vcxproj]
  ship_generation_rules.cpp
C:\GIT PROJECTS\MasterRepoRefactor\NovaForge\Client\App\src\rendering\ship_generation_rules.cpp : error C1041: cannot open program database 'C:\GIT PROJECTS\MasterRepoRefactor\Build\NovaForge\Client\Debug\NovaForgeClient.pdb'; if multiple CL.EXE write to the same .PDB file, please use /FS [C:\GIT PROJECTS\MasterRepoRefactor\Build\NovaForge\Client\NovaForgeClient.vcxproj]
  ship_part_library.cpp
C:\GIT PROJECTS\MasterRepoRefactor\NovaForge\Client\App\src\rendering\ship_part_library.cpp : error C1041: cannot open program database 'C:\GIT PROJECTS\MasterRepoRefactor\Build\NovaForge\Client\Debug\NovaForgeClient.pdb'; if multiple CL.EXE write to the same .PDB file, please use /FS [C:\GIT PROJECTS\MasterRepoRefactor\Build\NovaForge\Client\NovaForgeClient.vcxproj]
  station_renderer.cpp
C:\GIT PROJECTS\MasterRepoRefactor\NovaForge\Client\App\src\rendering\station_renderer.cpp : error C1041: cannot open program database 'C:\GIT PROJECTS\MasterRepoRefactor\Build\NovaForge\Client\Debug\NovaForgeClient.pdb'; if multiple CL.EXE write to the same .PDB file, please use /FS [C:\GIT PROJECTS\MasterRepoRefactor\Build\NovaForge\Client\NovaForgeClient.vcxproj]
  texture.cpp
C:\GIT PROJECTS\MasterRepoRefactor\NovaForge\Client\App\src\rendering\texture.cpp : error C1041: cannot open program database 'C:\GIT PROJECTS\MasterRepoRefactor\Build\NovaForge\Client\Debug\NovaForgeClient.pdb'; if multiple CL.EXE write to the same .PDB file, please use /FS [C:\GIT PROJECTS\MasterRepoRefactor\Build\NovaForge\Client\NovaForgeClient.vcxproj]
  visual_effects.cpp
C:\GIT PROJECTS\MasterRepoRefactor\NovaForge\Client\App\src\rendering\visual_effects.cpp : error C1041: cannot open program database 'C:\GIT PROJECTS\MasterRepoRefactor\Build\NovaForge\Client\Debug\NovaForgeClient.pdb'; if multiple CL.EXE write to the same .PDB file, please use /FS [C:\GIT PROJECTS\MasterRepoRefactor\Build\NovaForge\Client\NovaForgeClient.vcxproj]
  warp_effect_renderer.cpp
C:\GIT PROJECTS\MasterRepoRefactor\NovaForge\Client\App\src\rendering\warp_effect_renderer.cpp : error C1041: cannot open program database 'C:\GIT PROJECTS\MasterRepoRefactor\Build\NovaForge\Client\Debug\NovaForgeClient.pdb'; if multiple CL.EXE write to the same .PDB file, please use /FS [C:\GIT PROJECTS\MasterRepoRefactor\Build\NovaForge\Client\NovaForgeClient.vcxproj]
  window.cpp
C:\GIT PROJECTS\MasterRepoRefactor\NovaForge\Client\App\src\rendering\window.cpp : error C1041: cannot open program database 'C:\GIT PROJECTS\MasterRepoRefactor\Build\NovaForge\Client\Debug\NovaForgeClient.pdb'; if multiple CL.EXE write to the same .PDB file, please use /FS [C:\GIT PROJECTS\MasterRepoRefactor\Build\NovaForge\Client\NovaForgeClient.vcxproj]
  atlas_console.cpp
C:\GIT PROJECTS\MasterRepoRefactor\NovaForge\Client\App\src\ui\atlas\atlas_console.cpp : error C1041: cannot open program database 'C:\GIT PROJECTS\MasterRepoRefactor\Build\NovaForge\Client\Debug\NovaForgeClient.pdb'; if multiple CL.EXE write to the same .PDB file, please use /FS [C:\GIT PROJECTS\MasterRepoRefactor\Build\NovaForge\Client\NovaForgeClient.vcxproj]
  atlas_context.cpp
C:\GIT PROJECTS\MasterRepoRefactor\NovaForge\Client\App\src\ui\atlas\atlas_context.cpp : error C1041: cannot open program database 'C:\GIT PROJECTS\MasterRepoRefactor\Build\NovaForge\Client\Debug\NovaForgeClient.pdb'; if multiple CL.EXE write to the same .PDB file, please use /FS [C:\GIT PROJECTS\MasterRepoRefactor\Build\NovaForge\Client\NovaForgeClient.vcxproj]
  atlas_hud.cpp
C:\GIT PROJECTS\MasterRepoRefactor\NovaForge\Client\App\src\ui\atlas\atlas_hud.cpp : error C1041: cannot open program database 'C:\GIT PROJECTS\MasterRepoRefactor\Build\NovaForge\Client\Debug\NovaForgeClient.pdb'; if multiple CL.EXE write to the same .PDB file, please use /FS [C:\GIT PROJECTS\MasterRepoRefactor\Build\NovaForge\Client\NovaForgeClient.vcxproj]
  Generating Code...
  Compiling...
  atlas_pause_menu.cpp
C:\GIT PROJECTS\MasterRepoRefactor\NovaForge\Client\App\src\ui\atlas\atlas_pause_menu.cpp : error C1041: cannot open program database 'C:\GIT PROJECTS\MasterRepoRefactor\Build\NovaForge\Client\Debug\NovaForgeClient.pdb'; if multiple CL.EXE write to the same .PDB file, please use /FS [C:\GIT PROJECTS\MasterRepoRefactor\Build\NovaForge\Client\NovaForgeClient.vcxproj]
  atlas_renderer.cpp
C:\GIT PROJECTS\MasterRepoRefactor\NovaForge\Client\App\src\ui\atlas\atlas_renderer.cpp : error C1041: cannot open program database 'C:\GIT PROJECTS\MasterRepoRefactor\Build\NovaForge\Client\Debug\NovaForgeClient.pdb'; if multiple CL.EXE write to the same .PDB file, please use /FS [C:\GIT PROJECTS\MasterRepoRefactor\Build\NovaForge\Client\NovaForgeClient.vcxproj]
  atlas_title_screen.cpp
C:\GIT PROJECTS\MasterRepoRefactor\NovaForge\Client\App\src\ui\atlas\atlas_title_screen.cpp : error C1041: cannot open program database 'C:\GIT PROJECTS\MasterRepoRefactor\Build\NovaForge\Client\Debug\NovaForgeClient.pdb'; if multiple CL.EXE write to the same .PDB file, please use /FS [C:\GIT PROJECTS\MasterRepoRefactor\Build\NovaForge\Client\NovaForgeClient.vcxproj]
  atlas_widgets.cpp
C:\GIT PROJECTS\MasterRepoRefactor\NovaForge\Client\App\src\ui\atlas\atlas_widgets.cpp : error C1041: cannot open program database 'C:\GIT PROJECTS\MasterRepoRefactor\Build\NovaForge\Client\Debug\NovaForgeClient.pdb'; if multiple CL.EXE write to the same .PDB file, please use /FS [C:\GIT PROJECTS\MasterRepoRefactor\Build\NovaForge\Client\NovaForgeClient.vcxproj]
  atlas_widgets_cards.cpp
C:\GIT PROJECTS\MasterRepoRefactor\NovaForge\Client\App\src\ui\atlas\atlas_widgets_cards.cpp : error C1041: cannot open program database 'C:\GIT PROJECTS\MasterRepoRefactor\Build\NovaForge\Client\Debug\NovaForgeClient.pdb'; if multiple CL.EXE write to the same .PDB file, please use /FS [C:\GIT PROJECTS\MasterRepoRefactor\Build\NovaForge\Client\NovaForgeClient.vcxproj]
  atlas_widgets_effects.cpp
C:\GIT PROJECTS\MasterRepoRefactor\NovaForge\Client\App\src\ui\atlas\atlas_widgets_effects.cpp : error C1041: cannot open program database 'C:\GIT PROJECTS\MasterRepoRefactor\Build\NovaForge\Client\Debug\NovaForgeClient.pdb'; if multiple CL.EXE write to the same .PDB file, please use /FS [C:\GIT PROJECTS\MasterRepoRefactor\Build\NovaForge\Client\NovaForgeClient.vcxproj]
  atlas_widgets_forms.cpp
C:\GIT PROJECTS\MasterRepoRefactor\NovaForge\Client\App\src\ui\atlas\atlas_widgets_forms.cpp : error C1041: cannot open program database 'C:\GIT PROJECTS\MasterRepoRefactor\Build\NovaForge\Client\Debug\NovaForgeClient.pdb'; if multiple CL.EXE write to the same .PDB file, please use /FS [C:\GIT PROJECTS\MasterRepoRefactor\Build\NovaForge\Client\NovaForgeClient.vcxproj]
  atlas_widgets_hud.cpp
C:\GIT PROJECTS\MasterRepoRefactor\NovaForge\Client\App\src\ui\atlas\atlas_widgets_hud.cpp : error C1041: cannot open program database 'C:\GIT PROJECTS\MasterRepoRefactor\Build\NovaForge\Client\Debug\NovaForgeClient.pdb'; if multiple CL.EXE write to the same .PDB file, please use /FS [C:\GIT PROJECTS\MasterRepoRefactor\Build\NovaForge\Client\NovaForgeClient.vcxproj]
  atlas_widgets_lists.cpp
C:\GIT PROJECTS\MasterRepoRefactor\NovaForge\Client\App\src\ui\atlas\atlas_widgets_lists.cpp : error C1041: cannot open program database 'C:\GIT PROJECTS\MasterRepoRefactor\Build\NovaForge\Client\Debug\NovaForgeClient.pdb'; if multiple CL.EXE write to the same .PDB file, please use /FS [C:\GIT PROJECTS\MasterRepoRefactor\Build\NovaForge\Client\NovaForgeClient.vcxproj]
  atlas_widgets_menus.cpp
C:\GIT PROJECTS\MasterRepoRefactor\NovaForge\Client\App\src\ui\atlas\atlas_widgets_menus.cpp : error C1041: cannot open program database 'C:\GIT PROJECTS\MasterRepoRefactor\Build\NovaForge\Client\Debug\NovaForgeClient.pdb'; if multiple CL.EXE write to the same .PDB file, please use /FS [C:\GIT PROJECTS\MasterRepoRefactor\Build\NovaForge\Client\NovaForgeClient.vcxproj]
  atlas_widgets_panels.cpp
C:\GIT PROJECTS\MasterRepoRefactor\NovaForge\Client\App\src\ui\atlas\atlas_widgets_panels.cpp : error C1041: cannot open program database 'C:\GIT PROJECTS\MasterRepoRefactor\Build\NovaForge\Client\Debug\NovaForgeClient.pdb'; if multiple CL.EXE write to the same .PDB file, please use /FS [C:\GIT PROJECTS\MasterRepoRefactor\Build\NovaForge\Client\NovaForgeClient.vcxproj]
  atlas_widgets_sidebar.cpp
C:\GIT PROJECTS\MasterRepoRefactor\NovaForge\Client\App\src\ui\atlas\atlas_widgets_sidebar.cpp : error C1041: cannot open program database 'C:\GIT PROJECTS\MasterRepoRefactor\Build\NovaForge\Client\Debug\NovaForgeClient.pdb'; if multiple CL.EXE write to the same .PDB file, please use /FS [C:\GIT PROJECTS\MasterRepoRefactor\Build\NovaForge\Client\NovaForgeClient.vcxproj]
  context_menu.cpp
C:\GIT PROJECTS\MasterRepoRefactor\NovaForge\Client\App\src\ui\context_menu.cpp : error C1041: cannot open program database 'C:\GIT PROJECTS\MasterRepoRefactor\Build\NovaForge\Client\Debug\NovaForgeClient.pdb'; if multiple CL.EXE write to the same .PDB file, please use /FS [C:\GIT PROJECTS\MasterRepoRefactor\Build\NovaForge\Client\NovaForgeClient.vcxproj]
  entity_picker.cpp
C:\GIT PROJECTS\MasterRepoRefactor\NovaForge\Client\App\src\ui\entity_picker.cpp : error C1041: cannot open program database 'C:\GIT PROJECTS\MasterRepoRefactor\Build\NovaForge\Client\Debug\NovaForgeClient.pdb'; if multiple CL.EXE write to the same .PDB file, please use /FS [C:\GIT PROJECTS\MasterRepoRefactor\Build\NovaForge\Client\NovaForgeClient.vcxproj]
  input_handler.cpp
C:\GIT PROJECTS\MasterRepoRefactor\NovaForge\Client\App\src\ui\input_handler.cpp : error C1041: cannot open program database 'C:\GIT PROJECTS\MasterRepoRefactor\Build\NovaForge\Client\Debug\NovaForgeClient.pdb'; if multiple CL.EXE write to the same .PDB file, please use /FS [C:\GIT PROJECTS\MasterRepoRefactor\Build\NovaForge\Client\NovaForgeClient.vcxproj]
  layout_manager.cpp
C:\GIT PROJECTS\MasterRepoRefactor\NovaForge\Client\App\src\ui\layout_manager.cpp : error C1041: cannot open program database 'C:\GIT PROJECTS\MasterRepoRefactor\Build\NovaForge\Client\Debug\NovaForgeClient.pdb'; if multiple CL.EXE write to the same .PDB file, please use /FS [C:\GIT PROJECTS\MasterRepoRefactor\Build\NovaForge\Client\NovaForgeClient.vcxproj]
  radial_menu.cpp
C:\GIT PROJECTS\MasterRepoRefactor\NovaForge\Client\App\src\ui\radial_menu.cpp : error C1041: cannot open program database 'C:\GIT PROJECTS\MasterRepoRefactor\Build\NovaForge\Client\Debug\NovaForgeClient.pdb'; if multiple CL.EXE write to the same .PDB file, please use /FS [C:\GIT PROJECTS\MasterRepoRefactor\Build\NovaForge\Client\NovaForgeClient.vcxproj]
  rml_ui_manager.cpp
C:\GIT PROJECTS\MasterRepoRefactor\NovaForge\Client\App\src\ui\rml_ui_manager.cpp : error C1041: cannot open program database 'C:\GIT PROJECTS\MasterRepoRefactor\Build\NovaForge\Client\Debug\NovaForgeClient.pdb'; if multiple CL.EXE write to the same .PDB file, please use /FS [C:\GIT PROJECTS\MasterRepoRefactor\Build\NovaForge\Client\NovaForgeClient.vcxproj]
  star_map.cpp
C:\GIT PROJECTS\MasterRepoRefactor\NovaForge\Client\App\src\ui\star_map.cpp : error C1041: cannot open program database 'C:\GIT PROJECTS\MasterRepoRefactor\Build\NovaForge\Client\Debug\NovaForgeClient.pdb'; if multiple CL.EXE write to the same .PDB file, please use /FS [C:\GIT PROJECTS\MasterRepoRefactor\Build\NovaForge\Client\NovaForgeClient.vcxproj]
  Generating Code...
  Generating Code...
  NovaForgeUI.vcxproj -> C:\GIT PROJECTS\MasterRepoRefactor\Build\NovaForge\UI\Debug\NovaForgeUI.lib
