2026-03-28 22:56:41 [INFO    ] __main__: ============================================================
2026-03-28 22:56:41 [INFO    ] __main__:   Engine Build Smoke Test
2026-03-28 22:56:41 [INFO    ] __main__: ============================================================
2026-03-28 22:56:41 [INFO    ] __main__:   [PASS] Atlas/Engine/CMakeLists.txt
2026-03-28 22:56:41 [INFO    ] __main__:   [PASS] Atlas/Editor/CMakeLists.txt
2026-03-28 22:56:41 [INFO    ] __main__:   [PASS] NovaForge/CMakeLists.txt
2026-03-28 22:56:41 [INFO    ] __main__:   [PASS] NovaForge/Client/CMakeLists.txt
2026-03-28 22:56:41 [INFO    ] __main__:   [PASS] NovaForge/Server/CMakeLists.txt
2026-03-28 22:56:41 [INFO    ] __main__:   [PASS] Atlas/Engine/Rendering/Renderer.h
2026-03-28 22:56:41 [INFO    ] __main__:   [PASS] Atlas/Engine/Rendering/RenderViewport.h
2026-03-28 22:56:41 [INFO    ] __main__:   [PASS] Atlas/Engine/Input/InputManager.h
2026-03-28 22:56:41 [INFO    ] __main__:   [PASS] Atlas/Engine/Physics/PhysicsWorld.h
2026-03-28 22:56:41 [INFO    ] __main__:   [PASS] Atlas/Engine/Physics/PhysicsTypes.h
2026-03-28 22:56:41 [INFO    ] __main__:   [PASS] Atlas/Engine/Audio/AudioEngine.h
2026-03-28 22:56:41 [INFO    ] __main__:   [PASS] Atlas/Engine/ECS/ECS.h
2026-03-28 22:56:41 [INFO    ] __main__:   [PASS] Atlas/Engine/ECS/ComponentRegistry.h
2026-03-28 22:56:41 [INFO    ] __main__:   [PASS] Atlas/Engine/Scene/SceneNode.h
2026-03-28 22:56:41 [INFO    ] __main__:   [PASS] Atlas/Engine/Scene/SceneGraph.h
2026-03-28 22:56:41 [INFO    ] __main__:   [PASS] Atlas/Engine/Scene/SceneManager.h
2026-03-28 22:56:41 [INFO    ] __main__:   [PASS] Atlas/Engine/Scene/SceneTypes.h
2026-03-28 22:56:41 [INFO    ] __main__:   [PASS] Atlas/Engine/Config/KeybindConfig.h
2026-03-28 22:56:41 [INFO    ] __main__:   [PASS] Atlas/Engine/Config/SchemaVersionRegistry.h
2026-03-28 22:56:41 [INFO    ] __main__:   [PASS] NovaForge/Client/App/external/stb
2026-03-28 22:56:41 [INFO    ] __main__:   [PASS] NovaForge/Client/App/external/nlohmann
2026-03-28 22:56:41 [INFO    ] __main__:   [PASS] NovaForge/Client/App/external/tinygltf
2026-03-28 22:56:41 [INFO    ] __main__:   [PASS] NovaForge/Client/App/external/tinyobjloader
2026-03-28 22:56:41 [INFO    ] __main__:   [PASS] Atlas/Engine/Scene/SceneNode.h
2026-03-28 22:56:41 [INFO    ] __main__:   [PASS] Atlas/Engine/Scene/SceneGraph.h
2026-03-28 22:56:41 [INFO    ] __main__:   [PASS] Atlas/Engine/Scene/SceneManager.h
2026-03-28 22:56:41 [INFO    ] __main__: 
============================================================
2026-03-28 22:56:41 [INFO    ] __main__:   Results: 26/26 passed, 0 failed
2026-03-28 22:56:41 [INFO    ] __main__: ============================================================
