[log] Session started — 2026-03-28T22:01:05Z
[log] Log file: /c/GIT PROJECTS/MasterRepoRefactor/Logs/build/build_20260328_180105.log
================================================================
  MasterRepo Build
  Config  : Debug
  Jobs    : 8
  Tests   : OFF
  Bridge  : OFF
  BuildDir: /c/GIT PROJECTS/MasterRepoRefactor/Build
================================================================

──────────────────────────────────────────────────────────────
  [2026-03-28T22:01:05Z] CMake Configure
──────────────────────────────────────────────────────────────
[cmake] Configuring ...
-- Selecting Windows SDK version 10.0.26100.0 to target Windows 10.0.19045.
CMake Deprecation Warning at Build/_deps/glm-src/CMakeLists.txt:1 (cmake_minimum_required):
  Compatibility with CMake < 3.10 will be removed from a future version of
  CMake.

  Update the VERSION argument <min> value.  Or, use the <min>...<max> syntax
  to tell CMake that the project requires at least <min> but has been updated
  to work with policies introduced by <max> or earlier.


CMake Deprecation Warning at Build/_deps/glm-src/CMakeLists.txt:2 (cmake_policy):
  Compatibility with CMake < 3.10 will be removed from a future version of
  CMake.

  Update the VERSION argument <min> value.  Or, use the <min>...<max> syntax
  to tell CMake that the project requires at least <min> but has been updated
  to work with policies introduced by <max> or earlier.


-- GLM: Version 1.0.1
-- GLM: Build with C++ features auto detection
-- Including Win32 support
CMake Deprecation Warning at Build/_deps/glew-src/CMakeLists.txt:1 (cmake_minimum_required):
  Compatibility with CMake < 3.10 will be removed from a future version of
  CMake.

  Update the VERSION argument <min> value.  Or, use the <min>...<max> syntax
  to tell CMake that the project requires at least <min> but has been updated
  to work with policies introduced by <max> or earlier.


-- Shared: AtlasBridgeContract configured
-- Shared: MasterLogger (header-only) configured
-- AtlasCore: configured
-- AtlasEngine: configured
-- AtlasRuntime: configured
-- AtlasEditor: configured
-- AtlasUI: configured
-- Atlas: modules configured
-- NovaForgeGameplay: configured
-- NovaForgeWorld: configured
-- NovaForgeSave: configured
-- NovaForgeUI: configured
-- NovaForgeApp: configured
-- NovaForge Client: configured
-- NovaForge Server: configured
-- NovaForge: modules configured
-- AtlasBuildService: configured
-- AtlasAssetService: configured
-- AtlasWorldService: configured
-- AtlasSessionService: configured
-- AtlasTelemetryService: configured
-- Services: configured
-- Configuring done (3.4s)
-- Generating done (2.0s)
-- Build files have been written to: C:/GIT PROJECTS/MasterRepoRefactor/Build

──────────────────────────────────────────────────────────────
  [2026-03-28T22:01:11Z] CMake Build
──────────────────────────────────────────────────────────────
[cmake] Building with 8 jobs ...
MSBuild version 17.14.40+3e7442088 for .NET Framework

  1>Checking Build System
  libglew_static.vcxproj -> C:\GIT PROJECTS\MasterRepoRefactor\Build\_deps\glew-build\lib\Debug\glewd.lib
  AtlasCore.vcxproj -> C:\GIT PROJECTS\MasterRepoRefactor\Build\Atlas\Core\Debug\AtlasCore.lib
  glm.vcxproj -> C:\GIT PROJECTS\MasterRepoRefactor\Build\_deps\glm-build\glm\Debug\glm.lib
  glfw.vcxproj -> C:\GIT PROJECTS\MasterRepoRefactor\Build\_deps\glfw-build\src\Debug\glfw3.lib
  NovaForgeServer.vcxproj -> C:\GIT PROJECTS\MasterRepoRefactor\Build\NovaForge\Server\Debug\NovaForgeServer.lib
  NovaForgeSave.vcxproj -> C:\GIT PROJECTS\MasterRepoRefactor\Build\NovaForge\Save\Debug\NovaForgeSave.lib
  AtlasWorldService.vcxproj -> C:\GIT PROJECTS\MasterRepoRefactor\Build\Services\AtlasWorldService\Debug\AtlasWorldService.lib
  AtlasBuildService.vcxproj -> C:\GIT PROJECTS\MasterRepoRefactor\Build\Services\AtlasBuildService\Debug\AtlasBuildService.lib
  AtlasTelemetryService.vcxproj -> C:\GIT PROJECTS\MasterRepoRefactor\Build\Services\AtlasTelemetryService\Debug\AtlasTelemetryService.lib
  AtlasEngine.vcxproj -> C:\GIT PROJECTS\MasterRepoRefactor\Build\Atlas\Engine\Debug\AtlasEngine.lib
  AtlasSessionService.vcxproj -> C:\GIT PROJECTS\MasterRepoRefactor\Build\Services\AtlasSessionService\Debug\AtlasSessionService.lib
  application.cpp
  NovaForgeWorld.vcxproj -> C:\GIT PROJECTS\MasterRepoRefactor\Build\NovaForge\World\Debug\NovaForgeWorld.lib
  AtlasRuntime.vcxproj -> C:\GIT PROJECTS\MasterRepoRefactor\Build\Atlas\Runtime\Debug\AtlasRuntime.lib
  AtlasUI.vcxproj -> C:\GIT PROJECTS\MasterRepoRefactor\Build\Atlas\UI\Debug\AtlasUI.lib
  AtlasAssetService.vcxproj -> C:\GIT PROJECTS\MasterRepoRefactor\Build\Services\AtlasAssetService\Debug\AtlasAssetService.lib
  NovaForgeGameplay.vcxproj -> C:\GIT PROJECTS\MasterRepoRefactor\Build\NovaForge\Gameplay\Debug\NovaForgeGameplay.lib
  NovaForgeUI.vcxproj -> C:\GIT PROJECTS\MasterRepoRefactor\Build\NovaForge\UI\Debug\NovaForgeUI.lib
  PrefabLibrary.cpp
  ConsolePanel.cpp
C:\GIT PROJECTS\MasterRepoRefactor\NovaForge\Client\App\include\core\ship_physics.h(31,46): error C2220: the following warning is treated as an error [C:\GIT PROJECTS\MasterRepoRefactor\Build\NovaForge\Client\NovaForgeClient.vcxproj]
  (compiling source file '../../../NovaForge/Client/App/src/core/application.cpp')
  
C:\GIT PROJECTS\MasterRepoRefactor\NovaForge\Client\App\include\core\ship_physics.h(31,46): warning C4244: 'return': conversion from 'double' to 'float', possible loss of data [C:\GIT PROJECTS\MasterRepoRefactor\Build\NovaForge\Client\NovaForgeClient.vcxproj]
  (compiling source file '../../../NovaForge/Client/App/src/core/application.cpp')
  
  ECSInspectorPanel.cpp
C:\GIT PROJECTS\MasterRepoRefactor\Atlas\Editor\Framework\ui\EditorPanel.h(3,10): error C1083: Cannot open include file: '../../cpp_client/include/ui/atlas/atlas_types.h': No such file or directory [C:\GIT PROJECTS\MasterRepoRefactor\Build\Atlas\Editor\AtlasEditor.vcxproj]
  (compiling source file '../../../Atlas/Editor/Panels/ConsolePanel.cpp')
  
C:\GIT PROJECTS\MasterRepoRefactor\Atlas\Editor\Framework\ui\EditorPanel.h(3,10): error C1083: Cannot open include file: '../../cpp_client/include/ui/atlas/atlas_types.h': No such file or directory [C:\GIT PROJECTS\MasterRepoRefactor\Build\Atlas\Editor\AtlasEditor.vcxproj]
  (compiling source file '../../../Atlas/Editor/Panels/ECSInspectorPanel.cpp')
  
  NetInspectorPanel.cpp
  application_entities.cpp
C:\GIT PROJECTS\MasterRepoRefactor\Atlas\Editor\Framework\ui\EditorPanel.h(3,10): error C1083: Cannot open include file: '../../cpp_client/include/ui/atlas/atlas_types.h': No such file or directory [C:\GIT PROJECTS\MasterRepoRefactor\Build\Atlas\Editor\AtlasEditor.vcxproj]
  (compiling source file '../../../Atlas/Editor/Panels/NetInspectorPanel.cpp')
  
  AIAggregator.cpp
  LocalLLMBackend.cpp
C:\GIT PROJECTS\MasterRepoRefactor\NovaForge\Client\App\include\core\ship_physics.h(31,46): error C2220: the following warning is treated as an error [C:\GIT PROJECTS\MasterRepoRefactor\Build\NovaForge\Client\NovaForgeClient.vcxproj]
  (compiling source file '../../../NovaForge/Client/App/src/core/application_entities.cpp')
  
C:\GIT PROJECTS\MasterRepoRefactor\NovaForge\Client\App\include\core\ship_physics.h(31,46): warning C4244: 'return': conversion from 'double' to 'float', possible loss of data [C:\GIT PROJECTS\MasterRepoRefactor\Build\NovaForge\Client\NovaForgeClient.vcxproj]
  (compiling source file '../../../NovaForge/Client/App/src/core/application_entities.cpp')
  
  application_input.cpp
C:\GIT PROJECTS\MasterRepoRefactor\Atlas\Editor\EditorServices\AI\LocalLLMBackend.cpp(319,28): error C2220: the following warning is treated as an error [C:\GIT PROJECTS\MasterRepoRefactor\Build\Atlas\Editor\AtlasEditor.vcxproj]
C:\GIT PROJECTS\MasterRepoRefactor\Atlas\Editor\EditorServices\AI\LocalLLMBackend.cpp(319,28): warning C4996: 'getenv': This function or variable may be unsafe. Consider using _dupenv_s instead. To disable deprecation, use _CRT_SECURE_NO_WARNINGS. See online help for details. [C:\GIT PROJECTS\MasterRepoRefactor\Build\Atlas\Editor\AtlasEditor.vcxproj]
  TemplateAIBackend.cpp
C:\GIT PROJECTS\MasterRepoRefactor\NovaForge\Client\App\include\core\ship_physics.h(31,46): error C2220: the following warning is treated as an error [C:\GIT PROJECTS\MasterRepoRefactor\Build\NovaForge\Client\NovaForgeClient.vcxproj]
  (compiling source file '../../../NovaForge/Client/App/src/core/application_input.cpp')
  
C:\GIT PROJECTS\MasterRepoRefactor\NovaForge\Client\App\include\core\ship_physics.h(31,46): warning C4244: 'return': conversion from 'double' to 'float', possible loss of data [C:\GIT PROJECTS\MasterRepoRefactor\Build\NovaForge\Client\NovaForgeClient.vcxproj]
  (compiling source file '../../../NovaForge/Client/App/src/core/application_input.cpp')
  
  UIWidgetRegistry.cpp
  application_movement.cpp
  Generating Code...
C:\GIT PROJECTS\MasterRepoRefactor\NovaForge\Client\App\include\core\ship_physics.h(31,46): error C2220: the following warning is treated as an error [C:\GIT PROJECTS\MasterRepoRefactor\Build\NovaForge\Client\NovaForgeClient.vcxproj]
  (compiling source file '../../../NovaForge/Client/App/src/core/application_movement.cpp')
  
C:\GIT PROJECTS\MasterRepoRefactor\NovaForge\Client\App\include\core\ship_physics.h(31,46): warning C4244: 'return': conversion from 'double' to 'float', possible loss of data [C:\GIT PROJECTS\MasterRepoRefactor\Build\NovaForge\Client\NovaForgeClient.vcxproj]
  (compiling source file '../../../NovaForge/Client/App/src/core/application_movement.cpp')
  
  application_rendering.cpp
C:\GIT PROJECTS\MasterRepoRefactor\NovaForge\Client\App\include\core\ship_physics.h(31,46): error C2220: the following warning is treated as an error [C:\GIT PROJECTS\MasterRepoRefactor\Build\NovaForge\Client\NovaForgeClient.vcxproj]
  (compiling source file '../../../NovaForge/Client/App/src/core/application_rendering.cpp')
  
C:\GIT PROJECTS\MasterRepoRefactor\NovaForge\Client\App\include\core\ship_physics.h(31,46): warning C4244: 'return': conversion from 'double' to 'float', possible loss of data [C:\GIT PROJECTS\MasterRepoRefactor\Build\NovaForge\Client\NovaForgeClient.vcxproj]
  (compiling source file '../../../NovaForge/Client/App/src/core/application_rendering.cpp')
  
  application_state.cpp
C:\GIT PROJECTS\MasterRepoRefactor\NovaForge\Client\App\include\core\ship_physics.h(31,46): error C2220: the following warning is treated as an error [C:\GIT PROJECTS\MasterRepoRefactor\Build\NovaForge\Client\NovaForgeClient.vcxproj]
  (compiling source file '../../../NovaForge/Client/App/src/core/application_state.cpp')
  
C:\GIT PROJECTS\MasterRepoRefactor\NovaForge\Client\App\include\core\ship_physics.h(31,46): warning C4244: 'return': conversion from 'double' to 'float', possible loss of data [C:\GIT PROJECTS\MasterRepoRefactor\Build\NovaForge\Client\NovaForgeClient.vcxproj]
  (compiling source file '../../../NovaForge/Client/App/src/core/application_state.cpp')
  
  embedded_server.cpp
  ship_physics.cpp
C:\GIT PROJECTS\MasterRepoRefactor\NovaForge\Client\App\include\core\ship_physics.h(31,46): error C2220: the following warning is treated as an error [C:\GIT PROJECTS\MasterRepoRefactor\Build\NovaForge\Client\NovaForgeClient.vcxproj]
  (compiling source file '../../../NovaForge/Client/App/src/core/ship_physics.cpp')
  
C:\GIT PROJECTS\MasterRepoRefactor\NovaForge\Client\App\include\core\ship_physics.h(31,46): warning C4244: 'return': conversion from 'double' to 'float', possible loss of data [C:\GIT PROJECTS\MasterRepoRefactor\Build\NovaForge\Client\NovaForgeClient.vcxproj]
  (compiling source file '../../../NovaForge/Client/App/src/core/ship_physics.cpp')
  
C:\GIT PROJECTS\MasterRepoRefactor\NovaForge\Client\App\src\core\ship_physics.cpp(373,11): warning C4189: 'currentSpeed': local variable is initialized but not referenced [C:\GIT PROJECTS\MasterRepoRefactor\Build\NovaForge\Client\NovaForgeClient.vcxproj]
  solar_system_scene.cpp
C:\GIT PROJECTS\MasterRepoRefactor\NovaForge\Client\App\include\core\ship_physics.h(31,46): error C2220: the following warning is treated as an error [C:\GIT PROJECTS\MasterRepoRefactor\Build\NovaForge\Client\NovaForgeClient.vcxproj]
  (compiling source file '../../../NovaForge/Client/App/src/core/solar_system_scene.cpp')
  
C:\GIT PROJECTS\MasterRepoRefactor\NovaForge\Client\App\include\core\ship_physics.h(31,46): warning C4244: 'return': conversion from 'double' to 'float', possible loss of data [C:\GIT PROJECTS\MasterRepoRefactor\Build\NovaForge\Client\NovaForgeClient.vcxproj]
  (compiling source file '../../../NovaForge/Client/App/src/core/solar_system_scene.cpp')
  
  editor_command_bus.cpp
  asteroid_field_renderer.cpp
C:\GIT PROJECTS\MasterRepoRefactor\NovaForge\Client\App\src\rendering\asteroid_field_renderer.cpp(151,33): error C2220: the following warning is treated as an error [C:\GIT PROJECTS\MasterRepoRefactor\Build\NovaForge\Client\NovaForgeClient.vcxproj]
C:\GIT PROJECTS\MasterRepoRefactor\NovaForge\Client\App\src\rendering\asteroid_field_renderer.cpp(151,33): warning C4267: 'argument': conversion from 'size_t' to 'int', possible loss of data [C:\GIT PROJECTS\MasterRepoRefactor\Build\NovaForge\Client\NovaForgeClient.vcxproj]
C:\GIT PROJECTS\MasterRepoRefactor\NovaForge\Client\App\src\rendering\asteroid_field_renderer.cpp(152,37): warning C4267: 'argument': conversion from 'size_t' to 'int', possible loss of data [C:\GIT PROJECTS\MasterRepoRefactor\Build\NovaForge\Client\NovaForgeClient.vcxproj]
C:\GIT PROJECTS\MasterRepoRefactor\NovaForge\Client\App\src\rendering\asteroid_field_renderer.cpp(153,37): warning C4267: 'argument': conversion from 'size_t' to 'int', possible loss of data [C:\GIT PROJECTS\MasterRepoRefactor\Build\NovaForge\Client\NovaForgeClient.vcxproj]
C:\GIT PROJECTS\MasterRepoRefactor\NovaForge\Client\App\src\rendering\asteroid_field_renderer.cpp(343,73): warning C4267: '=': conversion from 'size_t' to 'int', possible loss of data [C:\GIT PROJECTS\MasterRepoRefactor\Build\NovaForge\Client\NovaForgeClient.vcxproj]
  camera.cpp
  lighting.cpp
C:\GIT PROJECTS\MasterRepoRefactor\NovaForge\Client\App\src\rendering\lighting.cpp(20,28): error C2220: the following warning is treated as an error [C:\GIT PROJECTS\MasterRepoRefactor\Build\NovaForge\Client\NovaForgeClient.vcxproj]
C:\GIT PROJECTS\MasterRepoRefactor\NovaForge\Client\App\src\rendering\lighting.cpp(20,28): warning C4267: 'return': conversion from 'size_t' to 'int', possible loss of data [C:\GIT PROJECTS\MasterRepoRefactor\Build\NovaForge\Client\NovaForgeClient.vcxproj]
  lod_manager.cpp
  model.cpp
C:\GIT PROJECTS\MasterRepoRefactor\NovaForge\Client\App\src\rendering\model.cpp(1222,18): error C2220: the following warning is treated as an error [C:\GIT PROJECTS\MasterRepoRefactor\Build\NovaForge\Client\NovaForgeClient.vcxproj]
C:\GIT PROJECTS\MasterRepoRefactor\NovaForge\Client\App\src\rendering\model.cpp(1222,18): warning C4267: 'initializing': conversion from 'size_t' to 'int', possible loss of data [C:\GIT PROJECTS\MasterRepoRefactor\Build\NovaForge\Client\NovaForgeClient.vcxproj]
C:\GIT PROJECTS\MasterRepoRefactor\NovaForge\Client\App\src\rendering\model.cpp(1249,18): warning C4267: 'initializing': conversion from 'size_t' to 'int', possible loss of data [C:\GIT PROJECTS\MasterRepoRefactor\Build\NovaForge\Client\NovaForgeClient.vcxproj]
C:\GIT PROJECTS\MasterRepoRefactor\NovaForge\Client\App\src\rendering\model.cpp(1276,18): warning C4267: 'initializing': conversion from 'size_t' to 'int', possible loss of data [C:\GIT PROJECTS\MasterRepoRefactor\Build\NovaForge\Client\NovaForgeClient.vcxproj]
C:\GIT PROJECTS\MasterRepoRefactor\NovaForge\Client\App\src\rendering\model.cpp(1299,18): warning C4267: 'initializing': conversion from 'size_t' to 'int', possible loss of data [C:\GIT PROJECTS\MasterRepoRefactor\Build\NovaForge\Client\NovaForgeClient.vcxproj]
C:\GIT PROJECTS\MasterRepoRefactor\NovaForge\Client\App\src\rendering\model.cpp(1324,18): warning C4267: 'initializing': conversion from 'size_t' to 'int', possible loss of data [C:\GIT PROJECTS\MasterRepoRefactor\Build\NovaForge\Client\NovaForgeClient.vcxproj]
C:\Program Files\Microsoft Visual Studio\2022\Community\VC\Tools\MSVC\14.38.33130\include\algorithm(3456,24): warning C4244: '=': conversion from 'int' to 'char', possible loss of data [C:\GIT PROJECTS\MasterRepoRefactor\Build\NovaForge\Client\NovaForgeClient.vcxproj]
  (compiling source file '../../../NovaForge/Client/App/src/rendering/model.cpp')
      C:\Program Files\Microsoft Visual Studio\2022\Community\VC\Tools\MSVC\14.38.33130\include\algorithm(3456,24):
      the template instantiation context (the oldest one first) is
          C:\GIT PROJECTS\MasterRepoRefactor\NovaForge\Client\App\src\rendering\model.cpp(60,14):
          see reference to function template instantiation '_OutIt std::transform<std::_String_iterator<std::_String_val<std::_Simple_types<_Elem>>>,std::_String_iterator<std::_String_val<std::_Simple_types<_Elem>>>,int(__cdecl *)(int)>(const _InIt,const _InIt,_OutIt,_Fn)' being compiled
          with
          [
              _OutIt=std::_String_iterator<std::_String_val<std::_Simple_types<char>>>,
              _Elem=char,
              _InIt=std::_String_iterator<std::_String_val<std::_Simple_types<char>>>,
              _Fn=int (__cdecl *)(int)
          ]
  
  particle_system.cpp
  post_processing.cpp
C:\GIT PROJECTS\MasterRepoRefactor\NovaForge\Client\App\src\rendering\post_processing.cpp(350,16): error C2220: the following warning is treated as an error [C:\GIT PROJECTS\MasterRepoRefactor\Build\NovaForge\Client\NovaForgeClient.vcxproj]
C:\GIT PROJECTS\MasterRepoRefactor\NovaForge\Client\App\src\rendering\post_processing.cpp(350,16): warning C4267: 'initializing': conversion from 'size_t' to 'int', possible loss of data [C:\GIT PROJECTS\MasterRepoRefactor\Build\NovaForge\Client\NovaForgeClient.vcxproj]
  procedural_mesh_ops.cpp
  procedural_ship_generator.cpp
C:\Program Files\Microsoft Visual Studio\2022\Community\VC\Tools\MSVC\14.38.33130\include\algorithm(3456,24): error C2220: the following warning is treated as an error [C:\GIT PROJECTS\MasterRepoRefactor\Build\NovaForge\Client\NovaForgeClient.vcxproj]
  (compiling source file '../../../NovaForge/Client/App/src/rendering/procedural_ship_generator.cpp')
  
C:\Program Files\Microsoft Visual Studio\2022\Community\VC\Tools\MSVC\14.38.33130\include\algorithm(3456,24): warning C4244: '=': conversion from 'int' to 'char', possible loss of data [C:\GIT PROJECTS\MasterRepoRefactor\Build\NovaForge\Client\NovaForgeClient.vcxproj]
  (compiling source file '../../../NovaForge/Client/App/src/rendering/procedural_ship_generator.cpp')
      C:\Program Files\Microsoft Visual Studio\2022\Community\VC\Tools\MSVC\14.38.33130\include\algorithm(3456,24):
      the template instantiation context (the oldest one first) is
          C:\GIT PROJECTS\MasterRepoRefactor\NovaForge\Client\App\src\rendering\procedural_ship_generator.cpp(901,10):
          see reference to function template instantiation '_OutIt std::transform<std::_String_iterator<std::_String_val<std::_Simple_types<_Elem>>>,std::_String_iterator<std::_String_val<std::_Simple_types<_Elem>>>,int(__cdecl *)(int)>(const _InIt,const _InIt,_OutIt,_Fn)' being compiled
          with
          [
              _OutIt=std::_String_iterator<std::_String_val<std::_Simple_types<char>>>,
              _Elem=char,
              _InIt=std::_String_iterator<std::_String_val<std::_Simple_types<char>>>,
              _Fn=int (__cdecl *)(int)
          ]
  
  reference_model_analyzer.cpp
C:\Program Files\Microsoft Visual Studio\2022\Community\VC\Tools\MSVC\14.38.33130\include\algorithm(3456,24): error C2220: the following warning is treated as an error [C:\GIT PROJECTS\MasterRepoRefactor\Build\NovaForge\Client\NovaForgeClient.vcxproj]
  (compiling source file '../../../NovaForge/Client/App/src/rendering/reference_model_analyzer.cpp')
  
C:\Program Files\Microsoft Visual Studio\2022\Community\VC\Tools\MSVC\14.38.33130\include\algorithm(3456,24): warning C4244: '=': conversion from 'int' to 'char', possible loss of data [C:\GIT PROJECTS\MasterRepoRefactor\Build\NovaForge\Client\NovaForgeClient.vcxproj]
  (compiling source file '../../../NovaForge/Client/App/src/rendering/reference_model_analyzer.cpp')
      C:\Program Files\Microsoft Visual Studio\2022\Community\VC\Tools\MSVC\14.38.33130\include\algorithm(3456,24):
      the template instantiation context (the oldest one first) is
          C:\GIT PROJECTS\MasterRepoRefactor\NovaForge\Client\App\src\rendering\reference_model_analyzer.cpp(144,10):
          see reference to function template instantiation '_OutIt std::transform<std::_String_iterator<std::_String_val<std::_Simple_types<_Elem>>>,std::_String_iterator<std::_String_val<std::_Simple_types<_Elem>>>,int(__cdecl *)(int)>(const _InIt,const _InIt,_OutIt,_Fn)' being compiled
          with
          [
              _OutIt=std::_String_iterator<std::_String_val<std::_Simple_types<char>>>,
              _Elem=char,
              _InIt=std::_String_iterator<std::_String_val<std::_Simple_types<char>>>,
              _Fn=int (__cdecl *)(int)
          ]
  
  Generating Code...
  Compiling...
  renderer.cpp
C:\GIT PROJECTS\MasterRepoRefactor\NovaForge\Client\App\src\rendering\renderer.cpp(369,30): error C2220: the following warning is treated as an error [C:\GIT PROJECTS\MasterRepoRefactor\Build\NovaForge\Client\NovaForgeClient.vcxproj]
C:\GIT PROJECTS\MasterRepoRefactor\NovaForge\Client\App\src\rendering\renderer.cpp(369,30): warning C4244: '=': conversion from 'const int' to 'float', possible loss of data [C:\GIT PROJECTS\MasterRepoRefactor\Build\NovaForge\Client\NovaForgeClient.vcxproj]
C:\GIT PROJECTS\MasterRepoRefactor\NovaForge\Client\App\src\rendering\renderer.cpp(371,29): warning C4244: '=': conversion from 'const int' to 'float', possible loss of data [C:\GIT PROJECTS\MasterRepoRefactor\Build\NovaForge\Client\NovaForgeClient.vcxproj]
C:\GIT PROJECTS\MasterRepoRefactor\NovaForge\Client\App\src\rendering\renderer.cpp(373,28): warning C4244: '=': conversion from 'const int' to 'float', possible loss of data [C:\GIT PROJECTS\MasterRepoRefactor\Build\NovaForge\Client\NovaForgeClient.vcxproj]
C:\GIT PROJECTS\MasterRepoRefactor\NovaForge\Client\App\src\rendering\renderer.cpp(404,38): warning C4244: '=': conversion from 'const int' to 'float', possible loss of data [C:\GIT PROJECTS\MasterRepoRefactor\Build\NovaForge\Client\NovaForgeClient.vcxproj]
C:\GIT PROJECTS\MasterRepoRefactor\NovaForge\Client\App\src\rendering\renderer.cpp(406,37): warning C4244: '=': conversion from 'const int' to 'float', possible loss of data [C:\GIT PROJECTS\MasterRepoRefactor\Build\NovaForge\Client\NovaForgeClient.vcxproj]
C:\GIT PROJECTS\MasterRepoRefactor\NovaForge\Client\App\src\rendering\renderer.cpp(408,36): warning C4244: '=': conversion from 'const int' to 'float', possible loss of data [C:\GIT PROJECTS\MasterRepoRefactor\Build\NovaForge\Client\NovaForgeClient.vcxproj]
  resolution_manager.cpp
  station_renderer.cpp
C:\GIT PROJECTS\MasterRepoRefactor\NovaForge\Client\App\src\rendering\station_renderer.cpp(189,30): error C2220: the following warning is treated as an error [C:\GIT PROJECTS\MasterRepoRefactor\Build\NovaForge\Client\NovaForgeClient.vcxproj]
C:\GIT PROJECTS\MasterRepoRefactor\NovaForge\Client\App\src\rendering\station_renderer.cpp(189,30): warning C4267: 'initializing': conversion from 'size_t' to 'unsigned int', possible loss of data [C:\GIT PROJECTS\MasterRepoRefactor\Build\NovaForge\Client\NovaForgeClient.vcxproj]
C:\GIT PROJECTS\MasterRepoRefactor\NovaForge\Client\App\src\rendering\station_renderer.cpp(209,29): warning C4267: 'initializing': conversion from 'size_t' to 'unsigned int', possible loss of data [C:\GIT PROJECTS\MasterRepoRefactor\Build\NovaForge\Client\NovaForgeClient.vcxproj]
C:\GIT PROJECTS\MasterRepoRefactor\NovaForge\Client\App\src\rendering\station_renderer.cpp(236,30): warning C4267: 'initializing': conversion from 'size_t' to 'unsigned int', possible loss of data [C:\GIT PROJECTS\MasterRepoRefactor\Build\NovaForge\Client\NovaForgeClient.vcxproj]
C:\GIT PROJECTS\MasterRepoRefactor\NovaForge\Client\App\src\rendering\station_renderer.cpp(384,30): warning C4267: 'initializing': conversion from 'size_t' to 'unsigned int', possible loss of data [C:\GIT PROJECTS\MasterRepoRefactor\Build\NovaForge\Client\NovaForgeClient.vcxproj]
C:\GIT PROJECTS\MasterRepoRefactor\NovaForge\Client\App\src\rendering\station_renderer.cpp(431,30): warning C4267: 'initializing': conversion from 'size_t' to 'unsigned int', possible loss of data [C:\GIT PROJECTS\MasterRepoRefactor\Build\NovaForge\Client\NovaForgeClient.vcxproj]
C:\GIT PROJECTS\MasterRepoRefactor\NovaForge\Client\App\src\rendering\station_renderer.cpp(433,15): warning C4189: 'length': local variable is initialized but not referenced [C:\GIT PROJECTS\MasterRepoRefactor\Build\NovaForge\Client\NovaForgeClient.vcxproj]
C:\GIT PROJECTS\MasterRepoRefactor\NovaForge\Client\App\src\rendering\station_renderer.cpp(494,26): warning C4267: 'initializing': conversion from 'size_t' to 'unsigned int', possible loss of data [C:\GIT PROJECTS\MasterRepoRefactor\Build\NovaForge\Client\NovaForgeClient.vcxproj]
C:\GIT PROJECTS\MasterRepoRefactor\NovaForge\Client\App\src\rendering\station_renderer.cpp(494,18): warning C4189: 'baseIdx': local variable is initialized but not referenced [C:\GIT PROJECTS\MasterRepoRefactor\Build\NovaForge\Client\NovaForgeClient.vcxproj]
C:\GIT PROJECTS\MasterRepoRefactor\NovaForge\Client\App\src\rendering\station_renderer.cpp(599,30): warning C4267: 'initializing': conversion from 'size_t' to 'unsigned int', possible loss of data [C:\GIT PROJECTS\MasterRepoRefactor\Build\NovaForge\Client\NovaForgeClient.vcxproj]
  texture.cpp
  atlas_hud.cpp
  atlas_title_screen.cpp
C:\GIT PROJECTS\MasterRepoRefactor\NovaForge\Client\App\src\ui\atlas\atlas_title_screen.cpp(670,11): error C2220: the following warning is treated as an error [C:\GIT PROJECTS\MasterRepoRefactor\Build\NovaForge\Client\NovaForgeClient.vcxproj]
C:\GIT PROJECTS\MasterRepoRefactor\NovaForge\Client\App\src\ui\atlas\atlas_title_screen.cpp(670,11): warning C4189: 'scale': local variable is initialized but not referenced [C:\GIT PROJECTS\MasterRepoRefactor\Build\NovaForge\Client\NovaForgeClient.vcxproj]
C:\GIT PROJECTS\MasterRepoRefactor\NovaForge\Client\App\src\ui\atlas\atlas_title_screen.cpp(762,15): warning C4189: 'hh': local variable is initialized but not referenced [C:\GIT PROJECTS\MasterRepoRefactor\Build\NovaForge\Client\NovaForgeClient.vcxproj]
  atlas_widgets.cpp
  entity_picker.cpp
C:\GIT PROJECTS\MasterRepoRefactor\NovaForge\Client\App\src\ui\entity_picker.cpp(101,13): error C2220: the following warning is treated as an error [C:\GIT PROJECTS\MasterRepoRefactor\Build\NovaForge\Client\NovaForgeClient.vcxproj]
C:\GIT PROJECTS\MasterRepoRefactor\NovaForge\Client\App\src\ui\entity_picker.cpp(101,13): warning C4244: 'initializing': conversion from 'double' to 'float', possible loss of data [C:\GIT PROJECTS\MasterRepoRefactor\Build\NovaForge\Client\NovaForgeClient.vcxproj]
C:\GIT PROJECTS\MasterRepoRefactor\NovaForge\Client\App\src\ui\entity_picker.cpp(102,13): warning C4244: 'initializing': conversion from 'double' to 'float', possible loss of data [C:\GIT PROJECTS\MasterRepoRefactor\Build\NovaForge\Client\NovaForgeClient.vcxproj]
  input_handler.cpp
  star_map.cpp
C:\GIT PROJECTS\MasterRepoRefactor\NovaForge\Client\App\src\ui\star_map.cpp(367,48): error C2220: the following warning is treated as an error [C:\GIT PROJECTS\MasterRepoRefactor\Build\NovaForge\Client\NovaForgeClient.vcxproj]
C:\GIT PROJECTS\MasterRepoRefactor\NovaForge\Client\App\src\ui\star_map.cpp(367,48): warning C4267: 'argument': conversion from 'size_t' to 'GLsizei', possible loss of data [C:\GIT PROJECTS\MasterRepoRefactor\Build\NovaForge\Client\NovaForgeClient.vcxproj]
C:\GIT PROJECTS\MasterRepoRefactor\NovaForge\Client\App\src\ui\star_map.cpp(376,52): warning C4267: 'argument': conversion from 'size_t' to 'GLsizei', possible loss of data [C:\GIT PROJECTS\MasterRepoRefactor\Build\NovaForge\Client\NovaForgeClient.vcxproj]
C:\GIT PROJECTS\MasterRepoRefactor\NovaForge\Client\App\src\ui\star_map.cpp(442,52): warning C4267: 'argument': conversion from 'size_t' to 'GLsizei', possible loss of data [C:\GIT PROJECTS\MasterRepoRefactor\Build\NovaForge\Client\NovaForgeClient.vcxproj]
C:\GIT PROJECTS\MasterRepoRefactor\NovaForge\Client\App\src\ui\star_map.cpp(540,48): warning C4267: 'argument': conversion from 'size_t' to 'GLsizei', possible loss of data [C:\GIT PROJECTS\MasterRepoRefactor\Build\NovaForge\Client\NovaForgeClient.vcxproj]
C:\GIT PROJECTS\MasterRepoRefactor\NovaForge\Client\App\src\ui\star_map.cpp(666,24): warning C4267: 'return': conversion from 'size_t' to 'int', possible loss of data [C:\GIT PROJECTS\MasterRepoRefactor\Build\NovaForge\Client\NovaForgeClient.vcxproj]
C:\GIT PROJECTS\MasterRepoRefactor\NovaForge\Client\App\src\ui\star_map.cpp(709,22): warning C4244: 'initializing': conversion from 'int' to 'float', possible loss of data [C:\GIT PROJECTS\MasterRepoRefactor\Build\NovaForge\Client\NovaForgeClient.vcxproj]
C:\GIT PROJECTS\MasterRepoRefactor\NovaForge\Client\App\src\ui\star_map.cpp(710,22): warning C4244: 'initializing': conversion from 'int' to 'float', possible loss of data [C:\GIT PROJECTS\MasterRepoRefactor\Build\NovaForge\Client\NovaForgeClient.vcxproj]
  Generating Code...
