[log] Session started — 2026-03-28T22:25:04Z
[log] Log file: /c/GIT PROJECTS/MasterRepoRefactor/Logs/build/build_20260328_182504.log
================================================================
  MasterRepo Build
  Config  : Debug
  Jobs    : 8
  Tests   : OFF
  Bridge  : OFF
  BuildDir: /c/GIT PROJECTS/MasterRepoRefactor/Build
================================================================

──────────────────────────────────────────────────────────────
  [2026-03-28T22:25:05Z] CMake Configure
──────────────────────────────────────────────────────────────
[cmake] Configuring ...
-- Building for: Visual Studio 17 2022
-- Selecting Windows SDK version 10.0.26100.0 to target Windows 10.0.19045.
-- The CXX compiler identification is MSVC 19.38.33145.0
-- The C compiler identification is MSVC 19.38.33145.0
-- Detecting CXX compiler ABI info
-- Detecting CXX compiler ABI info - done
-- Check for working CXX compiler: C:/Program Files/Microsoft Visual Studio/2022/Community/VC/Tools/MSVC/14.38.33130/bin/Hostx64/x64/cl.exe - skipped
-- Detecting CXX compile features
-- Detecting CXX compile features - done
-- Detecting C compiler ABI info
-- Detecting C compiler ABI info - done
-- Check for working C compiler: C:/Program Files/Microsoft Visual Studio/2022/Community/VC/Tools/MSVC/14.38.33130/bin/Hostx64/x64/cl.exe - skipped
-- Detecting C compile features
-- Detecting C compile features - done
CMake Deprecation Warning at Build/_deps/glm-src/CMakeLists.txt:1 (cmake_minimum_required):
  Compatibility with CMake < 3.10 will be removed from a future version of
  CMake.

  Update the VERSION argument <min> value.  Or, use the <min>...<max> syntax
  to tell CMake that the project requires at least <min> but has been updated
  to work with policies introduced by <max> or earlier.


CMake Deprecation Warning at Build/_deps/glm-src/CMakeLists.txt:2 (cmake_policy):
  Compatibility with CMake < 3.10 will be removed from a future version of
  CMake.

  Update the VERSION argument <min> value.  Or, use the <min>...<max> syntax
  to tell CMake that the project requires at least <min> but has been updated
  to work with policies introduced by <max> or earlier.


-- GLM: Version 1.0.1
-- GLM: Build with C++ features auto detection
-- Performing Test CMAKE_HAVE_LIBC_PTHREAD
-- Performing Test CMAKE_HAVE_LIBC_PTHREAD - Failed
-- Looking for pthread_create in pthreads
-- Looking for pthread_create in pthreads - not found
-- Looking for pthread_create in pthread
-- Looking for pthread_create in pthread - not found
-- Found Threads: TRUE
-- Including Win32 support
CMake Deprecation Warning at Build/_deps/glew-src/CMakeLists.txt:1 (cmake_minimum_required):
  Compatibility with CMake < 3.10 will be removed from a future version of
  CMake.

  Update the VERSION argument <min> value.  Or, use the <min>...<max> syntax
  to tell CMake that the project requires at least <min> but has been updated
  to work with policies introduced by <max> or earlier.


-- Found OpenGL: opengl32
-- Shared: AtlasBridgeContract configured
-- Shared: MasterLogger (header-only) configured
-- AtlasCore: configured
-- AtlasEngine: configured
-- AtlasRuntime: configured
-- AtlasEditor: configured
-- AtlasUI: configured
-- Atlas: modules configured
-- NovaForgeGameplay: configured
-- NovaForgeWorld: configured
-- NovaForgeSave: configured
-- NovaForgeUI: configured
-- NovaForgeApp: configured
-- NovaForge Client: configured
-- NovaForge Server: configured
-- NovaForge: modules configured
-- AtlasBuildService: configured
-- AtlasAssetService: configured
-- AtlasWorldService: configured
-- AtlasSessionService: configured
-- AtlasTelemetryService: configured
-- Services: configured
-- Configuring done (22.0s)
-- Generating done (0.5s)
-- Build files have been written to: C:/GIT PROJECTS/MasterRepoRefactor/Build

──────────────────────────────────────────────────────────────
  [2026-03-28T22:25:27Z] CMake Build
──────────────────────────────────────────────────────────────
[cmake] Building with 8 jobs ...
MSBuild version 17.14.40+3e7442088 for .NET Framework

  1>Checking Build System
  Building Custom Rule C:/GIT PROJECTS/MasterRepoRefactor/Build/_deps/glew-src/CMakeLists.txt
  Building Custom Rule C:/GIT PROJECTS/MasterRepoRefactor/NovaForge/Server/CMakeLists.txt
  Building Custom Rule C:/GIT PROJECTS/MasterRepoRefactor/Build/_deps/glfw-src/src/CMakeLists.txt
  Building Custom Rule C:/GIT PROJECTS/MasterRepoRefactor/Build/_deps/glm-src/glm/CMakeLists.txt
  glew.c
  glm.cpp
  Building Custom Rule C:/GIT PROJECTS/MasterRepoRefactor/Atlas/Core/CMakeLists.txt
  context.c
  App.cpp
  AtlasCore_stub.cpp
  AtlasCore.vcxproj -> C:\GIT PROJECTS\MasterRepoRefactor\Build\Atlas\Core\Debug\AtlasCore.lib
  init.c
  Building Custom Rule C:/GIT PROJECTS/MasterRepoRefactor/NovaForge/Save/CMakeLists.txt
  Building Custom Rule C:/GIT PROJECTS/MasterRepoRefactor/Services/AtlasSessionService/CMakeLists.txt
  Building Custom Rule C:/GIT PROJECTS/MasterRepoRefactor/Services/AtlasTelemetryService/CMakeLists.txt
  Building Custom Rule C:/GIT PROJECTS/MasterRepoRefactor/Atlas/Engine/CMakeLists.txt
  Building Custom Rule C:/GIT PROJECTS/MasterRepoRefactor/Services/AtlasBuildService/CMakeLists.txt
  input.c
  Building Custom Rule C:/GIT PROJECTS/MasterRepoRefactor/NovaForge/UI/CMakeLists.txt
  AtlasSessionService.cpp
  AtlasTelemetryService.cpp
  RuntimeUIShell.cpp
  AtlasEngine_stub.cpp
  Renderer.cpp
  monitor.c
  AtlasBuildService.cpp
  platform.c
  vulkan.c
  window.c
  libglew_static.vcxproj -> C:\GIT PROJECTS\MasterRepoRefactor\Build\_deps\glew-build\lib\Debug\glewd.lib
  SaveManager.cpp
  HUDLayer.cpp
  egl_context.c
  Building Custom Rule C:/GIT PROJECTS/MasterRepoRefactor/Services/AtlasWorldService/CMakeLists.txt
  AtlasTelemetryService.vcxproj -> C:\GIT PROJECTS\MasterRepoRefactor\Build\Services\AtlasTelemetryService\Debug\AtlasTelemetryService.lib
  RenderViewport.cpp
  AtlasSessionService.vcxproj -> C:\GIT PROJECTS\MasterRepoRefactor\Build\Services\AtlasSessionService\Debug\AtlasSessionService.lib
  glm.vcxproj -> C:\GIT PROJECTS\MasterRepoRefactor\Build\_deps\glm-build\glm\Debug\glm.lib
  AtlasWorldService.cpp
  AtlasBuildService.vcxproj -> C:\GIT PROJECTS\MasterRepoRefactor\Build\Services\AtlasBuildService\Debug\AtlasBuildService.lib
  Building Custom Rule C:/GIT PROJECTS/MasterRepoRefactor/Atlas/UI/CMakeLists.txt
  osmesa_context.c
  AtlasUI_stub.cpp
  EngineKernel.cpp
  null_init.c
  Building Custom Rule C:/GIT PROJECTS/MasterRepoRefactor/Services/AtlasAssetService/CMakeLists.txt
  null_monitor.c
  InventoryScreen.cpp
  SaveSystem.cpp
  AtlasAssetService.cpp
  null_window.c
  AtlasUI.vcxproj -> C:\GIT PROJECTS\MasterRepoRefactor\Build\Atlas\UI\Debug\AtlasUI.lib
  AtlasWorldService.vcxproj -> C:\GIT PROJECTS\MasterRepoRefactor\Build\Services\AtlasWorldService\Debug\AtlasWorldService.lib
  InputManager.cpp
  null_joystick.c
  win32_module.c
  Generating Code...
  ContractBoardUI.cpp
  NovaForgeSave.vcxproj -> C:\GIT PROJECTS\MasterRepoRefactor\Build\NovaForge\Save\Debug\NovaForgeSave.lib
  win32_time.c
  AtlasAssetService.vcxproj -> C:\GIT PROJECTS\MasterRepoRefactor\Build\Services\AtlasAssetService\Debug\AtlasAssetService.lib
  win32_thread.c
  InputContextManager.cpp
  win32_init.c
  StationTerminalUI.cpp
  win32_joystick.c
  win32_monitor.c
  GameOrchestrator.cpp
  AssetNamingRules.cpp
  win32_window.c
  FleetProgressionPanel.cpp
  Generating Code...
  Compiling...
  wgl_context.c
  Generating Code...
  AssetImportValidator.cpp
  DataRegistry.cpp
  glfw.vcxproj -> C:\GIT PROJECTS\MasterRepoRefactor\Build\_deps\glfw-build\src\Debug\glfw3.lib
  Generating Code...
  Building Custom Rule C:/GIT PROJECTS/MasterRepoRefactor/NovaForge/Client/CMakeLists.txt
  audio_generator.cpp
  audio_manager.cpp
  character_animation_system.cpp
  NovaForgeUI.vcxproj -> C:\GIT PROJECTS\MasterRepoRefactor\Build\NovaForge\UI\Debug\NovaForgeUI.lib
  PhysicsWorld.cpp
  PhysicsExtensions.cpp
  character_mesh_system.cpp
  AudioEngine.cpp
  DevOverlayState.cpp
  equipment_attachment_system.cpp
  AudioSystem.cpp
  ComponentRegistry.cpp
  NetSession.cpp
  fps_hand_system.cpp
  EntityRegistry.cpp
  ScriptingVM.cpp
  application.cpp
  VerticalSliceBootstrap.cpp
  KeybindConfig.cpp
C:\GIT PROJECTS\MasterRepoRefactor\NovaForge\Client\App\include\core\ship_physics.h(31,46): error C2220: the following warning is treated as an error [C:\GIT PROJECTS\MasterRepoRefactor\Build\NovaForge\Client\NovaForgeClient.vcxproj]
  (compiling source file '../../../NovaForge/Client/App/src/core/application.cpp')
  
C:\GIT PROJECTS\MasterRepoRefactor\NovaForge\Client\App\include\core\ship_physics.h(31,46): warning C4244: 'return': conversion from 'double' to 'float', possible loss of data [C:\GIT PROJECTS\MasterRepoRefactor\Build\NovaForge\Client\NovaForgeClient.vcxproj]
  (compiling source file '../../../NovaForge/Client/App/src/core/application.cpp')
  
  AirlockController.cpp
  SaveLoadExtensions.cpp
  application_entities.cpp
  AnomalySystem.cpp
  AssetImportRules.cpp
  ContractBoardSystem.cpp
C:\GIT PROJECTS\MasterRepoRefactor\NovaForge\Client\App\include\core\ship_physics.h(31,46): error C2220: the following warning is treated as an error [C:\GIT PROJECTS\MasterRepoRefactor\Build\NovaForge\Client\NovaForgeClient.vcxproj]
  (compiling source file '../../../NovaForge/Client/App/src/core/application_entities.cpp')
  
C:\GIT PROJECTS\MasterRepoRefactor\NovaForge\Client\App\include\core\ship_physics.h(31,46): warning C4244: 'return': conversion from 'double' to 'float', possible loss of data [C:\GIT PROJECTS\MasterRepoRefactor\Build\NovaForge\Client\NovaForgeClient.vcxproj]
  (compiling source file '../../../NovaForge/Client/App/src/core/application_entities.cpp')
  
  application_input.cpp
  CraftingSystem.cpp
  PCGDeterminismEngine.cpp
  EVAMovementController.cpp
C:\GIT PROJECTS\MasterRepoRefactor\NovaForge\Client\App\include\core\ship_physics.h(31,46): error C2220: the following warning is treated as an error [C:\GIT PROJECTS\MasterRepoRefactor\Build\NovaForge\Client\NovaForgeClient.vcxproj]
  (compiling source file '../../../NovaForge/Client/App/src/core/application_input.cpp')
  
C:\GIT PROJECTS\MasterRepoRefactor\NovaForge\Client\App\include\core\ship_physics.h(31,46): warning C4244: 'return': conversion from 'double' to 'float', possible loss of data [C:\GIT PROJECTS\MasterRepoRefactor\Build\NovaForge\Client\NovaForgeClient.vcxproj]
  (compiling source file '../../../NovaForge/Client/App/src/core/application_input.cpp')
  
  SchemaVersionRegistry.cpp
  EVATransitionController.cpp
  application_movement.cpp
  SceneNode.cpp
  EconomySystem.cpp
C:\GIT PROJECTS\MasterRepoRefactor\NovaForge\Client\App\include\core\ship_physics.h(31,46): error C2220: the following warning is treated as an error [C:\GIT PROJECTS\MasterRepoRefactor\Build\NovaForge\Client\NovaForgeClient.vcxproj]
  (compiling source file '../../../NovaForge/Client/App/src/core/application_movement.cpp')
  
C:\GIT PROJECTS\MasterRepoRefactor\NovaForge\Client\App\include\core\ship_physics.h(31,46): warning C4244: 'return': conversion from 'double' to 'float', possible loss of data [C:\GIT PROJECTS\MasterRepoRefactor\Build\NovaForge\Client\NovaForgeClient.vcxproj]
  (compiling source file '../../../NovaForge/Client/App/src/core/application_movement.cpp')
  
  SceneGraph.cpp
  EndgameGateSystem.cpp
  application_rendering.cpp
  Generating Code...
  SurvivalController.cpp
  Compiling...
  SceneManager.cpp
C:\GIT PROJECTS\MasterRepoRefactor\NovaForge\Client\App\include\core\ship_physics.h(31,46): error C2220: the following warning is treated as an error [C:\GIT PROJECTS\MasterRepoRefactor\Build\NovaForge\Client\NovaForgeClient.vcxproj]
  (compiling source file '../../../NovaForge/Client/App/src/core/application_rendering.cpp')
  
C:\GIT PROJECTS\MasterRepoRefactor\NovaForge\Client\App\include\core\ship_physics.h(31,46): warning C4244: 'return': conversion from 'double' to 'float', possible loss of data [C:\GIT PROJECTS\MasterRepoRefactor\Build\NovaForge\Client\NovaForgeClient.vcxproj]
  (compiling source file '../../../NovaForge/Client/App/src/core/application_rendering.cpp')
  
  FactionSystem.cpp
  application_state.cpp
  Generating Code...
  AtlasEngine.vcxproj -> C:\GIT PROJECTS\MasterRepoRefactor\Build\Atlas\Engine\Debug\AtlasEngine.lib
  Building Custom Rule C:/GIT PROJECTS/MasterRepoRefactor/NovaForge/Gameplay/CMakeLists.txt
  Building Custom Rule C:/GIT PROJECTS/MasterRepoRefactor/Atlas/Runtime/CMakeLists.txt
  AtlasRuntime_stub.cpp
  Building Custom Rule C:/GIT PROJECTS/MasterRepoRefactor/NovaForge/World/CMakeLists.txt
  NovaForgeWorld_stub.cpp
  World.cpp
  NovaForgeGameplay_stub.cpp
  CombatSystem.cpp
  FleetSystem.cpp
  AtlasRuntime.vcxproj -> C:\GIT PROJECTS\MasterRepoRefactor\Build\Atlas\Runtime\Debug\AtlasRuntime.lib
  Building Custom Rule C:/GIT PROJECTS/MasterRepoRefactor/Atlas/Editor/CMakeLists.txt
  AtlasEditor_stub.cpp
  EditorShell.cpp
  TradeMarket.cpp
C:\GIT PROJECTS\MasterRepoRefactor\NovaForge\Client\App\include\core\ship_physics.h(31,46): error C2220: the following warning is treated as an error [C:\GIT PROJECTS\MasterRepoRefactor\Build\NovaForge\Client\NovaForgeClient.vcxproj]
  (compiling source file '../../../NovaForge/Client/App/src/core/application_state.cpp')
  
C:\GIT PROJECTS\MasterRepoRefactor\NovaForge\Client\App\include\core\ship_physics.h(31,46): warning C4244: 'return': conversion from 'double' to 'float', possible loss of data [C:\GIT PROJECTS\MasterRepoRefactor\Build\NovaForge\Client\NovaForgeClient.vcxproj]
  (compiling source file '../../../NovaForge/Client/App/src/core/application_state.cpp')
  
  Generating Code...
  NovaForgeWorld.vcxproj -> C:\GIT PROJECTS\MasterRepoRefactor\Build\NovaForge\World\Debug\NovaForgeWorld.lib
  GameplayManager.cpp
  ResourceRegistry.cpp
  EditorModeController.cpp
  embedded_server.cpp
  LootResolver.cpp
  EditorInputRouter.cpp
  Generating Code...
  Compiling...
  GameplaySessionController.cpp
  EditorCameraController.cpp
  FactionRegistry.cpp
  ExteriorInteractionSystem.cpp
  MissionRegistry.cpp
  SelectionSystem.cpp
  entity.cpp
  MiningSystem.cpp
  InteractionSystem.cpp
  SceneOutliner.cpp
  entity_manager.cpp
  ExplorationSystem.cpp
  InteriorInteractionSystem.cpp
  PCGWorldGen.cpp
  PropertyInspector.cpp
  InventorySystem.cpp
  entity_message_parser.cpp
  GizmoSystem.cpp
  ProgressionSystem.cpp
  ManufacturingSystem.cpp
  CommandStack.cpp
  PlayerController.cpp
  MetaProgressionSystem.cpp
  BuilderSystem.cpp
  TransformCommand.cpp
  MiningSystem.cpp
  PropertyEditCommand.cpp
  SalvageSystem.cpp
  MissionSystem.cpp
  VoxelEditCommand.cpp
  StationServices.cpp
  file_logger.cpp
  ValidationSystem.cpp
  PlayerController.cpp
  ManufacturingQueue.cpp
  VoxelChunkEditor.cpp
  game_client.cpp
  ContractRewardSystem.cpp
  ProgressionSystem.cpp
  VoxelEditorMode.cpp
  FleetSystem.cpp
  SalvageSystem.cpp
  PCGDebugSystem.cpp
  WorldSimSystem.cpp
  SeasonResetSystem.cpp
  InventorySystem.cpp
  SceneHierarchySystem.cpp
  SectorSystem.cpp
  Generating Code...
  PlacementSystem.cpp
  Compiling...
  StorageSystem.cpp
  session_manager.cpp
  ServiceTerminalSystem.cpp
  PrefabLibrary.cpp
  ProgressionRewardSystem.cpp
  Generating Code...
  ShipInteriorShell.cpp
  Compiling...
  PrefabManager.cpp
  UnifiedDataRegistry.cpp
  ShipProgressionSystem.cpp
  EditorDockLayout.cpp
  TitanRaceSystem.cpp
  ship_physics.cpp
  StationServiceSystem.cpp
  DiffReviewPanel.cpp
  AnomalySystem.cpp
C:\GIT PROJECTS\MasterRepoRefactor\NovaForge\Client\App\include\core\ship_physics.h(31,46): error C2220: the following warning is treated as an error [C:\GIT PROJECTS\MasterRepoRefactor\Build\NovaForge\Client\NovaForgeClient.vcxproj]
  (compiling source file '../../../NovaForge/Client/App/src/core/ship_physics.cpp')
  
C:\GIT PROJECTS\MasterRepoRefactor\NovaForge\Client\App\include\core\ship_physics.h(31,46): warning C4244: 'return': conversion from 'double' to 'float', possible loss of data [C:\GIT PROJECTS\MasterRepoRefactor\Build\NovaForge\Client\NovaForgeClient.vcxproj]
  (compiling source file '../../../NovaForge/Client/App/src/core/ship_physics.cpp')
  
C:\GIT PROJECTS\MasterRepoRefactor\NovaForge\Client\App\src\core\ship_physics.cpp(373,11): warning C4189: 'currentSpeed': local variable is initialized but not referenced [C:\GIT PROJECTS\MasterRepoRefactor\Build\NovaForge\Client\NovaForgeClient.vcxproj]
  Generating Code...
  StorageSystem.cpp
  DesignDocPanel.cpp
  WarSectorSystem.cpp
  Compiling...
  solar_system_scene.cpp
  TetherController.cpp
  FeatureChecklistPanel.cpp
  GameplayConnector.cpp
C:\GIT PROJECTS\MasterRepoRefactor\NovaForge\Client\App\include\core\ship_physics.h(31,46): error C2220: the following warning is treated as an error [C:\GIT PROJECTS\MasterRepoRefactor\Build\NovaForge\Client\NovaForgeClient.vcxproj]
  (compiling source file '../../../NovaForge/Client/App/src/core/solar_system_scene.cpp')
  
C:\GIT PROJECTS\MasterRepoRefactor\NovaForge\Client\App\include\core\ship_physics.h(31,46): warning C4244: 'return': conversion from 'double' to 'float', possible loss of data [C:\GIT PROJECTS\MasterRepoRefactor\Build\NovaForge\Client\NovaForgeClient.vcxproj]
  (compiling source file '../../../NovaForge/Client/App/src/core/solar_system_scene.cpp')
  
  ContractRewardConnector.cpp
  Generating Code...
  ADLPanel.cpp
  editor_command_bus.cpp
  Compiling...
  TitanConstructionSystem.cpp
  MarketContractBridge.cpp
  editor_event_bus.cpp
  ConsolePanel.cpp
  TradeSystem.cpp
C:\GIT PROJECTS\MasterRepoRefactor\Atlas\Editor\Framework\ui\EditorPanel.h(3,10): error C1083: Cannot open include file: '../../cpp_client/include/ui/atlas/atlas_types.h': No such file or directory [C:\GIT PROJECTS\MasterRepoRefactor\Build\Atlas\Editor\AtlasEditor.vcxproj]
  (compiling source file '../../../Atlas/Editor/Panels/ConsolePanel.cpp')
  
  ECSInspectorPanel.cpp
  editor_tool_layer.cpp
  scene_bookmark_manager.cpp
  CharacterSystem.cpp
C:\GIT PROJECTS\MasterRepoRefactor\Atlas\Editor\Framework\ui\EditorPanel.h(3,10): error C1083: Cannot open include file: '../../cpp_client/include/ui/atlas/atlas_types.h': No such file or directory [C:\GIT PROJECTS\MasterRepoRefactor\Build\Atlas\Editor\AtlasEditor.vcxproj]
  (compiling source file '../../../Atlas/Editor/Panels/ECSInspectorPanel.cpp')
  
  NetInspectorPanel.cpp
  UpgradeSystem.cpp
C:\GIT PROJECTS\MasterRepoRefactor\Atlas\Editor\Framework\ui\EditorPanel.h(3,10): error C1083: Cannot open include file: '../../cpp_client/include/ui/atlas/atlas_types.h': No such file or directory [C:\GIT PROJECTS\MasterRepoRefactor\Build\Atlas\Editor\AtlasEditor.vcxproj]
  (compiling source file '../../../Atlas/Editor/Panels/NetInspectorPanel.cpp')
  
  AIAggregator.cpp
  CharacterControllerShell.cpp
  LocalLLMBackend.cpp
  WarSystem.cpp
  AnimationController.cpp
  undoable_command_bus.cpp
  WorldSimController.cpp
C:\GIT PROJECTS\MasterRepoRefactor\Atlas\Editor\EditorServices\AI\LocalLLMBackend.cpp(319,28): error C2220: the following warning is treated as an error [C:\GIT PROJECTS\MasterRepoRefactor\Build\Atlas\Editor\AtlasEditor.vcxproj]
C:\GIT PROJECTS\MasterRepoRefactor\Atlas\Editor\EditorServices\AI\LocalLLMBackend.cpp(319,28): warning C4996: 'getenv': This function or variable may be unsafe. Consider using _dupenv_s instead. To disable deprecation, use _CRT_SECURE_NO_WARNINGS. See online help for details. [C:\GIT PROJECTS\MasterRepoRefactor\Build\Atlas\Editor\AtlasEditor.vcxproj]
  TemplateAIBackend.cpp
  EquipmentSystem.cpp
  network_manager.cpp
  InputConfig.cpp
  InputRouter.cpp
  MechPossessionSystem.cpp
  UIThemeManager.cpp
  IntegrationCoordinator.cpp
  UIWidgetRegistry.cpp
  CharacterStateAuthority.cpp
  Generating Code...
  AIBridgeAdapter.cpp
  CharacterTransitionRules.cpp
  TaskParserBridge.cpp
  AnimationLayerSystem.cpp
  LegacySourceClassifier.cpp
  protocol_handler.cpp
  DataConversionUtils.cpp
  IKSystem.cpp
  FactionAdapter.cpp
  ItemAdapter.cpp
  FPSPresentationSystem.cpp
  LegacyDataAdapter.cpp
  CharacterEditorSystem.cpp
  MissionAdapter.cpp
  Generating Code...
  tcp_client.cpp
  ModuleAdapter.cpp
  Compiling...
  ToolInteractionShell.cpp
  NovaForgeIngestionManifest.cpp
  RecipeAdapter.cpp
  Generating Code...
  NovaForgeGameplay.vcxproj -> C:\GIT PROJECTS\MasterRepoRefactor\Build\NovaForge\Gameplay\Debug\NovaForgeGameplay.lib
  asteroid_field_renderer.cpp
  CraftingBridgeAdapter.cpp
  Generating Code...
  Compiling...
  InteractionBridgeAdapter.cpp
C:\GIT PROJECTS\MasterRepoRefactor\NovaForge\Client\App\src\rendering\asteroid_field_renderer.cpp(151,33): error C2220: the following warning is treated as an error [C:\GIT PROJECTS\MasterRepoRefactor\Build\NovaForge\Client\NovaForgeClient.vcxproj]
C:\GIT PROJECTS\MasterRepoRefactor\NovaForge\Client\App\src\rendering\asteroid_field_renderer.cpp(151,33): warning C4267: 'argument': conversion from 'size_t' to 'int', possible loss of data [C:\GIT PROJECTS\MasterRepoRefactor\Build\NovaForge\Client\NovaForgeClient.vcxproj]
C:\GIT PROJECTS\MasterRepoRefactor\NovaForge\Client\App\src\rendering\asteroid_field_renderer.cpp(152,37): warning C4267: 'argument': conversion from 'size_t' to 'int', possible loss of data [C:\GIT PROJECTS\MasterRepoRefactor\Build\NovaForge\Client\NovaForgeClient.vcxproj]
C:\GIT PROJECTS\MasterRepoRefactor\NovaForge\Client\App\src\rendering\asteroid_field_renderer.cpp(153,37): warning C4267: 'argument': conversion from 'size_t' to 'int', possible loss of data [C:\GIT PROJECTS\MasterRepoRefactor\Build\NovaForge\Client\NovaForgeClient.vcxproj]
C:\GIT PROJECTS\MasterRepoRefactor\NovaForge\Client\App\src\rendering\asteroid_field_renderer.cpp(343,73): warning C4267: '=': conversion from 'size_t' to 'int', possible loss of data [C:\GIT PROJECTS\MasterRepoRefactor\Build\NovaForge\Client\NovaForgeClient.vcxproj]
  InventoryBridgeAdapter.cpp
  camera.cpp
  ToolingBridgeAdapter.cpp
  damage_effect_helper.cpp
  WorkspaceBridgeAdapter.cpp
  ModuleRegistry.cpp
  frustum_culler.cpp
  ModuleSubsystem.cpp
  gbuffer.cpp
  AsteroidFieldGenerator.cpp
  healthbar_renderer.cpp
  DerelictGenerator.cpp
  instanced_renderer.cpp
  Renderer.cpp
  SaveManager.cpp
  lighting.cpp
  ToolingSubsystem.cpp
C:\GIT PROJECTS\MasterRepoRefactor\NovaForge\Client\App\src\rendering\lighting.cpp(20,28): error C2220: the following warning is treated as an error [C:\GIT PROJECTS\MasterRepoRefactor\Build\NovaForge\Client\NovaForgeClient.vcxproj]
C:\GIT PROJECTS\MasterRepoRefactor\NovaForge\Client\App\src\rendering\lighting.cpp(20,28): warning C4267: 'return': conversion from 'size_t' to 'int', possible loss of data [C:\GIT PROJECTS\MasterRepoRefactor\Build\NovaForge\Client\NovaForgeClient.vcxproj]
  lod_manager.cpp
  RuntimeHUDController.cpp
  RuntimeHUDRenderer.cpp
  mesh.cpp
  RuntimeUIHooks.cpp
  model.cpp
  VerticalSliceUI.cpp
  StructureRegistry.cpp
  VoxelSubsystem.cpp
  SystemScheduler.cpp
C:\GIT PROJECTS\MasterRepoRefactor\NovaForge\Client\App\src\rendering\model.cpp(1222,18): error C2220: the following warning is treated as an error [C:\GIT PROJECTS\MasterRepoRefactor\Build\NovaForge\Client\NovaForgeClient.vcxproj]
C:\GIT PROJECTS\MasterRepoRefactor\NovaForge\Client\App\src\rendering\model.cpp(1222,18): warning C4267: 'initializing': conversion from 'size_t' to 'int', possible loss of data [C:\GIT PROJECTS\MasterRepoRefactor\Build\NovaForge\Client\NovaForgeClient.vcxproj]
C:\GIT PROJECTS\MasterRepoRefactor\NovaForge\Client\App\src\rendering\model.cpp(1249,18): warning C4267: 'initializing': conversion from 'size_t' to 'int', possible loss of data [C:\GIT PROJECTS\MasterRepoRefactor\Build\NovaForge\Client\NovaForgeClient.vcxproj]
C:\GIT PROJECTS\MasterRepoRefactor\NovaForge\Client\App\src\rendering\model.cpp(1276,18): warning C4267: 'initializing': conversion from 'size_t' to 'int', possible loss of data [C:\GIT PROJECTS\MasterRepoRefactor\Build\NovaForge\Client\NovaForgeClient.vcxproj]
C:\GIT PROJECTS\MasterRepoRefactor\NovaForge\Client\App\src\rendering\model.cpp(1299,18): warning C4267: 'initializing': conversion from 'size_t' to 'int', possible loss of data [C:\GIT PROJECTS\MasterRepoRefactor\Build\NovaForge\Client\NovaForgeClient.vcxproj]
C:\GIT PROJECTS\MasterRepoRefactor\NovaForge\Client\App\src\rendering\model.cpp(1324,18): warning C4267: 'initializing': conversion from 'size_t' to 'int', possible loss of data [C:\GIT PROJECTS\MasterRepoRefactor\Build\NovaForge\Client\NovaForgeClient.vcxproj]
C:\Program Files\Microsoft Visual Studio\2022\Community\VC\Tools\MSVC\14.38.33130\include\algorithm(3456,24): warning C4244: '=': conversion from 'int' to 'char', possible loss of data [C:\GIT PROJECTS\MasterRepoRefactor\Build\NovaForge\Client\NovaForgeClient.vcxproj]
  (compiling source file '../../../NovaForge/Client/App/src/rendering/model.cpp')
      C:\Program Files\Microsoft Visual Studio\2022\Community\VC\Tools\MSVC\14.38.33130\include\algorithm(3456,24):
      the template instantiation context (the oldest one first) is
          C:\GIT PROJECTS\MasterRepoRefactor\NovaForge\Client\App\src\rendering\model.cpp(60,14):
          see reference to function template instantiation '_OutIt std::transform<std::_String_iterator<std::_String_val<std::_Simple_types<_Elem>>>,std::_String_iterator<std::_String_val<std::_Simple_types<_Elem>>>,int(__cdecl *)(int)>(const _InIt,const _InIt,_OutIt,_Fn)' being compiled
          with
          [
              _OutIt=std::_String_iterator<std::_String_val<std::_Simple_types<char>>>,
              _Elem=char,
              _InIt=std::_String_iterator<std::_String_val<std::_Simple_types<char>>>,
              _Fn=int (__cdecl *)(int)
          ]
  
  World.cpp
  Generating Code...
  Generating Code...
  NovaForgeServer.vcxproj -> C:\GIT PROJECTS\MasterRepoRefactor\Build\NovaForge\Server\Debug\NovaForgeServer.lib
  Compiling...
  particle_system.cpp
  pbr_materials.cpp
  post_processing.cpp
C:\GIT PROJECTS\MasterRepoRefactor\NovaForge\Client\App\src\rendering\post_processing.cpp(350,16): error C2220: the following warning is treated as an error [C:\GIT PROJECTS\MasterRepoRefactor\Build\NovaForge\Client\NovaForgeClient.vcxproj]
C:\GIT PROJECTS\MasterRepoRefactor\NovaForge\Client\App\src\rendering\post_processing.cpp(350,16): warning C4267: 'initializing': conversion from 'size_t' to 'int', possible loss of data [C:\GIT PROJECTS\MasterRepoRefactor\Build\NovaForge\Client\NovaForgeClient.vcxproj]
  procedural_mesh_ops.cpp
  procedural_ship_generator.cpp
C:\Program Files\Microsoft Visual Studio\2022\Community\VC\Tools\MSVC\14.38.33130\include\algorithm(3456,24): error C2220: the following warning is treated as an error [C:\GIT PROJECTS\MasterRepoRefactor\Build\NovaForge\Client\NovaForgeClient.vcxproj]
  (compiling source file '../../../NovaForge/Client/App/src/rendering/procedural_ship_generator.cpp')
  
C:\Program Files\Microsoft Visual Studio\2022\Community\VC\Tools\MSVC\14.38.33130\include\algorithm(3456,24): warning C4244: '=': conversion from 'int' to 'char', possible loss of data [C:\GIT PROJECTS\MasterRepoRefactor\Build\NovaForge\Client\NovaForgeClient.vcxproj]
  (compiling source file '../../../NovaForge/Client/App/src/rendering/procedural_ship_generator.cpp')
      C:\Program Files\Microsoft Visual Studio\2022\Community\VC\Tools\MSVC\14.38.33130\include\algorithm(3456,24):
      the template instantiation context (the oldest one first) is
          C:\GIT PROJECTS\MasterRepoRefactor\NovaForge\Client\App\src\rendering\procedural_ship_generator.cpp(901,10):
          see reference to function template instantiation '_OutIt std::transform<std::_String_iterator<std::_String_val<std::_Simple_types<_Elem>>>,std::_String_iterator<std::_String_val<std::_Simple_types<_Elem>>>,int(__cdecl *)(int)>(const _InIt,const _InIt,_OutIt,_Fn)' being compiled
          with
          [
              _OutIt=std::_String_iterator<std::_String_val<std::_Simple_types<char>>>,
              _Elem=char,
              _InIt=std::_String_iterator<std::_String_val<std::_Simple_types<char>>>,
              _Fn=int (__cdecl *)(int)
          ]
  
  reference_model_analyzer.cpp
C:\Program Files\Microsoft Visual Studio\2022\Community\VC\Tools\MSVC\14.38.33130\include\algorithm(3456,24): error C2220: the following warning is treated as an error [C:\GIT PROJECTS\MasterRepoRefactor\Build\NovaForge\Client\NovaForgeClient.vcxproj]
  (compiling source file '../../../NovaForge/Client/App/src/rendering/reference_model_analyzer.cpp')
  
C:\Program Files\Microsoft Visual Studio\2022\Community\VC\Tools\MSVC\14.38.33130\include\algorithm(3456,24): warning C4244: '=': conversion from 'int' to 'char', possible loss of data [C:\GIT PROJECTS\MasterRepoRefactor\Build\NovaForge\Client\NovaForgeClient.vcxproj]
  (compiling source file '../../../NovaForge/Client/App/src/rendering/reference_model_analyzer.cpp')
      C:\Program Files\Microsoft Visual Studio\2022\Community\VC\Tools\MSVC\14.38.33130\include\algorithm(3456,24):
      the template instantiation context (the oldest one first) is
          C:\GIT PROJECTS\MasterRepoRefactor\NovaForge\Client\App\src\rendering\reference_model_analyzer.cpp(144,10):
          see reference to function template instantiation '_OutIt std::transform<std::_String_iterator<std::_String_val<std::_Simple_types<_Elem>>>,std::_String_iterator<std::_String_val<std::_Simple_types<_Elem>>>,int(__cdecl *)(int)>(const _InIt,const _InIt,_OutIt,_Fn)' being compiled
          with
          [
              _OutIt=std::_String_iterator<std::_String_val<std::_Simple_types<char>>>,
              _Elem=char,
              _InIt=std::_String_iterator<std::_String_val<std::_Simple_types<char>>>,
              _Fn=int (__cdecl *)(int)
          ]
  
  renderer.cpp
C:\GIT PROJECTS\MasterRepoRefactor\NovaForge\Client\App\src\rendering\renderer.cpp(369,30): error C2220: the following warning is treated as an error [C:\GIT PROJECTS\MasterRepoRefactor\Build\NovaForge\Client\NovaForgeClient.vcxproj]
C:\GIT PROJECTS\MasterRepoRefactor\NovaForge\Client\App\src\rendering\renderer.cpp(369,30): warning C4244: '=': conversion from 'const int' to 'float', possible loss of data [C:\GIT PROJECTS\MasterRepoRefactor\Build\NovaForge\Client\NovaForgeClient.vcxproj]
C:\GIT PROJECTS\MasterRepoRefactor\NovaForge\Client\App\src\rendering\renderer.cpp(371,29): warning C4244: '=': conversion from 'const int' to 'float', possible loss of data [C:\GIT PROJECTS\MasterRepoRefactor\Build\NovaForge\Client\NovaForgeClient.vcxproj]
C:\GIT PROJECTS\MasterRepoRefactor\NovaForge\Client\App\src\rendering\renderer.cpp(373,28): warning C4244: '=': conversion from 'const int' to 'float', possible loss of data [C:\GIT PROJECTS\MasterRepoRefactor\Build\NovaForge\Client\NovaForgeClient.vcxproj]
C:\GIT PROJECTS\MasterRepoRefactor\NovaForge\Client\App\src\rendering\renderer.cpp(404,38): warning C4244: '=': conversion from 'const int' to 'float', possible loss of data [C:\GIT PROJECTS\MasterRepoRefactor\Build\NovaForge\Client\NovaForgeClient.vcxproj]
C:\GIT PROJECTS\MasterRepoRefactor\NovaForge\Client\App\src\rendering\renderer.cpp(406,37): warning C4244: '=': conversion from 'const int' to 'float', possible loss of data [C:\GIT PROJECTS\MasterRepoRefactor\Build\NovaForge\Client\NovaForgeClient.vcxproj]
C:\GIT PROJECTS\MasterRepoRefactor\NovaForge\Client\App\src\rendering\renderer.cpp(408,36): warning C4244: '=': conversion from 'const int' to 'float', possible loss of data [C:\GIT PROJECTS\MasterRepoRefactor\Build\NovaForge\Client\NovaForgeClient.vcxproj]
  resolution_manager.cpp
  shader.cpp
  shadow_map.cpp
  ship_generation_rules.cpp
  ship_part_library.cpp
  station_renderer.cpp
C:\GIT PROJECTS\MasterRepoRefactor\NovaForge\Client\App\src\rendering\station_renderer.cpp(189,30): error C2220: the following warning is treated as an error [C:\GIT PROJECTS\MasterRepoRefactor\Build\NovaForge\Client\NovaForgeClient.vcxproj]
C:\GIT PROJECTS\MasterRepoRefactor\NovaForge\Client\App\src\rendering\station_renderer.cpp(189,30): warning C4267: 'initializing': conversion from 'size_t' to 'unsigned int', possible loss of data [C:\GIT PROJECTS\MasterRepoRefactor\Build\NovaForge\Client\NovaForgeClient.vcxproj]
C:\GIT PROJECTS\MasterRepoRefactor\NovaForge\Client\App\src\rendering\station_renderer.cpp(209,29): warning C4267: 'initializing': conversion from 'size_t' to 'unsigned int', possible loss of data [C:\GIT PROJECTS\MasterRepoRefactor\Build\NovaForge\Client\NovaForgeClient.vcxproj]
C:\GIT PROJECTS\MasterRepoRefactor\NovaForge\Client\App\src\rendering\station_renderer.cpp(236,30): warning C4267: 'initializing': conversion from 'size_t' to 'unsigned int', possible loss of data [C:\GIT PROJECTS\MasterRepoRefactor\Build\NovaForge\Client\NovaForgeClient.vcxproj]
C:\GIT PROJECTS\MasterRepoRefactor\NovaForge\Client\App\src\rendering\station_renderer.cpp(384,30): warning C4267: 'initializing': conversion from 'size_t' to 'unsigned int', possible loss of data [C:\GIT PROJECTS\MasterRepoRefactor\Build\NovaForge\Client\NovaForgeClient.vcxproj]
C:\GIT PROJECTS\MasterRepoRefactor\NovaForge\Client\App\src\rendering\station_renderer.cpp(431,30): warning C4267: 'initializing': conversion from 'size_t' to 'unsigned int', possible loss of data [C:\GIT PROJECTS\MasterRepoRefactor\Build\NovaForge\Client\NovaForgeClient.vcxproj]
C:\GIT PROJECTS\MasterRepoRefactor\NovaForge\Client\App\src\rendering\station_renderer.cpp(433,15): warning C4189: 'length': local variable is initialized but not referenced [C:\GIT PROJECTS\MasterRepoRefactor\Build\NovaForge\Client\NovaForgeClient.vcxproj]
C:\GIT PROJECTS\MasterRepoRefactor\NovaForge\Client\App\src\rendering\station_renderer.cpp(494,26): warning C4267: 'initializing': conversion from 'size_t' to 'unsigned int', possible loss of data [C:\GIT PROJECTS\MasterRepoRefactor\Build\NovaForge\Client\NovaForgeClient.vcxproj]
C:\GIT PROJECTS\MasterRepoRefactor\NovaForge\Client\App\src\rendering\station_renderer.cpp(494,18): warning C4189: 'baseIdx': local variable is initialized but not referenced [C:\GIT PROJECTS\MasterRepoRefactor\Build\NovaForge\Client\NovaForgeClient.vcxproj]
C:\GIT PROJECTS\MasterRepoRefactor\NovaForge\Client\App\src\rendering\station_renderer.cpp(599,30): warning C4267: 'initializing': conversion from 'size_t' to 'unsigned int', possible loss of data [C:\GIT PROJECTS\MasterRepoRefactor\Build\NovaForge\Client\NovaForgeClient.vcxproj]
  texture.cpp
  visual_effects.cpp
  warp_effect_renderer.cpp
  window.cpp
  atlas_console.cpp
  atlas_context.cpp
  atlas_hud.cpp
  Generating Code...
  Compiling...
  atlas_pause_menu.cpp
  atlas_renderer.cpp
  atlas_title_screen.cpp
C:\GIT PROJECTS\MasterRepoRefactor\NovaForge\Client\App\src\ui\atlas\atlas_title_screen.cpp(670,11): error C2220: the following warning is treated as an error [C:\GIT PROJECTS\MasterRepoRefactor\Build\NovaForge\Client\NovaForgeClient.vcxproj]
C:\GIT PROJECTS\MasterRepoRefactor\NovaForge\Client\App\src\ui\atlas\atlas_title_screen.cpp(670,11): warning C4189: 'scale': local variable is initialized but not referenced [C:\GIT PROJECTS\MasterRepoRefactor\Build\NovaForge\Client\NovaForgeClient.vcxproj]
C:\GIT PROJECTS\MasterRepoRefactor\NovaForge\Client\App\src\ui\atlas\atlas_title_screen.cpp(762,15): warning C4189: 'hh': local variable is initialized but not referenced [C:\GIT PROJECTS\MasterRepoRefactor\Build\NovaForge\Client\NovaForgeClient.vcxproj]
  atlas_widgets.cpp
  atlas_widgets_cards.cpp
  atlas_widgets_effects.cpp
  atlas_widgets_forms.cpp
  atlas_widgets_hud.cpp
  atlas_widgets_lists.cpp
  atlas_widgets_menus.cpp
  atlas_widgets_panels.cpp
  atlas_widgets_sidebar.cpp
  context_menu.cpp
  entity_picker.cpp
C:\GIT PROJECTS\MasterRepoRefactor\NovaForge\Client\App\src\ui\entity_picker.cpp(101,13): error C2220: the following warning is treated as an error [C:\GIT PROJECTS\MasterRepoRefactor\Build\NovaForge\Client\NovaForgeClient.vcxproj]
C:\GIT PROJECTS\MasterRepoRefactor\NovaForge\Client\App\src\ui\entity_picker.cpp(101,13): warning C4244: 'initializing': conversion from 'double' to 'float', possible loss of data [C:\GIT PROJECTS\MasterRepoRefactor\Build\NovaForge\Client\NovaForgeClient.vcxproj]
C:\GIT PROJECTS\MasterRepoRefactor\NovaForge\Client\App\src\ui\entity_picker.cpp(102,13): warning C4244: 'initializing': conversion from 'double' to 'float', possible loss of data [C:\GIT PROJECTS\MasterRepoRefactor\Build\NovaForge\Client\NovaForgeClient.vcxproj]
  input_handler.cpp
  layout_manager.cpp
  radial_menu.cpp
  rml_ui_manager.cpp
  star_map.cpp
C:\GIT PROJECTS\MasterRepoRefactor\NovaForge\Client\App\src\ui\star_map.cpp(367,48): error C2220: the following warning is treated as an error [C:\GIT PROJECTS\MasterRepoRefactor\Build\NovaForge\Client\NovaForgeClient.vcxproj]
C:\GIT PROJECTS\MasterRepoRefactor\NovaForge\Client\App\src\ui\star_map.cpp(367,48): warning C4267: 'argument': conversion from 'size_t' to 'GLsizei', possible loss of data [C:\GIT PROJECTS\MasterRepoRefactor\Build\NovaForge\Client\NovaForgeClient.vcxproj]
C:\GIT PROJECTS\MasterRepoRefactor\NovaForge\Client\App\src\ui\star_map.cpp(376,52): warning C4267: 'argument': conversion from 'size_t' to 'GLsizei', possible loss of data [C:\GIT PROJECTS\MasterRepoRefactor\Build\NovaForge\Client\NovaForgeClient.vcxproj]
C:\GIT PROJECTS\MasterRepoRefactor\NovaForge\Client\App\src\ui\star_map.cpp(442,52): warning C4267: 'argument': conversion from 'size_t' to 'GLsizei', possible loss of data [C:\GIT PROJECTS\MasterRepoRefactor\Build\NovaForge\Client\NovaForgeClient.vcxproj]
C:\GIT PROJECTS\MasterRepoRefactor\NovaForge\Client\App\src\ui\star_map.cpp(540,48): warning C4267: 'argument': conversion from 'size_t' to 'GLsizei', possible loss of data [C:\GIT PROJECTS\MasterRepoRefactor\Build\NovaForge\Client\NovaForgeClient.vcxproj]
C:\GIT PROJECTS\MasterRepoRefactor\NovaForge\Client\App\src\ui\star_map.cpp(666,24): warning C4267: 'return': conversion from 'size_t' to 'int', possible loss of data [C:\GIT PROJECTS\MasterRepoRefactor\Build\NovaForge\Client\NovaForgeClient.vcxproj]
C:\GIT PROJECTS\MasterRepoRefactor\NovaForge\Client\App\src\ui\star_map.cpp(709,22): warning C4244: 'initializing': conversion from 'int' to 'float', possible loss of data [C:\GIT PROJECTS\MasterRepoRefactor\Build\NovaForge\Client\NovaForgeClient.vcxproj]
C:\GIT PROJECTS\MasterRepoRefactor\NovaForge\Client\App\src\ui\star_map.cpp(710,22): warning C4244: 'initializing': conversion from 'int' to 'float', possible loss of data [C:\GIT PROJECTS\MasterRepoRefactor\Build\NovaForge\Client\NovaForgeClient.vcxproj]
  Generating Code...
