[log] Session started — 2026-03-28T19:24:47Z
[log] Log file: /c/GIT PROJECTS/MasterRepoRefactor/Logs/build/build_20260328_152447.log
================================================================
  MasterRepo Build
  Config  : Release
  Jobs    : 8
  Tests   : ON
  Bridge  : OFF
  BuildDir: /c/GIT PROJECTS/MasterRepoRefactor/Build
================================================================

──────────────────────────────────────────────────────────────
  [2026-03-28T19:24:47Z] CMake Configure
──────────────────────────────────────────────────────────────
[cmake] Configuring ...
-- Selecting Windows SDK version 10.0.26100.0 to target Windows 10.0.19045.
-- Shared: AtlasBridgeContract configured
-- Shared: MasterLogger (header-only) configured
-- AtlasCore: configured
-- AtlasEngine: configured
-- AtlasRuntime: configured
-- AtlasEditor: configured
-- AtlasUI: configured
-- Atlas: modules configured
-- NovaForgeGameplay: configured
-- NovaForgeWorld: configured
-- NovaForgeSave: configured
-- NovaForgeUI: configured
-- NovaForgeApp: configured
-- NovaForge Client: configured
-- NovaForge Server: configured
-- NovaForge: modules configured
-- AtlasBuildService: configured
-- AtlasAssetService: configured
-- AtlasWorldService: configured
-- AtlasSessionService: configured
-- AtlasTelemetryService: configured
-- Services: configured
-- Tests/Integration: configured
-- Tests/BuildVerification: configured
-- Tests/Tooling: configured
-- Tests: configured
-- Configuring done (0.2s)
-- Generating done (0.6s)
-- Build files have been written to: C:/GIT PROJECTS/MasterRepoRefactor/Build

──────────────────────────────────────────────────────────────
  [2026-03-28T19:24:48Z] CMake Build
──────────────────────────────────────────────────────────────
[cmake] Building with 8 jobs ...
MSBuild version 17.14.40+3e7442088 for .NET Framework

  1>Checking Build System
  Building Custom Rule C:/GIT PROJECTS/MasterRepoRefactor/Tests/BuildVerification/CMakeLists.txt
  bridge_types_compile_test.cpp
  audio_generator.cpp
  audio_manager.cpp
  character_animation_system.cpp
  AtlasCore_stub.cpp
  App.cpp
  AtlasCore.vcxproj -> C:\GIT PROJECTS\MasterRepoRefactor\Build\Atlas\Core\Debug\AtlasCore.lib
  AtlasTelemetryService.cpp
  AtlasEngine_stub.cpp
  AtlasSessionService.cpp
  Renderer.cpp
  RuntimeUIShell.cpp
  AtlasWorldService.cpp
  character_mesh_system.cpp
  AtlasUI_stub.cpp
C:\GIT PROJECTS\MasterRepoRefactor\NovaForge\Server\Source\Core\App.cpp(3,10): error C1083: Cannot open include file: 'Shared/Logging/MasterLogger.h': No such file or directory [C:\GIT PROJECTS\MasterRepoRefactor\Build\NovaForge\Server\NovaForgeServer.vcxproj]
C:\GIT PROJECTS\MasterRepoRefactor\NovaForge\Client\App\include\characters\character_animation_system.h(5,10): error C1083: Cannot open include file: 'glm/glm.hpp': No such file or directory [C:\GIT PROJECTS\MasterRepoRefactor\Build\NovaForge\Client\NovaForgeClient.vcxproj]
  (compiling source file '../../../NovaForge/Client/App/src/characters/character_animation_system.cpp')
  
  EngineKernel.cpp
  SaveManager.cpp
C:\GIT PROJECTS\MasterRepoRefactor\NovaForge\Client\App\include\characters\character_mesh_system.h(7,10): error C1083: Cannot open include file: 'glm/glm.hpp': No such file or directory [C:\GIT PROJECTS\MasterRepoRefactor\Build\NovaForge\Client\NovaForgeClient.vcxproj]
  (compiling source file '../../../NovaForge/Client/App/src/characters/character_mesh_system.cpp')
  
  equipment_attachment_system.cpp
  AtlasAssetService.cpp
C:\GIT PROJECTS\MasterRepoRefactor\Atlas\Engine\Rendering\Renderer.cpp(18,39): error C2662: 'VoxelSubsystem &World::GetVoxelSubsystem(void)': cannot convert 'this' pointer from 'const World' to 'World &' [C:\GIT PROJECTS\MasterRepoRefactor\Build\Atlas\Engine\AtlasEngine.vcxproj]
      C:\GIT PROJECTS\MasterRepoRefactor\Atlas\Engine\Rendering\Renderer.cpp(18,32):
      Conversion loses qualifiers
      C:\GIT PROJECTS\MasterRepoRefactor\Atlas\Engine\World\World.h(24,21):
      see declaration of 'World::GetVoxelSubsystem'
      C:\GIT PROJECTS\MasterRepoRefactor\Atlas\Engine\Rendering\Renderer.cpp(18,39):
      while trying to match the argument list '()'
  
C:\GIT PROJECTS\MasterRepoRefactor\Atlas\Engine\Rendering\Renderer.cpp(19,40): error C2662: 'ModuleSubsystem &World::GetModuleSubsystem(void)': cannot convert 'this' pointer from 'const World' to 'World &' [C:\GIT PROJECTS\MasterRepoRefactor\Build\Atlas\Engine\AtlasEngine.vcxproj]
      C:\GIT PROJECTS\MasterRepoRefactor\Atlas\Engine\Rendering\Renderer.cpp(19,33):
      Conversion loses qualifiers
      C:\GIT PROJECTS\MasterRepoRefactor\Atlas\Engine\World\World.h(25,22):
      see declaration of 'World::GetModuleSubsystem'
      C:\GIT PROJECTS\MasterRepoRefactor\Atlas\Engine\Rendering\Renderer.cpp(19,40):
      while trying to match the argument list '()'
  
  RenderViewport.cpp
C:\GIT PROJECTS\MasterRepoRefactor\NovaForge\Server\Source\Core\EngineKernel.cpp(6,10): error C1083: Cannot open include file: 'Shared/Logging/MasterLogger.h': No such file or directory [C:\GIT PROJECTS\MasterRepoRefactor\Build\NovaForge\Server\NovaForgeServer.vcxproj]
  GameOrchestrator.cpp
  AtlasBuildService.cpp
  HUDLayer.cpp
  SaveSystem.cpp
  AtlasWorldService.vcxproj -> C:\GIT PROJECTS\MasterRepoRefactor\Build\Services\AtlasWorldService\Debug\AtlasWorldService.lib
C:\GIT PROJECTS\MasterRepoRefactor\NovaForge\Client\App\include\characters\equipment_attachment_system.h(6,10): error C1083: Cannot open include file: 'glm/glm.hpp': No such file or directory [C:\GIT PROJECTS\MasterRepoRefactor\Build\NovaForge\Client\NovaForgeClient.vcxproj]
  (compiling source file '../../../NovaForge/Client/App/src/characters/equipment_attachment_system.cpp')
  
  fps_hand_system.cpp
  AtlasSessionService.vcxproj -> C:\GIT PROJECTS\MasterRepoRefactor\Build\Services\AtlasSessionService\Debug\AtlasSessionService.lib
  AtlasUI.vcxproj -> C:\GIT PROJECTS\MasterRepoRefactor\Build\Atlas\UI\Debug\AtlasUI.lib
  AtlasAssetService.vcxproj -> C:\GIT PROJECTS\MasterRepoRefactor\Build\Services\AtlasAssetService\Debug\AtlasAssetService.lib
  BridgeTypesCompileTest.vcxproj -> C:\GIT PROJECTS\MasterRepoRefactor\Build\Tests\BuildVerification\Debug\BridgeTypesCompileTest.exe
  AtlasTelemetryService.vcxproj -> C:\GIT PROJECTS\MasterRepoRefactor\Build\Services\AtlasTelemetryService\Debug\AtlasTelemetryService.lib
C:\GIT PROJECTS\MasterRepoRefactor\NovaForge\UI\src\Widgets\HUDLayer.cpp(29,47): error C2084: function 'const std::vector<novaforge::ui::HUDAlertMessage,std::allocator<novaforge::ui::HUDAlertMessage>> &novaforge::ui::HUDLayer::GetAlerts(void) const' already has a body [C:\GIT PROJECTS\MasterRepoRefactor\Build\NovaForge\UI\NovaForgeUI.vcxproj]
      C:\GIT PROJECTS\MasterRepoRefactor\NovaForge\UI\include\Widgets\HUDLayer.h(57,41):
      see previous definition of 'GetAlerts'
  
C:\GIT PROJECTS\MasterRepoRefactor\NovaForge\Client\App\include\characters\fps_hand_system.h(4,10): error C1083: Cannot open include file: 'glm/glm.hpp': No such file or directory [C:\GIT PROJECTS\MasterRepoRefactor\Build\NovaForge\Client\NovaForgeClient.vcxproj]
  (compiling source file '../../../NovaForge/Client/App/src/characters/fps_hand_system.cpp')
  
  application.cpp
  InventoryScreen.cpp
  AtlasBuildService.vcxproj -> C:\GIT PROJECTS\MasterRepoRefactor\Build\Services\AtlasBuildService\Debug\AtlasBuildService.lib
  InputManager.cpp
  DataRegistry.cpp
  Building Custom Rule C:/GIT PROJECTS/MasterRepoRefactor/Tests/Tooling/CMakeLists.txt
  Generating Code...
  services_compile_test.cpp
  NovaForgeSave.vcxproj -> C:\GIT PROJECTS\MasterRepoRefactor\Build\NovaForge\Save\Debug\NovaForgeSave.lib
C:\GIT PROJECTS\MasterRepoRefactor\NovaForge\Client\App\include\core\application.h(6,10): error C1083: Cannot open include file: 'glm/glm.hpp': No such file or directory [C:\GIT PROJECTS\MasterRepoRefactor\Build\NovaForge\Client\NovaForgeClient.vcxproj]
  (compiling source file '../../../NovaForge/Client/App/src/core/application.cpp')
  
  application_entities.cpp
  ContractBoardUI.cpp
  InputContextManager.cpp
C:\GIT PROJECTS\MasterRepoRefactor\NovaForge\Client\App\include\core\application.h(6,10): error C1083: Cannot open include file: 'glm/glm.hpp': No such file or directory [C:\GIT PROJECTS\MasterRepoRefactor\Build\NovaForge\Client\NovaForgeClient.vcxproj]
  (compiling source file '../../../NovaForge/Client/App/src/core/application_entities.cpp')
  
  application_input.cpp
  ServicesCompileTest.vcxproj -> C:\GIT PROJECTS\MasterRepoRefactor\Build\Tests\Tooling\Debug\ServicesCompileTest.exe
  StationTerminalUI.cpp
  AssetNamingRules.cpp
C:\GIT PROJECTS\MasterRepoRefactor\NovaForge\Client\App\include\core\application.h(6,10): error C1083: Cannot open include file: 'glm/glm.hpp': No such file or directory [C:\GIT PROJECTS\MasterRepoRefactor\Build\NovaForge\Client\NovaForgeClient.vcxproj]
  (compiling source file '../../../NovaForge/Client/App/src/core/application_input.cpp')
  
  application_movement.cpp
C:\GIT PROJECTS\MasterRepoRefactor\NovaForge\Client\App\include\core\application.h(6,10): error C1083: Cannot open include file: 'glm/glm.hpp': No such file or directory [C:\GIT PROJECTS\MasterRepoRefactor\Build\NovaForge\Client\NovaForgeClient.vcxproj]
  (compiling source file '../../../NovaForge/Client/App/src/core/application_movement.cpp')
  
  application_rendering.cpp
  FleetProgressionPanel.cpp
  DevOverlayState.cpp
  AssetImportValidator.cpp
C:\GIT PROJECTS\MasterRepoRefactor\NovaForge\Client\App\include\core\application.h(6,10): error C1083: Cannot open include file: 'glm/glm.hpp': No such file or directory [C:\GIT PROJECTS\MasterRepoRefactor\Build\NovaForge\Client\NovaForgeClient.vcxproj]
  (compiling source file '../../../NovaForge/Client/App/src/core/application_rendering.cpp')
  
  application_state.cpp
  PhysicsWorld.cpp
  Generating Code...
  ComponentRegistry.cpp
C:\GIT PROJECTS\MasterRepoRefactor\NovaForge\Client\App\include\core\application.h(6,10): error C1083: Cannot open include file: 'glm/glm.hpp': No such file or directory [C:\GIT PROJECTS\MasterRepoRefactor\Build\NovaForge\Client\NovaForgeClient.vcxproj]
  (compiling source file '../../../NovaForge/Client/App/src/core/application_state.cpp')
  
  embedded_server.cpp
  PhysicsExtensions.cpp
C:\GIT PROJECTS\MasterRepoRefactor\Atlas\Engine\Physics\PhysicsExtensions.cpp(65,12): error C2220: the following warning is treated as an error [C:\GIT PROJECTS\MasterRepoRefactor\Build\Atlas\Engine\AtlasEngine.vcxproj]
C:\GIT PROJECTS\MasterRepoRefactor\Atlas\Engine\Physics\PhysicsExtensions.cpp(65,12): warning C4189: 'count': local variable is initialized but not referenced [C:\GIT PROJECTS\MasterRepoRefactor\Build\Atlas\Engine\AtlasEngine.vcxproj]
  EntityRegistry.cpp
  AudioEngine.cpp
  AudioSystem.cpp
  VerticalSliceBootstrap.cpp
  entity.cpp
C:\GIT PROJECTS\MasterRepoRefactor\NovaForge\Client\App\include\core\entity.h(4,10): error C1083: Cannot open include file: 'glm/glm.hpp': No such file or directory [C:\GIT PROJECTS\MasterRepoRefactor\Build\NovaForge\Client\NovaForgeClient.vcxproj]
  (compiling source file '../../../NovaForge/Client/App/src/core/entity.cpp')
  
  entity_manager.cpp
C:\Program Files\Microsoft Visual Studio\2022\Community\VC\Tools\MSVC\14.38.33130\include\utility(466,10): error C2079: 'std::pair<const uint64_t,std::array<float,3>>::second' uses undefined class 'std::array<float,3>' [C:\GIT PROJECTS\MasterRepoRefactor\Build\Atlas\Engine\AtlasEngine.vcxproj]
  (compiling source file '../../../Atlas/Engine/Audio/AudioSystem.cpp')
      C:\Program Files\Microsoft Visual Studio\2022\Community\VC\Tools\MSVC\14.38.33130\include\utility(466,10):
      the template instantiation context (the oldest one first) is
          C:\GIT PROJECTS\MasterRepoRefactor\Atlas\Engine\Audio\AudioSystem.cpp(37,13):
          see reference to class template instantiation 'std::pair<const uint64_t,std::array<float,3>>' being compiled
  
C:\GIT PROJECTS\MasterRepoRefactor\Atlas\Engine\Audio\AudioSystem.cpp(39,37): error C2109: subscript requires array or pointer type [C:\GIT PROJECTS\MasterRepoRefactor\Build\Atlas\Engine\AtlasEngine.vcxproj]
C:\GIT PROJECTS\MasterRepoRefactor\Atlas\Engine\Audio\AudioSystem.cpp(40,37): error C2109: subscript requires array or pointer type [C:\GIT PROJECTS\MasterRepoRefactor\Build\Atlas\Engine\AtlasEngine.vcxproj]
C:\GIT PROJECTS\MasterRepoRefactor\Atlas\Engine\Audio\AudioSystem.cpp(41,37): error C2109: subscript requires array or pointer type [C:\GIT PROJECTS\MasterRepoRefactor\Build\Atlas\Engine\AtlasEngine.vcxproj]
C:\GIT PROJECTS\MasterRepoRefactor\Atlas\Engine\Audio\AudioSystem.cpp(178,34): error C2582: 'operator =' function is unavailable in 'std::array<float,3>' [C:\GIT PROJECTS\MasterRepoRefactor\Build\Atlas\Engine\AtlasEngine.vcxproj]
  NetSession.cpp
C:\Program Files\Microsoft Visual Studio\2022\Community\VC\Tools\MSVC\14.38.33130\include\memory(3169,27): error C2027: use of undefined type 'IntegrationCoordinator' [C:\GIT PROJECTS\MasterRepoRefactor\Build\NovaForge\Server\NovaForgeServer.vcxproj]
  (compiling source file '../../../NovaForge/Server/Source/Game/VerticalSliceBootstrap.cpp')
      C:\GIT PROJECTS\MasterRepoRefactor\NovaForge\Server\Source\Core\GameOrchestrator.h(9,7):
      see declaration of 'IntegrationCoordinator'
      C:\Program Files\Microsoft Visual Studio\2022\Community\VC\Tools\MSVC\14.38.33130\include\memory(3169,27):
      the template instantiation context (the oldest one first) is
          C:\GIT PROJECTS\MasterRepoRefactor\NovaForge\Server\Source\Core\GameOrchestrator.h(26,45):
          see reference to class template instantiation 'std::unique_ptr<IntegrationCoordinator,std::default_delete<IntegrationCoordinator>>' being compiled
          C:\Program Files\Microsoft Visual Studio\2022\Community\VC\Tools\MSVC\14.38.33130\include\memory(3205,66):
          see reference to class template instantiation 'std::default_delete<IntegrationCoordinator>' being compiled
          C:\Program Files\Microsoft Visual Studio\2022\Community\VC\Tools\MSVC\14.38.33130\include\memory(3168,23):
          while compiling class template member function 'void std::default_delete<IntegrationCoordinator>::operator ()(_Ty *) noexcept const'
          with
          [
              _Ty=IntegrationCoordinator
          ]
              C:\Program Files\Microsoft Visual Studio\2022\Community\VC\Tools\MSVC\14.38.33130\include\memory(3280,33):
              see the first reference to 'std::default_delete<IntegrationCoordinator>::operator ()' in 'std::unique_ptr<IntegrationCoordinator,std::default_delete<IntegrationCoordinator>>::~unique_ptr'
              C:\GIT PROJECTS\MasterRepoRefactor\NovaForge\Server\Source\Core\GameOrchestrator.h(28,1):
              see the first reference to 'std::unique_ptr<IntegrationCoordinator,std::default_delete<IntegrationCoordinator>>::~unique_ptr' in 'GameOrchestrator::GameOrchestrator'
  
C:\Program Files\Microsoft Visual Studio\2022\Community\VC\Tools\MSVC\14.38.33130\include\memory(3169,25): error C2338: static_assert failed: 'can't delete an incomplete type' [C:\GIT PROJECTS\MasterRepoRefactor\Build\NovaForge\Server\NovaForgeServer.vcxproj]
  (compiling source file '../../../NovaForge/Server/Source/Game/VerticalSliceBootstrap.cpp')
  
C:\Program Files\Microsoft Visual Studio\2022\Community\VC\Tools\MSVC\14.38.33130\include\memory(3170,9): warning C4150: deletion of pointer to incomplete type 'IntegrationCoordinator'; no destructor called [C:\GIT PROJECTS\MasterRepoRefactor\Build\NovaForge\Server\NovaForgeServer.vcxproj]
  (compiling source file '../../../NovaForge/Server/Source/Game/VerticalSliceBootstrap.cpp')
      C:\GIT PROJECTS\MasterRepoRefactor\NovaForge\Server\Source\Core\GameOrchestrator.h(9,7):
      see declaration of 'IntegrationCoordinator'
  
  AirlockController.cpp
C:\GIT PROJECTS\MasterRepoRefactor\NovaForge\Client\App\include\core\entity.h(4,10): error C1083: Cannot open include file: 'glm/glm.hpp': No such file or directory [C:\GIT PROJECTS\MasterRepoRefactor\Build\NovaForge\Client\NovaForgeClient.vcxproj]
  (compiling source file '../../../NovaForge/Client/App/src/core/entity_manager.cpp')
  
  entity_message_parser.cpp
C:\GIT PROJECTS\MasterRepoRefactor\NovaForge\Client\App\include\core\entity.h(4,10): error C1083: Cannot open include file: 'glm/glm.hpp': No such file or directory [C:\GIT PROJECTS\MasterRepoRefactor\Build\NovaForge\Client\NovaForgeClient.vcxproj]
  (compiling source file '../../../NovaForge/Client/App/src/core/entity_message_parser.cpp')
  
  file_logger.cpp
  ScriptingVM.cpp
  AnomalySystem.cpp
C:\GIT PROJECTS\MasterRepoRefactor\NovaForge\Client\App\src\core\file_logger.cpp(32,24): error C2220: the following warning is treated as an error [C:\GIT PROJECTS\MasterRepoRefactor\Build\NovaForge\Client\NovaForgeClient.vcxproj]
C:\GIT PROJECTS\MasterRepoRefactor\NovaForge\Client\App\src\core\file_logger.cpp(32,24): warning C4996: 'localtime': This function or variable may be unsafe. Consider using localtime_s instead. To disable deprecation, use _CRT_SECURE_NO_WARNINGS. See online help for details. [C:\GIT PROJECTS\MasterRepoRefactor\Build\NovaForge\Client\NovaForgeClient.vcxproj]
C:\GIT PROJECTS\MasterRepoRefactor\NovaForge\Client\App\src\core\file_logger.cpp(76,28): warning C4996: 'localtime': This function or variable may be unsafe. Consider using localtime_s instead. To disable deprecation, use _CRT_SECURE_NO_WARNINGS. See online help for details. [C:\GIT PROJECTS\MasterRepoRefactor\Build\NovaForge\Client\NovaForgeClient.vcxproj]
C:\GIT PROJECTS\MasterRepoRefactor\NovaForge\Client\App\src\core\file_logger.cpp(91,28): warning C4996: 'localtime': This function or variable may be unsafe. Consider using localtime_s instead. To disable deprecation, use _CRT_SECURE_NO_WARNINGS. See online help for details. [C:\GIT PROJECTS\MasterRepoRefactor\Build\NovaForge\Client\NovaForgeClient.vcxproj]
  ContractBoardSystem.cpp
  game_client.cpp
  KeybindConfig.cpp
C:\GIT PROJECTS\MasterRepoRefactor\NovaForge\Client\App\include\core\entity.h(4,10): error C1083: Cannot open include file: 'glm/glm.hpp': No such file or directory [C:\GIT PROJECTS\MasterRepoRefactor\Build\NovaForge\Client\NovaForgeClient.vcxproj]
  (compiling source file '../../../NovaForge/Client/App/src/core/game_client.cpp')
  
  session_manager.cpp
  CraftingSystem.cpp
  SaveLoadExtensions.cpp
C:\GIT PROJECTS\MasterRepoRefactor\NovaForge\Server\Source\Gameplay\CraftingSystem.cpp(21,32): error C2039: 'FindRecipeDefinition': is not a member of 'DataRegistry' [C:\GIT PROJECTS\MasterRepoRefactor\Build\NovaForge\Server\NovaForgeServer.vcxproj]
      C:\GIT PROJECTS\MasterRepoRefactor\NovaForge\Server\Source\Gameplay\InventorySystem.h(7,7):
      see declaration of 'DataRegistry'
  
C:\GIT PROJECTS\MasterRepoRefactor\NovaForge\Server\Source\Gameplay\CraftingSystem.cpp(22,10): error C3536: 'Recipe': cannot be used before it is initialized [C:\GIT PROJECTS\MasterRepoRefactor\Build\NovaForge\Server\NovaForgeServer.vcxproj]
C:\GIT PROJECTS\MasterRepoRefactor\NovaForge\Server\Source\Gameplay\CraftingSystem.cpp(28,5): error C2530: 'Input': references must be initialized [C:\GIT PROJECTS\MasterRepoRefactor\Build\NovaForge\Server\NovaForgeServer.vcxproj]
C:\GIT PROJECTS\MasterRepoRefactor\NovaForge\Server\Source\Gameplay\CraftingSystem.cpp(28,5): error C3531: 'Input': a symbol whose type contains 'auto' must have an initializer [C:\GIT PROJECTS\MasterRepoRefactor\Build\NovaForge\Server\NovaForgeServer.vcxproj]
C:\GIT PROJECTS\MasterRepoRefactor\NovaForge\Server\Source\Gameplay\CraftingSystem.cpp(28,28): error C2143: syntax error: missing ';' before ':' [C:\GIT PROJECTS\MasterRepoRefactor\Build\NovaForge\Server\NovaForgeServer.vcxproj]
C:\GIT PROJECTS\MasterRepoRefactor\NovaForge\Server\Source\Gameplay\CraftingSystem.cpp(28,44): error C2143: syntax error: missing ';' before ')' [C:\GIT PROJECTS\MasterRepoRefactor\Build\NovaForge\Server\NovaForgeServer.vcxproj]
C:\GIT PROJECTS\MasterRepoRefactor\NovaForge\Server\Source\Gameplay\CraftingSystem.cpp(30,23): error C2660: 'InventorySystem::HasItem': function does not take 1 arguments [C:\GIT PROJECTS\MasterRepoRefactor\Build\NovaForge\Server\NovaForgeServer.vcxproj]
      C:\GIT PROJECTS\MasterRepoRefactor\NovaForge\Server\Source\Gameplay\InventorySystem.h(16,10):
      see declaration of 'InventorySystem::HasItem'
      C:\GIT PROJECTS\MasterRepoRefactor\NovaForge\Server\Source\Gameplay\CraftingSystem.cpp(30,23):
      while trying to match the argument list '()'
  
C:\GIT PROJECTS\MasterRepoRefactor\NovaForge\Server\Source\Gameplay\CraftingSystem.cpp(37,5): error C2530: 'Input': references must be initialized [C:\GIT PROJECTS\MasterRepoRefactor\Build\NovaForge\Server\NovaForgeServer.vcxproj]
C:\GIT PROJECTS\MasterRepoRefactor\NovaForge\Server\Source\Gameplay\CraftingSystem.cpp(37,5): error C3531: 'Input': a symbol whose type contains 'auto' must have an initializer [C:\GIT PROJECTS\MasterRepoRefactor\Build\NovaForge\Server\NovaForgeServer.vcxproj]
C:\GIT PROJECTS\MasterRepoRefactor\NovaForge\Server\Source\Gameplay\CraftingSystem.cpp(37,28): error C2143: syntax error: missing ';' before ':' [C:\GIT PROJECTS\MasterRepoRefactor\Build\NovaForge\Server\NovaForgeServer.vcxproj]
C:\GIT PROJECTS\MasterRepoRefactor\NovaForge\Server\Source\Gameplay\CraftingSystem.cpp(37,44): error C2143: syntax error: missing ';' before ')' [C:\GIT PROJECTS\MasterRepoRefactor\Build\NovaForge\Server\NovaForgeServer.vcxproj]
C:\GIT PROJECTS\MasterRepoRefactor\NovaForge\Server\Source\Gameplay\CraftingSystem.cpp(39,18): error C2660: 'InventorySystem::RemoveItem': function does not take 1 arguments [C:\GIT PROJECTS\MasterRepoRefactor\Build\NovaForge\Server\NovaForgeServer.vcxproj]
      C:\GIT PROJECTS\MasterRepoRefactor\NovaForge\Server\Source\Gameplay\InventorySystem.h(15,10):
      see declaration of 'InventorySystem::RemoveItem'
      C:\GIT PROJECTS\MasterRepoRefactor\NovaForge\Server\Source\Gameplay\CraftingSystem.cpp(39,18):
      while trying to match the argument list '()'
  
C:\GIT PROJECTS\MasterRepoRefactor\NovaForge\Server\Source\Gameplay\CraftingSystem.cpp(42,5): error C2530: 'Output': references must be initialized [C:\GIT PROJECTS\MasterRepoRefactor\Build\NovaForge\Server\NovaForgeServer.vcxproj]
C:\GIT PROJECTS\MasterRepoRefactor\NovaForge\Server\Source\Gameplay\CraftingSystem.cpp(42,5): error C3531: 'Output': a symbol whose type contains 'auto' must have an initializer [C:\GIT PROJECTS\MasterRepoRefactor\Build\NovaForge\Server\NovaForgeServer.vcxproj]
C:\GIT PROJECTS\MasterRepoRefactor\NovaForge\Server\Source\Gameplay\CraftingSystem.cpp(42,29): error C2143: syntax error: missing ';' before ':' [C:\GIT PROJECTS\MasterRepoRefactor\Build\NovaForge\Server\NovaForgeServer.vcxproj]
C:\GIT PROJECTS\MasterRepoRefactor\NovaForge\Server\Source\Gameplay\CraftingSystem.cpp(42,46): error C2143: syntax error: missing ';' before ')' [C:\GIT PROJECTS\MasterRepoRefactor\Build\NovaForge\Server\NovaForgeServer.vcxproj]
C:\GIT PROJECTS\MasterRepoRefactor\NovaForge\Server\Source\Gameplay\CraftingSystem.cpp(44,18): error C2660: 'InventorySystem::AddItem': function does not take 1 arguments [C:\GIT PROJECTS\MasterRepoRefactor\Build\NovaForge\Server\NovaForgeServer.vcxproj]
      C:\GIT PROJECTS\MasterRepoRefactor\NovaForge\Server\Source\Gameplay\InventorySystem.h(14,10):
      see declaration of 'InventorySystem::AddItem'
      C:\GIT PROJECTS\MasterRepoRefactor\NovaForge\Server\Source\Gameplay\CraftingSystem.cpp(44,18):
      while trying to match the argument list '()'
  
  EVAMovementController.cpp
  AssetImportRules.cpp
  EVATransitionController.cpp
C:\GIT PROJECTS\MasterRepoRefactor\NovaForge\Client\App\src\core\session_manager.cpp(200,37): error C2220: the following warning is treated as an error [C:\GIT PROJECTS\MasterRepoRefactor\Build\NovaForge\Client\NovaForgeClient.vcxproj]
C:\GIT PROJECTS\MasterRepoRefactor\NovaForge\Client\App\src\core\session_manager.cpp(200,37): warning C4267: 'argument': conversion from 'size_t' to 'int', possible loss of data [C:\GIT PROJECTS\MasterRepoRefactor\Build\NovaForge\Client\NovaForgeClient.vcxproj]
C:\GIT PROJECTS\MasterRepoRefactor\NovaForge\Client\App\src\core\session_manager.cpp(222,37): warning C4996: 'inet_ntoa': Use inet_ntop() or InetNtop() instead or define _WINSOCK_DEPRECATED_NO_WARNINGS to disable deprecated API warnings [C:\GIT PROJECTS\MasterRepoRefactor\Build\NovaForge\Client\NovaForgeClient.vcxproj]
  ship_physics.cpp
C:\GIT PROJECTS\MasterRepoRefactor\NovaForge\Client\App\include\core\ship_physics.h(3,10): error C1083: Cannot open include file: 'glm/glm.hpp': No such file or directory [C:\GIT PROJECTS\MasterRepoRefactor\Build\NovaForge\Client\NovaForgeClient.vcxproj]
  (compiling source file '../../../NovaForge/Client/App/src/core/ship_physics.cpp')
  
  Generating Code...
  Compiling...
  solar_system_scene.cpp
C:\GIT PROJECTS\MasterRepoRefactor\NovaForge\Client\App\include\core\solar_system_scene.h(3,10): error C1083: Cannot open include file: 'glm/glm.hpp': No such file or directory [C:\GIT PROJECTS\MasterRepoRefactor\Build\NovaForge\Client\NovaForgeClient.vcxproj]
  (compiling source file '../../../NovaForge/Client/App/src/core/solar_system_scene.cpp')
  
  editor_command_bus.cpp
  EconomySystem.cpp
  PCGDeterminismEngine.cpp
  editor_event_bus.cpp
  EndgameGateSystem.cpp
C:\GIT PROJECTS\MasterRepoRefactor\Atlas\Engine\PCG\PCGDeterminismEngine.cpp(260,32): error C2511: 'uint64_t atlas::pcg::PCGDeterminismEngine::AutoAssignSeed(const std::string &) const': overloaded member function not found in 'atlas::pcg::PCGDeterminismEngine' [C:\GIT PROJECTS\MasterRepoRefactor\Build\Atlas\Engine\AtlasEngine.vcxproj]
      C:\GIT PROJECTS\MasterRepoRefactor\Atlas\Engine\PCG\PCGDeterminismEngine.h(121,7):
      see declaration of 'atlas::pcg::PCGDeterminismEngine'
  
C:\GIT PROJECTS\MasterRepoRefactor\Atlas\Engine\PCG\PCGDeterminismEngine.cpp(266,12): error C2597: illegal reference to non-static member 'atlas::pcg::PCGDeterminismEngine::m_masterSeed' [C:\GIT PROJECTS\MasterRepoRefactor\Build\Atlas\Engine\AtlasEngine.vcxproj]
      C:\GIT PROJECTS\MasterRepoRefactor\Atlas\Engine\PCG\PCGDeterminismEngine.cpp(266,12):
      see declaration of 'atlas::pcg::PCGDeterminismEngine::m_masterSeed'
  
C:\GIT PROJECTS\MasterRepoRefactor\Atlas\Engine\PCG\PCGDeterminismEngine.cpp(266,12): error C3867: 'atlas::pcg::PCGDeterminismEngine::m_masterSeed': non-standard syntax; use '&' to create a pointer to member [C:\GIT PROJECTS\MasterRepoRefactor\Build\Atlas\Engine\AtlasEngine.vcxproj]
C:\GIT PROJECTS\MasterRepoRefactor\Atlas\Engine\PCG\PCGDeterminismEngine.cpp(266,12): error C2568: '^': unable to resolve function overload [C:\GIT PROJECTS\MasterRepoRefactor\Build\Atlas\Engine\AtlasEngine.vcxproj]
C:\GIT PROJECTS\MasterRepoRefactor\Atlas\Engine\PCG\PCGDeterminismEngine.cpp(273,38): error C2662: 'uint64_t atlas::pcg::PCGDeterminismEngine::AutoAssignSeed(const std::string &)': cannot convert 'this' pointer from 'const atlas::pcg::PCGDeterminismEngine' to 'atlas::pcg::PCGDeterminismEngine &' [C:\GIT PROJECTS\MasterRepoRefactor\Build\Atlas\Engine\AtlasEngine.vcxproj]
      C:\GIT PROJECTS\MasterRepoRefactor\Atlas\Engine\PCG\PCGDeterminismEngine.cpp(273,38):
      Conversion loses qualifiers
      C:\GIT PROJECTS\MasterRepoRefactor\Atlas\Engine\PCG\PCGDeterminismEngine.h(157,23):
      see declaration of 'atlas::pcg::PCGDeterminismEngine::AutoAssignSeed'
      C:\GIT PROJECTS\MasterRepoRefactor\Atlas\Engine\PCG\PCGDeterminismEngine.cpp(273,38):
      while trying to match the argument list '(const std::string)'
  
C:\GIT PROJECTS\MasterRepoRefactor\Atlas\Engine\PCG\PCGDeterminismEngine.cpp(284,23): error C2662: 'uint64_t atlas::pcg::PCGDeterminismEngine::AutoAssignSeed(const std::string &)': cannot convert 'this' pointer from 'const atlas::pcg::PCGDeterminismEngine' to 'atlas::pcg::PCGDeterminismEngine &' [C:\GIT PROJECTS\MasterRepoRefactor\Build\Atlas\Engine\AtlasEngine.vcxproj]
      C:\GIT PROJECTS\MasterRepoRefactor\Atlas\Engine\PCG\PCGDeterminismEngine.cpp(284,23):
      Conversion loses qualifiers
      C:\GIT PROJECTS\MasterRepoRefactor\Atlas\Engine\PCG\PCGDeterminismEngine.h(157,23):
      see declaration of 'atlas::pcg::PCGDeterminismEngine::AutoAssignSeed'
      C:\GIT PROJECTS\MasterRepoRefactor\Atlas\Engine\PCG\PCGDeterminismEngine.cpp(284,23):
      while trying to match the argument list '(const std::string)'
  
  SchemaVersionRegistry.cpp
  editor_tool_layer.cpp
  scene_bookmark_manager.cpp
  SurvivalController.cpp
  SceneNode.cpp
  FactionSystem.cpp
  SceneGraph.cpp
  FleetSystem.cpp
  undoable_command_bus.cpp
  Generating Code...
  network_manager.cpp
  GameplayManager.cpp
  Compiling...
  SceneManager.cpp
C:\GIT PROJECTS\MasterRepoRefactor\NovaForge\Server\Source\Gameplay\GameplayManager.cpp(14,27): error C4430: missing type specifier - int assumed. Note: C++ does not support default-int [C:\GIT PROJECTS\MasterRepoRefactor\Build\NovaForge\Server\NovaForgeServer.vcxproj]
C:\GIT PROJECTS\MasterRepoRefactor\NovaForge\Server\Source\Gameplay\GameplayManager.cpp(14,27): error C2143: syntax error: missing ';' before '*' [C:\GIT PROJECTS\MasterRepoRefactor\Build\NovaForge\Server\NovaForgeServer.vcxproj]
C:\GIT PROJECTS\MasterRepoRefactor\NovaForge\Server\Source\Gameplay\GameplayManager.cpp(14,29): error C2065: 'PlayerDef': undeclared identifier [C:\GIT PROJECTS\MasterRepoRefactor\Build\NovaForge\Server\NovaForgeServer.vcxproj]
C:\GIT PROJECTS\MasterRepoRefactor\NovaForge\Server\Source\Gameplay\GameplayManager.cpp(14,56): error C2039: 'FindPlayerDefinition': is not a member of 'DataRegistry' [C:\GIT PROJECTS\MasterRepoRefactor\Build\NovaForge\Server\NovaForgeServer.vcxproj]
      C:\GIT PROJECTS\MasterRepoRefactor\NovaForge\Server\Source\Gameplay\MissionSystem.h(7,7):
      see declaration of 'DataRegistry'
  
C:\GIT PROJECTS\MasterRepoRefactor\NovaForge\Server\Source\Gameplay\GameplayManager.cpp(15,34): error C2065: 'PlayerDef': undeclared identifier [C:\GIT PROJECTS\MasterRepoRefactor\Build\NovaForge\Server\NovaForgeServer.vcxproj]
C:\GIT PROJECTS\MasterRepoRefactor\NovaForge\Server\Source\Gameplay\GameplayManager.cpp(15,46): error C2065: 'PlayerDef': undeclared identifier [C:\GIT PROJECTS\MasterRepoRefactor\Build\NovaForge\Server\NovaForgeServer.vcxproj]
C:\GIT PROJECTS\MasterRepoRefactor\NovaForge\Server\Source\Gameplay\GameplayManager.cpp(16,37): error C2065: 'PlayerDef': undeclared identifier [C:\GIT PROJECTS\MasterRepoRefactor\Build\NovaForge\Server\NovaForgeServer.vcxproj]
C:\GIT PROJECTS\MasterRepoRefactor\NovaForge\Server\Source\Gameplay\GameplayManager.cpp(16,49): error C2065: 'PlayerDef': undeclared identifier [C:\GIT PROJECTS\MasterRepoRefactor\Build\NovaForge\Server\NovaForgeServer.vcxproj]
C:\GIT PROJECTS\MasterRepoRefactor\NovaForge\Server\Source\Gameplay\GameplayManager.cpp(49,9): error C2065: 'PlayerDef': undeclared identifier [C:\GIT PROJECTS\MasterRepoRefactor\Build\NovaForge\Server\NovaForgeServer.vcxproj]
C:\GIT PROJECTS\MasterRepoRefactor\NovaForge\Server\Source\Gameplay\GameplayManager.cpp(51,37): error C2065: 'PlayerDef': undeclared identifier [C:\GIT PROJECTS\MasterRepoRefactor\Build\NovaForge\Server\NovaForgeServer.vcxproj]
C:\GIT PROJECTS\MasterRepoRefactor\NovaForge\Server\Source\Gameplay\GameplayManager.cpp(51,9): error C2530: 'SeedItem': references must be initialized [C:\GIT PROJECTS\MasterRepoRefactor\Build\NovaForge\Server\NovaForgeServer.vcxproj]
C:\GIT PROJECTS\MasterRepoRefactor\NovaForge\Server\Source\Gameplay\GameplayManager.cpp(51,9): error C3531: 'SeedItem': a symbol whose type contains 'auto' must have an initializer [C:\GIT PROJECTS\MasterRepoRefactor\Build\NovaForge\Server\NovaForgeServer.vcxproj]
C:\GIT PROJECTS\MasterRepoRefactor\NovaForge\Server\Source\Gameplay\GameplayManager.cpp(51,35): error C2143: syntax error: missing ';' before ':' [C:\GIT PROJECTS\MasterRepoRefactor\Build\NovaForge\Server\NovaForgeServer.vcxproj]
C:\GIT PROJECTS\MasterRepoRefactor\NovaForge\Server\Source\Gameplay\GameplayManager.cpp(51,60): error C2143: syntax error: missing ';' before ')' [C:\GIT PROJECTS\MasterRepoRefactor\Build\NovaForge\Server\NovaForgeServer.vcxproj]
C:\GIT PROJECTS\MasterRepoRefactor\NovaForge\Server\Source\Gameplay\GameplayManager.cpp(53,22): error C2660: 'InventorySystem::AddItem': function does not take 1 arguments [C:\GIT PROJECTS\MasterRepoRefactor\Build\NovaForge\Server\NovaForgeServer.vcxproj]
      C:\GIT PROJECTS\MasterRepoRefactor\NovaForge\Server\Source\Gameplay\InventorySystem.h(14,10):
      see declaration of 'InventorySystem::AddItem'
      C:\GIT PROJECTS\MasterRepoRefactor\NovaForge\Server\Source\Gameplay\GameplayManager.cpp(53,22):
      while trying to match the argument list '()'
  
C:\GIT PROJECTS\MasterRepoRefactor\NovaForge\Server\Source\Gameplay\GameplayManager.cpp(56,38): error C2065: 'PlayerDef': undeclared identifier [C:\GIT PROJECTS\MasterRepoRefactor\Build\NovaForge\Server\NovaForgeServer.vcxproj]
C:\GIT PROJECTS\MasterRepoRefactor\NovaForge\Server\Source\Gameplay\GameplayManager.cpp(56,9): error C2530: 'MissionId': references must be initialized [C:\GIT PROJECTS\MasterRepoRefactor\Build\NovaForge\Server\NovaForgeServer.vcxproj]
C:\GIT PROJECTS\MasterRepoRefactor\NovaForge\Server\Source\Gameplay\GameplayManager.cpp(56,9): error C3531: 'MissionId': a symbol whose type contains 'auto' must have an initializer [C:\GIT PROJECTS\MasterRepoRefactor\Build\NovaForge\Server\NovaForgeServer.vcxproj]
C:\GIT PROJECTS\MasterRepoRefactor\NovaForge\Server\Source\Gameplay\GameplayManager.cpp(56,36): error C2143: syntax error: missing ';' before ':' [C:\GIT PROJECTS\MasterRepoRefactor\Build\NovaForge\Server\NovaForgeServer.vcxproj]
C:\GIT PROJECTS\MasterRepoRefactor\NovaForge\Server\Source\Gameplay\GameplayManager.cpp(56,64): error C2143: syntax error: missing ';' before ')' [C:\GIT PROJECTS\MasterRepoRefactor\Build\NovaForge\Server\NovaForgeServer.vcxproj]
C:\GIT PROJECTS\MasterRepoRefactor\NovaForge\Server\Source\Gameplay\GameplayManager.cpp(58,21): error C2664: 'bool MissionSystem::AcceptMission(const std::string &)': cannot convert argument 1 from 'int' to 'const std::string &' [C:\GIT PROJECTS\MasterRepoRefactor\Build\NovaForge\Server\NovaForgeServer.vcxproj]
      C:\GIT PROJECTS\MasterRepoRefactor\NovaForge\Server\Source\Gameplay\GameplayManager.cpp(58,37):
      Reason: cannot convert from 'int' to 'const std::string'
      C:\GIT PROJECTS\MasterRepoRefactor\NovaForge\Server\Source\Gameplay\GameplayManager.cpp(58,37):
      'std::basic_string<char,std::char_traits<char>,std::allocator<char>>::basic_string': no overloaded function could convert all the argument types
          C:\Program Files\Microsoft Visual Studio\2022\Community\VC\Tools\MSVC\14.38.33130\include\xstring(2545,5):
          could be 'std::basic_string<char,std::char_traits<char>,std::allocator<char>>::basic_string(const _Elem *const )'
          with
          [
              _Elem=char
          ]
              C:\GIT PROJECTS\MasterRepoRefactor\NovaForge\Server\Source\Gameplay\GameplayManager.cpp(58,37):
              'std::basic_string<char,std::char_traits<char>,std::allocator<char>>::basic_string(const _Elem *const )': cannot convert argument 1 from 'int' to 'const _Elem *const '
          with
          [
              _Elem=char
          ]
                  C:\GIT PROJECTS\MasterRepoRefactor\NovaForge\Server\Source\Gameplay\GameplayManager.cpp(58,37):
                  Conversion from integral type to pointer type requires reinterpret_cast, C-style cast or parenthesized function-style cast
          C:\Program Files\Microsoft Visual Studio\2022\Community\VC\Tools\MSVC\14.38.33130\include\xstring(3092,5):
          or       'std::basic_string<char,std::char_traits<char>,std::allocator<char>>::basic_string(std::initializer_list<_Elem>,const _Alloc &)'
          with
          [
              _Elem=char,
              _Alloc=std::allocator<char>
          ]
              C:\GIT PROJECTS\MasterRepoRefactor\NovaForge\Server\Source\Gameplay\GameplayManager.cpp(58,37):
              'std::basic_string<char,std::char_traits<char>,std::allocator<char>>::basic_string(std::initializer_list<_Elem>,const _Alloc &)': cannot convert argument 1 from 'int' to 'std::initializer_list<_Elem>'
          with
          [
              _Elem=char,
              _Alloc=std::allocator<char>
          ]
          and
          [
              _Elem=char
          ]
                  C:\GIT PROJECTS\MasterRepoRefactor\NovaForge\Server\Source\Gameplay\GameplayManager.cpp(58,37):
                  Conversion requires a second user-defined-conversion operator or constructor
          C:\Program Files\Microsoft Visual Studio\2022\Community\VC\Tools\MSVC\14.38.33130\include\xstring(2909,5):
          or       'std::basic_string<char,std::char_traits<char>,std::allocator<char>>::basic_string(const _Ty &,const unsigned __int64,const unsigned __int64,const _Alloc &)'
          with
          [
              _Alloc=std::allocator<char>
          ]
          C:\Program Files\Microsoft Visual Studio\2022\Community\VC\Tools\MSVC\14.38.33130\include\xstring(2575,5):
          or       'std::basic_string<char,std::char_traits<char>,std::allocator<char>>::basic_string(_Iter,_Iter,const _Alloc &)'
          with
          [
              _Alloc=std::allocator<char>
          ]
          C:\Program Files\Microsoft Visual Studio\2022\Community\VC\Tools\MSVC\14.38.33130\include\xstring(2569,5):
          or       'std::basic_string<char,std::char_traits<char>,std::allocator<char>>::basic_string(const unsigned __int64,const _Elem,const _Alloc &)'
          with
          [
              _Elem=char,
              _Alloc=std::allocator<char>
          ]
          C:\Program Files\Microsoft Visual Studio\2022\Community\VC\Tools\MSVC\14.38.33130\include\xstring(2552,5):
          or       'std::basic_string<char,std::char_traits<char>,std::allocator<char>>::basic_string(const _Elem *const ,const _Alloc &)'
          with
          [
              _Elem=char,
              _Alloc=std::allocator<char>
          ]
          C:\GIT PROJECTS\MasterRepoRefactor\NovaForge\Server\Source\Gameplay\GameplayManager.cpp(58,37):
          while trying to match the argument list '(int)'
      C:\GIT PROJECTS\MasterRepoRefactor\NovaForge\Server\Source\Gameplay\MissionSystem.h(14,10):
      see declaration of 'MissionSystem::AcceptMission'
      C:\GIT PROJECTS\MasterRepoRefactor\NovaForge\Server\Source\Gameplay\GameplayManager.cpp(58,21):
      while trying to match the argument list '(int)'
  
  Generating Code...
C:\GIT PROJECTS\MasterRepoRefactor\NovaForge\Client\App\src\network\network_manager.cpp(2,10): error C1083: Cannot open include file: 'nlohmann/json.hpp': No such file or directory [C:\GIT PROJECTS\MasterRepoRefactor\Build\NovaForge\Client\NovaForgeClient.vcxproj]
  protocol_handler.cpp
  Generating Code...
  Compiling...
  GameplaySessionController.cpp
C:\GIT PROJECTS\MasterRepoRefactor\NovaForge\Client\App\src\network\protocol_handler.cpp(2,10): error C1083: Cannot open include file: 'nlohmann/json.hpp': No such file or directory [C:\GIT PROJECTS\MasterRepoRefactor\Build\NovaForge\Client\NovaForgeClient.vcxproj]
  tcp_client.cpp
C:\GIT PROJECTS\MasterRepoRefactor\NovaForge\Server\Source\Gameplay\GameplaySessionController.cpp(21,43): error C2039: 'ToggleOverlay': is not a member of 'ToolingSubsystem' [C:\GIT PROJECTS\MasterRepoRefactor\Build\NovaForge\Server\NovaForgeServer.vcxproj]
      C:\GIT PROJECTS\MasterRepoRefactor\NovaForge\Server\Source\Tooling\ToolingSubsystem.h(3,7):
      see declaration of 'ToolingSubsystem'
  
  ExteriorInteractionSystem.cpp
  InteractionSystem.cpp
  asteroid_field_renderer.cpp
C:\GIT PROJECTS\MasterRepoRefactor\NovaForge\Client\App\include\rendering\asteroid_field_renderer.h(3,10): error C1083: Cannot open include file: 'glm/glm.hpp': No such file or directory [C:\GIT PROJECTS\MasterRepoRefactor\Build\NovaForge\Client\NovaForgeClient.vcxproj]
  (compiling source file '../../../NovaForge/Client/App/src/rendering/asteroid_field_renderer.cpp')
  
  camera.cpp
C:\GIT PROJECTS\MasterRepoRefactor\NovaForge\Client\App\include\rendering\camera.h(3,10): error C1083: Cannot open include file: 'glm/glm.hpp': No such file or directory [C:\GIT PROJECTS\MasterRepoRefactor\Build\NovaForge\Client\NovaForgeClient.vcxproj]
  (compiling source file '../../../NovaForge/Client/App/src/rendering/camera.cpp')
  
  damage_effect_helper.cpp
C:\GIT PROJECTS\MasterRepoRefactor\NovaForge\Client\App\include\rendering\damage_effect_helper.h(3,10): error C1083: Cannot open include file: 'glm/glm.hpp': No such file or directory [C:\GIT PROJECTS\MasterRepoRefactor\Build\NovaForge\Client\NovaForgeClient.vcxproj]
  (compiling source file '../../../NovaForge/Client/App/src/rendering/damage_effect_helper.cpp')
  
  frustum_culler.cpp
C:\GIT PROJECTS\MasterRepoRefactor\NovaForge\Client\App\include\rendering\frustum_culler.h(3,10): error C1083: Cannot open include file: 'glm/glm.hpp': No such file or directory [C:\GIT PROJECTS\MasterRepoRefactor\Build\NovaForge\Client\NovaForgeClient.vcxproj]
  (compiling source file '../../../NovaForge/Client/App/src/rendering/frustum_culler.cpp')
  
  gbuffer.cpp
C:\GIT PROJECTS\MasterRepoRefactor\NovaForge\Client\App\include\rendering\gbuffer.h(3,10): error C1083: Cannot open include file: 'GL/glew.h': No such file or directory [C:\GIT PROJECTS\MasterRepoRefactor\Build\NovaForge\Client\NovaForgeClient.vcxproj]
  (compiling source file '../../../NovaForge/Client/App/src/rendering/gbuffer.cpp')
  
  healthbar_renderer.cpp
C:\GIT PROJECTS\MasterRepoRefactor\NovaForge\Client\App\include\rendering\healthbar_renderer.h(3,10): error C1083: Cannot open include file: 'glm/glm.hpp': No such file or directory [C:\GIT PROJECTS\MasterRepoRefactor\Build\NovaForge\Client\NovaForgeClient.vcxproj]
  (compiling source file '../../../NovaForge/Client/App/src/rendering/healthbar_renderer.cpp')
  
  instanced_renderer.cpp
C:\GIT PROJECTS\MasterRepoRefactor\NovaForge\Client\App\include\rendering\instanced_renderer.h(3,10): error C1083: Cannot open include file: 'glm/glm.hpp': No such file or directory [C:\GIT PROJECTS\MasterRepoRefactor\Build\NovaForge\Client\NovaForgeClient.vcxproj]
  (compiling source file '../../../NovaForge/Client/App/src/rendering/instanced_renderer.cpp')
  
  lighting.cpp
C:\GIT PROJECTS\MasterRepoRefactor\NovaForge\Client\App\include\rendering\lighting.h(3,10): error C1083: Cannot open include file: 'glm/glm.hpp': No such file or directory [C:\GIT PROJECTS\MasterRepoRefactor\Build\NovaForge\Client\NovaForgeClient.vcxproj]
  (compiling source file '../../../NovaForge/Client/App/src/rendering/lighting.cpp')
  
  lod_manager.cpp
C:\GIT PROJECTS\MasterRepoRefactor\NovaForge\Client\App\include\rendering\lod_manager.h(3,10): error C1083: Cannot open include file: 'glm/glm.hpp': No such file or directory [C:\GIT PROJECTS\MasterRepoRefactor\Build\NovaForge\Client\NovaForgeClient.vcxproj]
  (compiling source file '../../../NovaForge/Client/App/src/rendering/lod_manager.cpp')
  
  mesh.cpp
  InteriorInteractionSystem.cpp
C:\GIT PROJECTS\MasterRepoRefactor\NovaForge\Client\App\include\rendering\mesh.h(4,10): error C1083: Cannot open include file: 'glm/glm.hpp': No such file or directory [C:\GIT PROJECTS\MasterRepoRefactor\Build\NovaForge\Client\NovaForgeClient.vcxproj]
  (compiling source file '../../../NovaForge/Client/App/src/rendering/mesh.cpp')
  
  model.cpp
  InventorySystem.cpp
C:\GIT PROJECTS\MasterRepoRefactor\NovaForge\Client\App\include\rendering\model.h(7,10): error C1083: Cannot open include file: 'glm/glm.hpp': No such file or directory [C:\GIT PROJECTS\MasterRepoRefactor\Build\NovaForge\Client\NovaForgeClient.vcxproj]
  (compiling source file '../../../NovaForge/Client/App/src/rendering/model.cpp')
  
  Generating Code...
  Compiling...
  particle_system.cpp
C:\GIT PROJECTS\MasterRepoRefactor\NovaForge\Server\Source\Gameplay\InventorySystem.cpp(14,25): error C2039: 'FindItemDefinition': is not a member of 'DataRegistry' [C:\GIT PROJECTS\MasterRepoRefactor\Build\NovaForge\Server\NovaForgeServer.vcxproj]
      C:\GIT PROJECTS\MasterRepoRefactor\NovaForge\Server\Source\Data\DataRegistry.h(7,7):
      see declaration of 'DataRegistry'
  
  ManufacturingSystem.cpp
C:\GIT PROJECTS\MasterRepoRefactor\NovaForge\Client\App\include\rendering\particle_system.h(5,10): error C1083: Cannot open include file: 'glm/glm.hpp': No such file or directory [C:\GIT PROJECTS\MasterRepoRefactor\Build\NovaForge\Client\NovaForgeClient.vcxproj]
  (compiling source file '../../../NovaForge/Client/App/src/rendering/particle_system.cpp')
  
  pbr_materials.cpp
C:\GIT PROJECTS\MasterRepoRefactor\NovaForge\Client\App\include\rendering\pbr_materials.h(3,10): error C1083: Cannot open include file: 'glm/glm.hpp': No such file or directory [C:\GIT PROJECTS\MasterRepoRefactor\Build\NovaForge\Client\NovaForgeClient.vcxproj]
  (compiling source file '../../../NovaForge/Client/App/src/rendering/pbr_materials.cpp')
  
  post_processing.cpp
C:\GIT PROJECTS\MasterRepoRefactor\NovaForge\Client\App\include\rendering\post_processing.h(3,10): error C1083: Cannot open include file: 'GL/glew.h': No such file or directory [C:\GIT PROJECTS\MasterRepoRefactor\Build\NovaForge\Client\NovaForgeClient.vcxproj]
  (compiling source file '../../../NovaForge/Client/App/src/rendering/post_processing.cpp')
  
  procedural_mesh_ops.cpp
C:\GIT PROJECTS\MasterRepoRefactor\NovaForge\Client\App\include\rendering\procedural_mesh_ops.h(6,10): error C1083: Cannot open include file: 'glm/glm.hpp': No such file or directory [C:\GIT PROJECTS\MasterRepoRefactor\Build\NovaForge\Client\NovaForgeClient.vcxproj]
  (compiling source file '../../../NovaForge/Client/App/src/rendering/procedural_mesh_ops.cpp')
  
  procedural_ship_generator.cpp
  MetaProgressionSystem.cpp
C:\GIT PROJECTS\MasterRepoRefactor\NovaForge\Client\App\include\rendering\procedural_ship_generator.h(7,10): error C1083: Cannot open include file: 'glm/glm.hpp': No such file or directory [C:\GIT PROJECTS\MasterRepoRefactor\Build\NovaForge\Client\NovaForgeClient.vcxproj]
  (compiling source file '../../../NovaForge/Client/App/src/rendering/procedural_ship_generator.cpp')
  
  reference_model_analyzer.cpp
  MiningSystem.cpp
C:\GIT PROJECTS\MasterRepoRefactor\NovaForge\Client\App\include\rendering\reference_model_analyzer.h(6,10): error C1083: Cannot open include file: 'glm/glm.hpp': No such file or directory [C:\GIT PROJECTS\MasterRepoRefactor\Build\NovaForge\Client\NovaForgeClient.vcxproj]
  (compiling source file '../../../NovaForge/Client/App/src/rendering/reference_model_analyzer.cpp')
  
  renderer.cpp
C:\GIT PROJECTS\MasterRepoRefactor\NovaForge\Client\App\include\rendering\renderer.h(7,10): error C1083: Cannot open include file: 'glm/glm.hpp': No such file or directory [C:\GIT PROJECTS\MasterRepoRefactor\Build\NovaForge\Client\NovaForgeClient.vcxproj]
  (compiling source file '../../../NovaForge/Client/App/src/rendering/renderer.cpp')
  
  resolution_manager.cpp
  MissionSystem.cpp
C:\GIT PROJECTS\MasterRepoRefactor\NovaForge\Client\App\include\rendering\resolution_manager.h(3,10): error C1083: Cannot open include file: 'glm/glm.hpp': No such file or directory [C:\GIT PROJECTS\MasterRepoRefactor\Build\NovaForge\Client\NovaForgeClient.vcxproj]
  (compiling source file '../../../NovaForge/Client/App/src/rendering/resolution_manager.cpp')
  
  shader.cpp
C:\GIT PROJECTS\MasterRepoRefactor\NovaForge\Client\App\include\rendering\shader.h(4,10): error C1083: Cannot open include file: 'glm/glm.hpp': No such file or directory [C:\GIT PROJECTS\MasterRepoRefactor\Build\NovaForge\Client\NovaForgeClient.vcxproj]
  (compiling source file '../../../NovaForge/Client/App/src/rendering/shader.cpp')
  
  shadow_map.cpp
C:\GIT PROJECTS\MasterRepoRefactor\NovaForge\Client\App\include\rendering\shadow_map.h(3,10): error C1083: Cannot open include file: 'GL/glew.h': No such file or directory [C:\GIT PROJECTS\MasterRepoRefactor\Build\NovaForge\Client\NovaForgeClient.vcxproj]
  (compiling source file '../../../NovaForge/Client/App/src/rendering/shadow_map.cpp')
  
  ship_generation_rules.cpp
C:\GIT PROJECTS\MasterRepoRefactor\NovaForge\Server\Source\Gameplay\MissionSystem.cpp(14,25): error C2039: 'FindMissionDefinition': is not a member of 'DataRegistry' [C:\GIT PROJECTS\MasterRepoRefactor\Build\NovaForge\Server\NovaForgeServer.vcxproj]
      C:\GIT PROJECTS\MasterRepoRefactor\NovaForge\Server\Source\Data\DataRegistry.h(7,7):
      see declaration of 'DataRegistry'
  
  PlayerController.cpp
C:\GIT PROJECTS\MasterRepoRefactor\NovaForge\Client\App\include\rendering\ship_generation_rules.h(7,10): error C1083: Cannot open include file: 'glm/glm.hpp': No such file or directory [C:\GIT PROJECTS\MasterRepoRefactor\Build\NovaForge\Client\NovaForgeClient.vcxproj]
  (compiling source file '../../../NovaForge/Client/App/src/rendering/ship_generation_rules.cpp')
  
  ship_part_library.cpp
C:\GIT PROJECTS\MasterRepoRefactor\NovaForge\Client\App\include\rendering\ship_part_library.h(7,10): error C1083: Cannot open include file: 'glm/glm.hpp': No such file or directory [C:\GIT PROJECTS\MasterRepoRefactor\Build\NovaForge\Client\NovaForgeClient.vcxproj]
  (compiling source file '../../../NovaForge/Client/App/src/rendering/ship_part_library.cpp')
  
  station_renderer.cpp
C:\GIT PROJECTS\MasterRepoRefactor\NovaForge\Client\App\include\rendering\station_renderer.h(3,10): error C1083: Cannot open include file: 'glm/glm.hpp': No such file or directory [C:\GIT PROJECTS\MasterRepoRefactor\Build\NovaForge\Client\NovaForgeClient.vcxproj]
  (compiling source file '../../../NovaForge/Client/App/src/rendering/station_renderer.cpp')
  
  texture.cpp
  ProgressionSystem.cpp
C:\GIT PROJECTS\MasterRepoRefactor\NovaForge\Client\App\src\rendering\texture.cpp(2,10): error C1083: Cannot open include file: 'GL/glew.h': No such file or directory [C:\GIT PROJECTS\MasterRepoRefactor\Build\NovaForge\Client\NovaForgeClient.vcxproj]
  visual_effects.cpp
C:\GIT PROJECTS\MasterRepoRefactor\NovaForge\Client\App\include\rendering\visual_effects.h(3,10): error C1083: Cannot open include file: 'glm/glm.hpp': No such file or directory [C:\GIT PROJECTS\MasterRepoRefactor\Build\NovaForge\Client\NovaForgeClient.vcxproj]
  (compiling source file '../../../NovaForge/Client/App/src/rendering/visual_effects.cpp')
  
  warp_effect_renderer.cpp
  SalvageSystem.cpp
C:\GIT PROJECTS\MasterRepoRefactor\NovaForge\Client\App\include\rendering\warp_effect_renderer.h(5,10): error C1083: Cannot open include file: 'glm/glm.hpp': No such file or directory [C:\GIT PROJECTS\MasterRepoRefactor\Build\NovaForge\Client\NovaForgeClient.vcxproj]
  (compiling source file '../../../NovaForge/Client/App/src/rendering/warp_effect_renderer.cpp')
  
  window.cpp
C:\GIT PROJECTS\MasterRepoRefactor\NovaForge\Client\App\src\rendering\window.cpp(2,10): error C1083: Cannot open include file: 'GL/glew.h': No such file or directory [C:\GIT PROJECTS\MasterRepoRefactor\Build\NovaForge\Client\NovaForgeClient.vcxproj]
  atlas_console.cpp
  SeasonResetSystem.cpp
  SectorSystem.cpp
C:\Program Files\Microsoft Visual Studio\2022\Community\VC\Tools\MSVC\14.38.33130\include\algorithm(3456,24): error C2220: the following warning is treated as an error [C:\GIT PROJECTS\MasterRepoRefactor\Build\NovaForge\Client\NovaForgeClient.vcxproj]
  (compiling source file '../../../NovaForge/Client/App/src/ui/atlas/atlas_console.cpp')
  
C:\Program Files\Microsoft Visual Studio\2022\Community\VC\Tools\MSVC\14.38.33130\include\algorithm(3456,24): warning C4244: '=': conversion from 'int' to 'char', possible loss of data [C:\GIT PROJECTS\MasterRepoRefactor\Build\NovaForge\Client\NovaForgeClient.vcxproj]
  (compiling source file '../../../NovaForge/Client/App/src/ui/atlas/atlas_console.cpp')
      C:\Program Files\Microsoft Visual Studio\2022\Community\VC\Tools\MSVC\14.38.33130\include\algorithm(3456,24):
      the template instantiation context (the oldest one first) is
          C:\GIT PROJECTS\MasterRepoRefactor\NovaForge\Client\App\src\ui\atlas\atlas_console.cpp(322,10):
          see reference to function template instantiation '_OutIt std::transform<std::_String_iterator<std::_String_val<std::_Simple_types<_Elem>>>,std::_String_iterator<std::_String_val<std::_Simple_types<_Elem>>>,atlas::AtlasConsole::executeCommand::<lambda_1>>(const _InIt,const _InIt,_OutIt,_Fn)' being compiled
          with
          [
              _OutIt=std::_String_iterator<std::_String_val<std::_Simple_types<char>>>,
              _Elem=char,
              _InIt=std::_String_iterator<std::_String_val<std::_Simple_types<char>>>,
              _Fn=atlas::AtlasConsole::executeCommand::<lambda_1>
          ]
  
  atlas_context.cpp
  ServiceTerminalSystem.cpp
  ShipInteriorShell.cpp
  atlas_hud.cpp
  ShipProgressionSystem.cpp
C:\GIT PROJECTS\MasterRepoRefactor\NovaForge\Client\App\src\ui\atlas\atlas_hud.cpp(1388,11): error C2220: the following warning is treated as an error [C:\GIT PROJECTS\MasterRepoRefactor\Build\NovaForge\Client\NovaForgeClient.vcxproj]
C:\GIT PROJECTS\MasterRepoRefactor\NovaForge\Client\App\src\ui\atlas\atlas_hud.cpp(1388,11): warning C4189: 'r': local variable is initialized but not referenced [C:\GIT PROJECTS\MasterRepoRefactor\Build\NovaForge\Client\NovaForgeClient.vcxproj]
  StationServiceSystem.cpp
  Generating Code...
  Compiling...
  atlas_pause_menu.cpp
  atlas_renderer.cpp
  StorageSystem.cpp
  TetherController.cpp
C:\GIT PROJECTS\MasterRepoRefactor\NovaForge\Client\App\src\ui\atlas\atlas_renderer.cpp(728,11): error C2220: the following warning is treated as an error [C:\GIT PROJECTS\MasterRepoRefactor\Build\NovaForge\Client\NovaForgeClient.vcxproj]
C:\GIT PROJECTS\MasterRepoRefactor\NovaForge\Client\App\src\ui\atlas\atlas_renderer.cpp(728,11): warning C4189: 'atlasH': local variable is initialized but not referenced [C:\GIT PROJECTS\MasterRepoRefactor\Build\NovaForge\Client\NovaForgeClient.vcxproj]
  atlas_title_screen.cpp
  Generating Code...
C:\GIT PROJECTS\MasterRepoRefactor\NovaForge\Client\App\src\ui\atlas\atlas_title_screen.cpp(3,10): error C1083: Cannot open include file: 'GLFW/glfw3.h': No such file or directory [C:\GIT PROJECTS\MasterRepoRefactor\Build\NovaForge\Client\NovaForgeClient.vcxproj]
  atlas_widgets.cpp
  atlas_widgets_cards.cpp
  Compiling...
  TitanConstructionSystem.cpp
  atlas_widgets_effects.cpp
  TradeSystem.cpp
  atlas_widgets_forms.cpp
  UpgradeSystem.cpp
  atlas_widgets_hud.cpp
  WarSystem.cpp
C:\GIT PROJECTS\MasterRepoRefactor\NovaForge\Client\App\src\ui\atlas\atlas_widgets_hud.cpp(259,11): error C2220: the following warning is treated as an error [C:\GIT PROJECTS\MasterRepoRefactor\Build\NovaForge\Client\NovaForgeClient.vcxproj]
C:\GIT PROJECTS\MasterRepoRefactor\NovaForge\Client\App\src\ui\atlas\atlas_widgets_hud.cpp(259,11): warning C4189: 'totalH': local variable is initialized but not referenced [C:\GIT PROJECTS\MasterRepoRefactor\Build\NovaForge\Client\NovaForgeClient.vcxproj]
  atlas_widgets_lists.cpp
  WorldSimController.cpp
  atlas_widgets_menus.cpp
  atlas_widgets_panels.cpp
  InputConfig.cpp
C:\GIT PROJECTS\MasterRepoRefactor\NovaForge\Client\App\src\ui\atlas\atlas_widgets_panels.cpp(313,27): error C2220: the following warning is treated as an error [C:\GIT PROJECTS\MasterRepoRefactor\Build\NovaForge\Client\NovaForgeClient.vcxproj]
C:\GIT PROJECTS\MasterRepoRefactor\NovaForge\Client\App\src\ui\atlas\atlas_widgets_panels.cpp(313,27): warning C4456: declaration of 'leftEdge' hides previous local declaration [C:\GIT PROJECTS\MasterRepoRefactor\Build\NovaForge\Client\NovaForgeClient.vcxproj]
      C:\GIT PROJECTS\MasterRepoRefactor\NovaForge\Client\App\src\ui\atlas\atlas_widgets_panels.cpp(272,14):
      see declaration of 'leftEdge'
  
  InputRouter.cpp
  atlas_widgets_sidebar.cpp
  IntegrationCoordinator.cpp
  context_menu.cpp
  AIBridgeAdapter.cpp
  entity_picker.cpp
C:\GIT PROJECTS\MasterRepoRefactor\NovaForge\Client\App\include\ui\entity_picker.h(3,10): error C1083: Cannot open include file: 'glm/glm.hpp': No such file or directory [C:\GIT PROJECTS\MasterRepoRefactor\Build\NovaForge\Client\NovaForgeClient.vcxproj]
  (compiling source file '../../../NovaForge/Client/App/src/ui/entity_picker.cpp')
  
  input_handler.cpp
  TaskParserBridge.cpp
C:\GIT PROJECTS\MasterRepoRefactor\NovaForge\Client\App\src\ui\input_handler.cpp(2,10): error C1083: Cannot open include file: 'GLFW/glfw3.h': No such file or directory [C:\GIT PROJECTS\MasterRepoRefactor\Build\NovaForge\Client\NovaForgeClient.vcxproj]
  layout_manager.cpp
  LegacySourceClassifier.cpp
  DataConversionUtils.cpp
  radial_menu.cpp
  FactionAdapter.cpp
  ItemAdapter.cpp
C:\GIT PROJECTS\MasterRepoRefactor\NovaForge\Client\App\src\ui\radial_menu.cpp(341,11): error C2220: the following warning is treated as an error [C:\GIT PROJECTS\MasterRepoRefactor\Build\NovaForge\Client\NovaForgeClient.vcxproj]
C:\GIT PROJECTS\MasterRepoRefactor\NovaForge\Client\App\src\ui\radial_menu.cpp(341,11): warning C4189: 'pi2': local variable is initialized but not referenced [C:\GIT PROJECTS\MasterRepoRefactor\Build\NovaForge\Client\NovaForgeClient.vcxproj]
  rml_ui_manager.cpp
  LegacyDataAdapter.cpp
C:\GIT PROJECTS\MasterRepoRefactor\NovaForge\Client\App\include\ui\rml_ui_manager.h(21,10): error C1083: Cannot open include file: 'glm/glm.hpp': No such file or directory [C:\GIT PROJECTS\MasterRepoRefactor\Build\NovaForge\Client\NovaForgeClient.vcxproj]
  (compiling source file '../../../NovaForge/Client/App/src/ui/rml_ui_manager.cpp')
  
  star_map.cpp
C:\GIT PROJECTS\MasterRepoRefactor\NovaForge\Client\App\include\ui\star_map.h(3,10): error C1083: Cannot open include file: 'glm/glm.hpp': No such file or directory [C:\GIT PROJECTS\MasterRepoRefactor\Build\NovaForge\Client\NovaForgeClient.vcxproj]
  (compiling source file '../../../NovaForge/Client/App/src/ui/star_map.cpp')
  
  Generating Code...
  MissionAdapter.cpp
  ModuleAdapter.cpp
  NovaForgeIngestionManifest.cpp
  RecipeAdapter.cpp
  CraftingBridgeAdapter.cpp
  Generating Code...
  Compiling...
  InteractionBridgeAdapter.cpp
  InventoryBridgeAdapter.cpp
  ToolingBridgeAdapter.cpp
  WorkspaceBridgeAdapter.cpp
  ModuleRegistry.cpp
  ModuleSubsystem.cpp
  AsteroidFieldGenerator.cpp
  DerelictGenerator.cpp
  Renderer.cpp
C:\GIT PROJECTS\MasterRepoRefactor\NovaForge\Server\Source\Rendering\Renderer.cpp(18,39): error C2662: 'VoxelSubsystem &World::GetVoxelSubsystem(void)': cannot convert 'this' pointer from 'const World' to 'World &' [C:\GIT PROJECTS\MasterRepoRefactor\Build\NovaForge\Server\NovaForgeServer.vcxproj]
      C:\GIT PROJECTS\MasterRepoRefactor\NovaForge\Server\Source\Rendering\Renderer.cpp(18,32):
      Conversion loses qualifiers
      C:\GIT PROJECTS\MasterRepoRefactor\NovaForge\Server\Source\World\World.h(24,21):
      see declaration of 'World::GetVoxelSubsystem'
      C:\GIT PROJECTS\MasterRepoRefactor\NovaForge\Server\Source\Rendering\Renderer.cpp(18,39):
      while trying to match the argument list '()'
  
C:\GIT PROJECTS\MasterRepoRefactor\NovaForge\Server\Source\Rendering\Renderer.cpp(19,40): error C2662: 'ModuleSubsystem &World::GetModuleSubsystem(void)': cannot convert 'this' pointer from 'const World' to 'World &' [C:\GIT PROJECTS\MasterRepoRefactor\Build\NovaForge\Server\NovaForgeServer.vcxproj]
      C:\GIT PROJECTS\MasterRepoRefactor\NovaForge\Server\Source\Rendering\Renderer.cpp(19,33):
      Conversion loses qualifiers
      C:\GIT PROJECTS\MasterRepoRefactor\NovaForge\Server\Source\World\World.h(25,22):
      see declaration of 'World::GetModuleSubsystem'
      C:\GIT PROJECTS\MasterRepoRefactor\NovaForge\Server\Source\Rendering\Renderer.cpp(19,40):
      while trying to match the argument list '()'
  
  SaveManager.cpp
  ToolingSubsystem.cpp
  RuntimeHUDController.cpp
  RuntimeHUDRenderer.cpp
  RuntimeUIHooks.cpp
  VerticalSliceUI.cpp
  StructureRegistry.cpp
  VoxelSubsystem.cpp
  SystemScheduler.cpp
  World.cpp
  Generating Code...
